{"D:\\AI-F\\AI-f\\ui\\react-app\\public\\src\\AIAssistant.tsx": {"path":"D:\\AI-F\\AI-f\\ui\\react-app\\public\\src\\AIAssistant.tsx","statementMap":{"0":{"start":{"line":1,"column":0},"end":{"line":1,"column":51}},"1":{"start":{"line":2,"column":0},"end":{"line":2,"column":26}},"2":{"start":{"line":3,"column":0},"end":{"line":3,"column":107}},"3":{"start":{"line":4,"column":0},"end":{"line":4,"column":53}},"4":{"start":{"line":12,"column":20},"end":{"line":155,"column":1}},"5":{"start":{"line":13,"column":30},"end":{"line":13,"column":42}},"6":{"start":{"line":14,"column":44},"end":{"line":14,"column":67}},"7":{"start":{"line":15,"column":34},"end":{"line":15,"column":49}},"8":{"start":{"line":16,"column":30},"end":{"line":16,"column":42}},"9":{"start":{"line":18,"column":25},"end":{"line":43,"column":5}},"10":{"start":{"line":19,"column":8},"end":{"line":19,"column":27}},"11":{"start":{"line":20,"column":8},"end":{"line":20,"column":34}},"12":{"start":{"line":20,"column":27},"end":{"line":20,"column":34}},"13":{"start":{"line":22,"column":8},"end":{"line":22,"column":25}},"14":{"start":{"line":23,"column":8},"end":{"line":23,"column":21}},"15":{"start":{"line":26,"column":37},"end":{"line":26,"column":69}},"16":{"start":{"line":27,"column":8},"end":{"line":27,"column":56}},"17":{"start":{"line":27,"column":32},"end":{"line":27,"column":54}},"18":{"start":{"line":29,"column":8},"end":{"line":41,"column":null}},"19":{"start":{"line":30,"column":29},"end":{"line":30,"column":77}},"20":{"start":{"line":31,"column":39},"end":{"line":35,"column":14}},"21":{"start":{"line":36,"column":12},"end":{"line":36,"column":58}},"22":{"start":{"line":36,"column":36},"end":{"line":36,"column":56}},"23":{"start":{"line":37,"column":12},"end":{"line":37,"column":25}},"24":{"start":{"line":39,"column":12},"end":{"line":39,"column":56}},"25":{"start":{"line":40,"column":12},"end":{"line":40,"column":69}},"26":{"start":{"line":42,"column":8},"end":{"line":42,"column":26}},"27":{"start":{"line":45,"column":4},"end":{"line":154,"column":6}},"28":{"start":{"line":67,"column":24},"end":{"line":83,"column":null}},"29":{"start":{"line":106,"column":41},"end":{"line":106,"column":65}},"30":{"start":{"line":141,"column":24},"end":{"line":148,"column":null}},"31":{"start":{"line":145,"column":43},"end":{"line":145,"column":61}},"32":{"start":{"line":157,"column":0},"end":{"line":157,"column":27}}},"fnMap":{"0":{"name":"(anonymous_7)","decl":{"start":{"line":12,"column":20},"end":{"line":12,"column":23}},"loc":{"start":{"line":12,"column":25},"end":{"line":155,"column":1}}},"1":{"name":"(anonymous_8)","decl":{"start":{"line":18,"column":25},"end":{"line":18,"column":30}},"loc":{"start":{"line":18,"column":48},"end":{"line":43,"column":5}}},"2":{"name":"(anonymous_9)","decl":{"start":{"line":27,"column":24},"end":{"line":27,"column":28}},"loc":{"start":{"line":27,"column":32},"end":{"line":27,"column":54}}},"3":{"name":"(anonymous_10)","decl":{"start":{"line":36,"column":28},"end":{"line":36,"column":32}},"loc":{"start":{"line":36,"column":36},"end":{"line":36,"column":56}}},"4":{"name":"(anonymous_11)","decl":{"start":{"line":66,"column":37},"end":{"line":66,"column":38}},"loc":{"start":{"line":67,"column":24},"end":{"line":83,"column":null}}},"5":{"name":"(anonymous_12)","decl":{"start":{"line":106,"column":34},"end":{"line":106,"column":35}},"loc":{"start":{"line":106,"column":41},"end":{"line":106,"column":65}}},"6":{"name":"(anonymous_13)","decl":{"start":{"line":140,"column":26},"end":{"line":140,"column":27}},"loc":{"start":{"line":141,"column":24},"end":{"line":148,"column":null}}},"7":{"name":"(anonymous_14)","decl":{"start":{"line":145,"column":37},"end":{"line":145,"column":40}},"loc":{"start":{"line":145,"column":43},"end":{"line":145,"column":61}}}},"branchMap":{"0":{"loc":{"start":{"line":20,"column":8},"end":{"line":20,"column":34}},"type":"if","locations":[{"start":{"line":20,"column":8},"end":{"line":20,"column":34}},{"start":{},"end":{}}]},"1":{"loc":{"start":{"line":57,"column":17},"end":{"line":85,"column":null}},"type":"cond-expr","locations":[{"start":{"line":58,"column":20},"end":{"line":63,"column":null}},{"start":{"line":66,"column":20},"end":{"line":85,"column":22}}]},"2":{"loc":{"start":{"line":68,"column":83},"end":{"line":68,"column":130}},"type":"cond-expr","locations":[{"start":{"line":68,"column":109},"end":{"line":68,"column":118}},{"start":{"line":68,"column":121},"end":{"line":68,"column":130}}]},"3":{"loc":{"start":{"line":69,"column":33},"end":{"line":69,"column":77}},"type":"cond-expr","locations":[{"start":{"line":69,"column":59},"end":{"line":69,"column":62}},{"start":{"line":69,"column":65},"end":{"line":69,"column":77}}]},"4":{"loc":{"start":{"line":73,"column":37},"end":{"line":73,"column":85}},"type":"cond-expr","locations":[{"start":{"line":73,"column":63},"end":{"line":73,"column":68}},{"start":{"line":73,"column":71},"end":{"line":73,"column":85}}]},"5":{"loc":{"start":{"line":74,"column":37},"end":{"line":77,"column":null}},"type":"binary-expr","locations":[{"start":{"line":74,"column":37},"end":{"line":74,"column":50}},{"start":{"line":75,"column":40},"end":{"line":77,"column":null}}]},"6":{"loc":{"start":{"line":87,"column":17},"end":{"line":94,"column":null}},"type":"binary-expr","locations":[{"start":{"line":87,"column":17},"end":{"line":87,"column":24}},{"start":{"line":88,"column":20},"end":{"line":93,"column":null}}]},"7":{"loc":{"start":{"line":115,"column":34},"end":{"line":115,"column":58}},"type":"binary-expr","locations":[{"start":{"line":115,"column":34},"end":{"line":115,"column":41}},{"start":{"line":115,"column":45},"end":{"line":115,"column":58}}]},"8":{"loc":{"start":{"line":117,"column":35},"end":{"line":117,"column":86}},"type":"cond-expr","locations":[{"start":{"line":117,"column":45},"end":{"line":117,"column":75}},{"start":{"line":117,"column":78},"end":{"line":117,"column":86}}]},"9":{"loc":{"start":{"line":119,"column":25},"end":{"line":119,"column":53}},"type":"cond-expr","locations":[{"start":{"line":119,"column":35},"end":{"line":119,"column":44}},{"start":{"line":119,"column":47},"end":{"line":119,"column":53}}]},"10":{"loc":{"start":{"line":124,"column":13},"end":{"line":127,"column":null}},"type":"binary-expr","locations":[{"start":{"line":124,"column":13},"end":{"line":124,"column":18}},{"start":{"line":125,"column":16},"end":{"line":126,"column":null}}]}},"s":{"0":0,"1":0,"2":0,"3":0,"4":0,"5":0,"6":0,"7":0,"8":0,"9":0,"10":0,"11":0,"12":0,"13":0,"14":0,"15":0,"16":0,"17":0,"18":0,"19":0,"20":0,"21":0,"22":0,"23":0,"24":0,"25":0,"26":0,"27":0,"28":0,"29":0,"30":0,"31":0,"32":0},"f":{"0":0,"1":0,"2":0,"3":0,"4":0,"5":0,"6":0,"7":0},"b":{"0":[0,0],"1":[0,0],"2":[0,0],"3":[0,0],"4":[0,0],"5":[0,0],"6":[0,0],"7":[0,0],"8":[0,0],"9":[0,0],"10":[0,0]}}
,"D:\\AI-F\\AI-f\\ui\\react-app\\public\\src\\AdminDashboard.tsx": {"path":"D:\\AI-F\\AI-f\\ui\\react-app\\public\\src\\AdminDashboard.tsx","statementMap":{"0":{"start":{"line":1,"column":0},"end":{"line":1,"column":53}},"1":{"start":{"line":3,"column":0},"end":{"line":3,"column":26}},"2":{"start":{"line":4,"column":0},"end":{"line":4,"column":326}},"3":{"start":{"line":5,"column":0},"end":{"line":5,"column":37}},"4":{"start":{"line":6,"column":0},"end":{"line":6,"column":122}},"5":{"start":{"line":7,"column":0},"end":{"line":7,"column":183}},"6":{"start":{"line":10,"column":40},"end":{"line":948,"column":1}},"7":{"start":{"line":11,"column":36},"end":{"line":11,"column":48}},"8":{"start":{"line":12,"column":32},"end":{"line":12,"column":65}},"9":{"start":{"line":13,"column":34},"end":{"line":13,"column":64}},"10":{"start":{"line":14,"column":28},"end":{"line":14,"column":47}},"11":{"start":{"line":15,"column":34},"end":{"line":15,"column":49}},"12":{"start":{"line":16,"column":34},"end":{"line":16,"column":46}},"13":{"start":{"line":17,"column":36},"end":{"line":17,"column":97}},"14":{"start":{"line":18,"column":38},"end":{"line":18,"column":50}},"15":{"start":{"line":19,"column":34},"end":{"line":19,"column":46}},"16":{"start":{"line":20,"column":44},"end":{"line":20,"column":56}},"17":{"start":{"line":21,"column":44},"end":{"line":21,"column":67}},"18":{"start":{"line":22,"column":40},"end":{"line":22,"column":85}},"19":{"start":{"line":23,"column":58},"end":{"line":23,"column":70}},"20":{"start":{"line":24,"column":36},"end":{"line":24,"column":59}},"21":{"start":{"line":25,"column":34},"end":{"line":25,"column":56}},"22":{"start":{"line":26,"column":38},"end":{"line":26,"column":64}},"23":{"start":{"line":28,"column":24},"end":{"line":43,"column":5}},"24":{"start":{"line":29,"column":8},"end":{"line":29,"column":30}},"25":{"start":{"line":29,"column":23},"end":{"line":29,"column":30}},"26":{"start":{"line":30,"column":8},"end":{"line":30,"column":25}},"27":{"start":{"line":31,"column":8},"end":{"line":31,"column":23}},"28":{"start":{"line":32,"column":8},"end":{"line":41,"column":null}},"29":{"start":{"line":33,"column":29},"end":{"line":33,"column":78}},"30":{"start":{"line":34,"column":12},"end":{"line":34,"column":37}},"31":{"start":{"line":35,"column":12},"end":{"line":35,"column":54}},"32":{"start":{"line":36,"column":12},"end":{"line":36,"column":35}},"33":{"start":{"line":38,"column":12},"end":{"line":38,"column":52}},"34":{"start":{"line":39,"column":12},"end":{"line":39,"column":71}},"35":{"start":{"line":40,"column":12},"end":{"line":40,"column":33}},"36":{"start":{"line":42,"column":8},"end":{"line":42,"column":26}},"37":{"start":{"line":45,"column":25},"end":{"line":60,"column":5}},"38":{"start":{"line":46,"column":8},"end":{"line":46,"column":30}},"39":{"start":{"line":46,"column":23},"end":{"line":46,"column":30}},"40":{"start":{"line":47,"column":8},"end":{"line":47,"column":25}},"41":{"start":{"line":48,"column":8},"end":{"line":48,"column":23}},"42":{"start":{"line":49,"column":8},"end":{"line":58,"column":null}},"43":{"start":{"line":50,"column":12},"end":{"line":50,"column":65}},"44":{"start":{"line":51,"column":12},"end":{"line":51,"column":28}},"45":{"start":{"line":52,"column":12},"end":{"line":52,"column":54}},"46":{"start":{"line":53,"column":12},"end":{"line":53,"column":35}},"47":{"start":{"line":55,"column":12},"end":{"line":55,"column":53}},"48":{"start":{"line":56,"column":12},"end":{"line":56,"column":69}},"49":{"start":{"line":57,"column":12},"end":{"line":57,"column":33}},"50":{"start":{"line":59,"column":8},"end":{"line":59,"column":26}},"51":{"start":{"line":62,"column":25},"end":{"line":76,"column":5}},"52":{"start":{"line":63,"column":8},"end":{"line":63,"column":25}},"53":{"start":{"line":64,"column":8},"end":{"line":64,"column":23}},"54":{"start":{"line":65,"column":8},"end":{"line":74,"column":null}},"55":{"start":{"line":66,"column":29},"end":{"line":66,"column":66}},"56":{"start":{"line":67,"column":12},"end":{"line":67,"column":38}},"57":{"start":{"line":68,"column":12},"end":{"line":68,"column":55}},"58":{"start":{"line":69,"column":12},"end":{"line":69,"column":35}},"59":{"start":{"line":71,"column":12},"end":{"line":71,"column":53}},"60":{"start":{"line":72,"column":12},"end":{"line":72,"column":69}},"61":{"start":{"line":73,"column":12},"end":{"line":73,"column":33}},"62":{"start":{"line":75,"column":8},"end":{"line":75,"column":26}},"63":{"start":{"line":78,"column":22},"end":{"line":96,"column":5}},"64":{"start":{"line":79,"column":8},"end":{"line":79,"column":25}},"65":{"start":{"line":80,"column":8},"end":{"line":80,"column":23}},"66":{"start":{"line":81,"column":8},"end":{"line":94,"column":null}},"67":{"start":{"line":82,"column":51},"end":{"line":82,"column":53}},"68":{"start":{"line":83,"column":12},"end":{"line":83,"column":57}},"69":{"start":{"line":83,"column":27},"end":{"line":83,"column":57}},"70":{"start":{"line":84,"column":12},"end":{"line":84,"column":51}},"71":{"start":{"line":84,"column":25},"end":{"line":84,"column":51}},"72":{"start":{"line":85,"column":12},"end":{"line":85,"column":59}},"73":{"start":{"line":85,"column":30},"end":{"line":85,"column":59}},"74":{"start":{"line":86,"column":29},"end":{"line":86,"column":75}},"75":{"start":{"line":87,"column":12},"end":{"line":87,"column":40}},"76":{"start":{"line":88,"column":12},"end":{"line":88,"column":52}},"77":{"start":{"line":89,"column":12},"end":{"line":89,"column":35}},"78":{"start":{"line":91,"column":12},"end":{"line":91,"column":50}},"79":{"start":{"line":92,"column":12},"end":{"line":92,"column":66}},"80":{"start":{"line":93,"column":12},"end":{"line":93,"column":33}},"81":{"start":{"line":95,"column":8},"end":{"line":95,"column":26}},"82":{"start":{"line":98,"column":27},"end":{"line":101,"column":5}},"83":{"start":{"line":100,"column":8},"end":{"line":100,"column":69}},"84":{"start":{"line":103,"column":30},"end":{"line":117,"column":5}},"85":{"start":{"line":104,"column":8},"end":{"line":104,"column":25}},"86":{"start":{"line":105,"column":8},"end":{"line":105,"column":23}},"87":{"start":{"line":106,"column":8},"end":{"line":115,"column":null}},"88":{"start":{"line":107,"column":29},"end":{"line":107,"column":66}},"89":{"start":{"line":108,"column":12},"end":{"line":108,"column":52}},"90":{"start":{"line":109,"column":12},"end":{"line":109,"column":61}},"91":{"start":{"line":110,"column":12},"end":{"line":110,"column":35}},"92":{"start":{"line":112,"column":12},"end":{"line":112,"column":59}},"93":{"start":{"line":113,"column":12},"end":{"line":113,"column":75}},"94":{"start":{"line":114,"column":12},"end":{"line":114,"column":33}},"95":{"start":{"line":116,"column":8},"end":{"line":116,"column":26}},"96":{"start":{"line":119,"column":28},"end":{"line":133,"column":5}},"97":{"start":{"line":120,"column":8},"end":{"line":120,"column":25}},"98":{"start":{"line":121,"column":8},"end":{"line":121,"column":23}},"99":{"start":{"line":122,"column":8},"end":{"line":131,"column":null}},"100":{"start":{"line":123,"column":29},"end":{"line":123,"column":64}},"101":{"start":{"line":124,"column":12},"end":{"line":124,"column":41}},"102":{"start":{"line":125,"column":12},"end":{"line":125,"column":59}},"103":{"start":{"line":126,"column":12},"end":{"line":126,"column":35}},"104":{"start":{"line":128,"column":12},"end":{"line":128,"column":57}},"105":{"start":{"line":129,"column":12},"end":{"line":129,"column":73}},"106":{"start":{"line":130,"column":12},"end":{"line":130,"column":33}},"107":{"start":{"line":132,"column":8},"end":{"line":132,"column":26}},"108":{"start":{"line":135,"column":25},"end":{"line":149,"column":5}},"109":{"start":{"line":136,"column":8},"end":{"line":136,"column":25}},"110":{"start":{"line":137,"column":8},"end":{"line":137,"column":23}},"111":{"start":{"line":138,"column":8},"end":{"line":147,"column":null}},"112":{"start":{"line":139,"column":12},"end":{"line":139,"column":51}},"113":{"start":{"line":140,"column":12},"end":{"line":140,"column":65}},"114":{"start":{"line":141,"column":12},"end":{"line":141,"column":53}},"115":{"start":{"line":142,"column":12},"end":{"line":142,"column":35}},"116":{"start":{"line":144,"column":12},"end":{"line":144,"column":53}},"117":{"start":{"line":145,"column":12},"end":{"line":145,"column":69}},"118":{"start":{"line":146,"column":12},"end":{"line":146,"column":33}},"119":{"start":{"line":148,"column":8},"end":{"line":148,"column":26}},"120":{"start":{"line":151,"column":26},"end":{"line":165,"column":5}},"121":{"start":{"line":152,"column":8},"end":{"line":152,"column":25}},"122":{"start":{"line":153,"column":8},"end":{"line":153,"column":23}},"123":{"start":{"line":154,"column":8},"end":{"line":163,"column":null}},"124":{"start":{"line":155,"column":29},"end":{"line":155,"column":61}},"125":{"start":{"line":156,"column":12},"end":{"line":156,"column":39}},"126":{"start":{"line":157,"column":12},"end":{"line":157,"column":56}},"127":{"start":{"line":158,"column":12},"end":{"line":158,"column":35}},"128":{"start":{"line":160,"column":12},"end":{"line":160,"column":54}},"129":{"start":{"line":161,"column":12},"end":{"line":161,"column":70}},"130":{"start":{"line":162,"column":12},"end":{"line":162,"column":33}},"131":{"start":{"line":164,"column":8},"end":{"line":164,"column":26}},"132":{"start":{"line":167,"column":25},"end":{"line":181,"column":5}},"133":{"start":{"line":168,"column":8},"end":{"line":168,"column":25}},"134":{"start":{"line":169,"column":8},"end":{"line":169,"column":23}},"135":{"start":{"line":170,"column":8},"end":{"line":179,"column":null}},"136":{"start":{"line":171,"column":29},"end":{"line":171,"column":60}},"137":{"start":{"line":172,"column":12},"end":{"line":172,"column":38}},"138":{"start":{"line":173,"column":12},"end":{"line":173,"column":55}},"139":{"start":{"line":174,"column":12},"end":{"line":174,"column":35}},"140":{"start":{"line":176,"column":12},"end":{"line":176,"column":53}},"141":{"start":{"line":177,"column":12},"end":{"line":177,"column":69}},"142":{"start":{"line":178,"column":12},"end":{"line":178,"column":33}},"143":{"start":{"line":180,"column":8},"end":{"line":180,"column":26}},"144":{"start":{"line":183,"column":27},"end":{"line":197,"column":5}},"145":{"start":{"line":184,"column":8},"end":{"line":184,"column":25}},"146":{"start":{"line":185,"column":8},"end":{"line":185,"column":23}},"147":{"start":{"line":186,"column":8},"end":{"line":195,"column":null}},"148":{"start":{"line":187,"column":29},"end":{"line":187,"column":62}},"149":{"start":{"line":188,"column":12},"end":{"line":188,"column":40}},"150":{"start":{"line":189,"column":12},"end":{"line":189,"column":57}},"151":{"start":{"line":190,"column":12},"end":{"line":190,"column":35}},"152":{"start":{"line":192,"column":12},"end":{"line":192,"column":55}},"153":{"start":{"line":193,"column":12},"end":{"line":193,"column":71}},"154":{"start":{"line":194,"column":12},"end":{"line":194,"column":33}},"155":{"start":{"line":196,"column":8},"end":{"line":196,"column":26}},"156":{"start":{"line":199,"column":4},"end":{"line":947,"column":6}},"157":{"start":{"line":223,"column":88},"end":{"line":223,"column":115}},"158":{"start":{"line":460,"column":44},"end":{"line":468,"column":null}},"159":{"start":{"line":674,"column":44},"end":{"line":678,"column":null}},"160":{"start":{"line":693,"column":44},"end":{"line":697,"column":null}},"161":{"start":{"line":753,"column":98},"end":{"line":753,"column":112}},"162":{"start":{"line":754,"column":98},"end":{"line":754,"column":111}},"163":{"start":{"line":756,"column":122},"end":{"line":756,"column":128}},"164":{"start":{"line":774,"column":98},"end":{"line":774,"column":103}},"165":{"start":{"line":776,"column":122},"end":{"line":776,"column":128}},"166":{"start":{"line":801,"column":60},"end":{"line":804,"column":null}},"167":{"start":{"line":835,"column":88},"end":{"line":835,"column":116}},"168":{"start":{"line":845,"column":88},"end":{"line":845,"column":114}},"169":{"start":{"line":853,"column":88},"end":{"line":853,"column":119}},"170":{"start":{"line":904,"column":48},"end":{"line":918,"column":null}},"171":{"start":{"line":913,"column":75},"end":{"line":913,"column":94}},"172":{"start":{"line":950,"column":0},"end":{"line":950,"column":30}}},"fnMap":{"0":{"name":"(anonymous_7)","decl":{"start":{"line":10,"column":40},"end":{"line":10,"column":43}},"loc":{"start":{"line":10,"column":45},"end":{"line":948,"column":1}}},"1":{"name":"(anonymous_8)","decl":{"start":{"line":28,"column":24},"end":{"line":28,"column":29}},"loc":{"start":{"line":28,"column":35},"end":{"line":43,"column":5}}},"2":{"name":"(anonymous_9)","decl":{"start":{"line":45,"column":25},"end":{"line":45,"column":30}},"loc":{"start":{"line":45,"column":36},"end":{"line":60,"column":5}}},"3":{"name":"(anonymous_10)","decl":{"start":{"line":62,"column":25},"end":{"line":62,"column":30}},"loc":{"start":{"line":62,"column":36},"end":{"line":76,"column":5}}},"4":{"name":"(anonymous_11)","decl":{"start":{"line":78,"column":22},"end":{"line":78,"column":27}},"loc":{"start":{"line":78,"column":33},"end":{"line":96,"column":5}}},"5":{"name":"(anonymous_12)","decl":{"start":{"line":98,"column":27},"end":{"line":98,"column":28}},"loc":{"start":{"line":98,"column":40},"end":{"line":101,"column":5}}},"6":{"name":"(anonymous_13)","decl":{"start":{"line":103,"column":30},"end":{"line":103,"column":35}},"loc":{"start":{"line":103,"column":41},"end":{"line":117,"column":5}}},"7":{"name":"(anonymous_14)","decl":{"start":{"line":119,"column":28},"end":{"line":119,"column":33}},"loc":{"start":{"line":119,"column":39},"end":{"line":133,"column":5}}},"8":{"name":"(anonymous_15)","decl":{"start":{"line":135,"column":25},"end":{"line":135,"column":30}},"loc":{"start":{"line":135,"column":36},"end":{"line":149,"column":5}}},"9":{"name":"(anonymous_16)","decl":{"start":{"line":151,"column":26},"end":{"line":151,"column":31}},"loc":{"start":{"line":151,"column":37},"end":{"line":165,"column":5}}},"10":{"name":"(anonymous_17)","decl":{"start":{"line":167,"column":25},"end":{"line":167,"column":30}},"loc":{"start":{"line":167,"column":36},"end":{"line":181,"column":5}}},"11":{"name":"(anonymous_18)","decl":{"start":{"line":183,"column":27},"end":{"line":183,"column":32}},"loc":{"start":{"line":183,"column":38},"end":{"line":197,"column":5}}},"12":{"name":"(anonymous_19)","decl":{"start":{"line":223,"column":50},"end":{"line":223,"column":51}},"loc":{"start":{"line":223,"column":88},"end":{"line":223,"column":115}}},"13":{"name":"(anonymous_20)","decl":{"start":{"line":459,"column":58},"end":{"line":459,"column":59}},"loc":{"start":{"line":460,"column":44},"end":{"line":468,"column":null}}},"14":{"name":"(anonymous_21)","decl":{"start":{"line":673,"column":54},"end":{"line":673,"column":55}},"loc":{"start":{"line":674,"column":44},"end":{"line":678,"column":null}}},"15":{"name":"(anonymous_22)","decl":{"start":{"line":692,"column":53},"end":{"line":692,"column":54}},"loc":{"start":{"line":693,"column":44},"end":{"line":697,"column":null}}},"16":{"name":"(anonymous_23)","decl":{"start":{"line":753,"column":86},"end":{"line":753,"column":87}},"loc":{"start":{"line":753,"column":98},"end":{"line":753,"column":112}}},"17":{"name":"(anonymous_24)","decl":{"start":{"line":754,"column":86},"end":{"line":754,"column":87}},"loc":{"start":{"line":754,"column":98},"end":{"line":754,"column":111}}},"18":{"name":"(anonymous_25)","decl":{"start":{"line":756,"column":110},"end":{"line":756,"column":111}},"loc":{"start":{"line":756,"column":122},"end":{"line":756,"column":128}}},"19":{"name":"(anonymous_26)","decl":{"start":{"line":774,"column":86},"end":{"line":774,"column":87}},"loc":{"start":{"line":774,"column":98},"end":{"line":774,"column":103}}},"20":{"name":"(anonymous_27)","decl":{"start":{"line":776,"column":110},"end":{"line":776,"column":111}},"loc":{"start":{"line":776,"column":122},"end":{"line":776,"column":128}}},"21":{"name":"(anonymous_28)","decl":{"start":{"line":800,"column":84},"end":{"line":800,"column":85}},"loc":{"start":{"line":801,"column":60},"end":{"line":804,"column":null}}},"22":{"name":"(anonymous_29)","decl":{"start":{"line":835,"column":50},"end":{"line":835,"column":51}},"loc":{"start":{"line":835,"column":88},"end":{"line":835,"column":116}}},"23":{"name":"(anonymous_30)","decl":{"start":{"line":845,"column":50},"end":{"line":845,"column":51}},"loc":{"start":{"line":845,"column":88},"end":{"line":845,"column":114}}},"24":{"name":"(anonymous_31)","decl":{"start":{"line":853,"column":54},"end":{"line":853,"column":55}},"loc":{"start":{"line":853,"column":88},"end":{"line":853,"column":119}}},"25":{"name":"(anonymous_32)","decl":{"start":{"line":903,"column":54},"end":{"line":903,"column":55}},"loc":{"start":{"line":904,"column":48},"end":{"line":918,"column":null}}},"26":{"name":"(anonymous_33)","decl":{"start":{"line":913,"column":69},"end":{"line":913,"column":72}},"loc":{"start":{"line":913,"column":75},"end":{"line":913,"column":94}}}},"branchMap":{"0":{"loc":{"start":{"line":29,"column":8},"end":{"line":29,"column":30}},"type":"if","locations":[{"start":{"line":29,"column":8},"end":{"line":29,"column":30}},{"start":{},"end":{}}]},"1":{"loc":{"start":{"line":46,"column":8},"end":{"line":46,"column":30}},"type":"if","locations":[{"start":{"line":46,"column":8},"end":{"line":46,"column":30}},{"start":{},"end":{}}]},"2":{"loc":{"start":{"line":83,"column":12},"end":{"line":83,"column":57}},"type":"if","locations":[{"start":{"line":83,"column":12},"end":{"line":83,"column":57}},{"start":{},"end":{}}]},"3":{"loc":{"start":{"line":84,"column":12},"end":{"line":84,"column":51}},"type":"if","locations":[{"start":{"line":84,"column":12},"end":{"line":84,"column":51}},{"start":{},"end":{}}]},"4":{"loc":{"start":{"line":85,"column":12},"end":{"line":85,"column":59}},"type":"if","locations":[{"start":{"line":85,"column":12},"end":{"line":85,"column":59}},{"start":{},"end":{}}]},"5":{"loc":{"start":{"line":233,"column":50},"end":{"line":233,"column":70}},"type":"binary-expr","locations":[{"start":{"line":233,"column":50},"end":{"line":233,"column":57}},{"start":{"line":233,"column":61},"end":{"line":233,"column":70}}]},"6":{"loc":{"start":{"line":260,"column":50},"end":{"line":260,"column":70}},"type":"binary-expr","locations":[{"start":{"line":260,"column":50},"end":{"line":260,"column":57}},{"start":{"line":260,"column":61},"end":{"line":260,"column":70}}]},"7":{"loc":{"start":{"line":284,"column":29},"end":{"line":314,"column":null}},"type":"binary-expr","locations":[{"start":{"line":284,"column":29},"end":{"line":284,"column":35}},{"start":{"line":285,"column":32},"end":{"line":313,"column":null}}]},"8":{"loc":{"start":{"line":349,"column":43},"end":{"line":349,"column":100}},"type":"cond-expr","locations":[{"start":{"line":349,"column":53},"end":{"line":349,"column":83}},{"start":{"line":349,"column":86},"end":{"line":349,"column":100}}]},"9":{"loc":{"start":{"line":354,"column":29},"end":{"line":412,"column":null}},"type":"binary-expr","locations":[{"start":{"line":354,"column":29},"end":{"line":354,"column":36}},{"start":{"line":355,"column":32},"end":{"line":411,"column":null}}]},"10":{"loc":{"start":{"line":447,"column":43},"end":{"line":447,"column":94}},"type":"cond-expr","locations":[{"start":{"line":447,"column":53},"end":{"line":447,"column":83}},{"start":{"line":447,"column":86},"end":{"line":447,"column":94}}]},"11":{"loc":{"start":{"line":452,"column":29},"end":{"line":472,"column":null}},"type":"binary-expr","locations":[{"start":{"line":452,"column":29},"end":{"line":452,"column":52}},{"start":{"line":453,"column":32},"end":{"line":471,"column":null}}]},"12":{"loc":{"start":{"line":462,"column":91},"end":{"line":462,"column":130}},"type":"cond-expr","locations":[{"start":{"line":462,"column":109},"end":{"line":462,"column":118}},{"start":{"line":462,"column":121},"end":{"line":462,"column":130}}]},"13":{"loc":{"start":{"line":507,"column":43},"end":{"line":507,"column":100}},"type":"cond-expr","locations":[{"start":{"line":507,"column":53},"end":{"line":507,"column":83}},{"start":{"line":507,"column":86},"end":{"line":507,"column":100}}]},"14":{"loc":{"start":{"line":512,"column":29},"end":{"line":552,"column":null}},"type":"binary-expr","locations":[{"start":{"line":512,"column":29},"end":{"line":512,"column":39}},{"start":{"line":513,"column":32},"end":{"line":551,"column":null}}]},"15":{"loc":{"start":{"line":587,"column":43},"end":{"line":587,"column":95}},"type":"cond-expr","locations":[{"start":{"line":587,"column":53},"end":{"line":587,"column":83}},{"start":{"line":587,"column":86},"end":{"line":587,"column":95}}]},"16":{"loc":{"start":{"line":592,"column":29},"end":{"line":598,"column":null}},"type":"binary-expr","locations":[{"start":{"line":592,"column":29},"end":{"line":592,"column":48}},{"start":{"line":593,"column":32},"end":{"line":597,"column":null}}]},"17":{"loc":{"start":{"line":634,"column":51},"end":{"line":634,"column":103}},"type":"cond-expr","locations":[{"start":{"line":634,"column":61},"end":{"line":634,"column":91}},{"start":{"line":634,"column":94},"end":{"line":634,"column":103}}]},"18":{"loc":{"start":{"line":659,"column":51},"end":{"line":659,"column":103}},"type":"cond-expr","locations":[{"start":{"line":659,"column":61},"end":{"line":659,"column":91}},{"start":{"line":659,"column":94},"end":{"line":659,"column":103}}]},"19":{"loc":{"start":{"line":666,"column":29},"end":{"line":682,"column":null}},"type":"binary-expr","locations":[{"start":{"line":666,"column":29},"end":{"line":666,"column":48}},{"start":{"line":667,"column":32},"end":{"line":681,"column":null}}]},"20":{"loc":{"start":{"line":685,"column":29},"end":{"line":701,"column":null}},"type":"binary-expr","locations":[{"start":{"line":685,"column":29},"end":{"line":685,"column":47}},{"start":{"line":686,"column":32},"end":{"line":700,"column":null}}]},"21":{"loc":{"start":{"line":736,"column":43},"end":{"line":736,"column":99}},"type":"cond-expr","locations":[{"start":{"line":736,"column":53},"end":{"line":736,"column":83}},{"start":{"line":736,"column":86},"end":{"line":736,"column":99}}]},"22":{"loc":{"start":{"line":741,"column":29},"end":{"line":812,"column":null}},"type":"binary-expr","locations":[{"start":{"line":741,"column":29},"end":{"line":741,"column":38}},{"start":{"line":742,"column":32},"end":{"line":811,"column":null}}]},"23":{"loc":{"start":{"line":883,"column":51},"end":{"line":883,"column":105}},"type":"cond-expr","locations":[{"start":{"line":883,"column":61},"end":{"line":883,"column":91}},{"start":{"line":883,"column":94},"end":{"line":883,"column":105}}]},"24":{"loc":{"start":{"line":890,"column":29},"end":{"line":923,"column":null}},"type":"binary-expr","locations":[{"start":{"line":890,"column":29},"end":{"line":890,"column":44}},{"start":{"line":891,"column":32},"end":{"line":922,"column":null}}]},"25":{"loc":{"start":{"line":907,"column":64},"end":{"line":907,"column":86}},"type":"binary-expr","locations":[{"start":{"line":907,"column":64},"end":{"line":907,"column":77}},{"start":{"line":907,"column":81},"end":{"line":907,"column":86}}]},"26":{"loc":{"start":{"line":929,"column":17},"end":{"line":943,"column":null}},"type":"binary-expr","locations":[{"start":{"line":929,"column":17},"end":{"line":929,"column":24}},{"start":{"line":930,"column":20},"end":{"line":942,"column":null}}]}},"s":{"0":0,"1":0,"2":0,"3":0,"4":0,"5":0,"6":0,"7":0,"8":0,"9":0,"10":0,"11":0,"12":0,"13":0,"14":0,"15":0,"16":0,"17":0,"18":0,"19":0,"20":0,"21":0,"22":0,"23":0,"24":0,"25":0,"26":0,"27":0,"28":0,"29":0,"30":0,"31":0,"32":0,"33":0,"34":0,"35":0,"36":0,"37":0,"38":0,"39":0,"40":0,"41":0,"42":0,"43":0,"44":0,"45":0,"46":0,"47":0,"48":0,"49":0,"50":0,"51":0,"52":0,"53":0,"54":0,"55":0,"56":0,"57":0,"58":0,"59":0,"60":0,"61":0,"62":0,"63":0,"64":0,"65":0,"66":0,"67":0,"68":0,"69":0,"70":0,"71":0,"72":0,"73":0,"74":0,"75":0,"76":0,"77":0,"78":0,"79":0,"80":0,"81":0,"82":0,"83":0,"84":0,"85":0,"86":0,"87":0,"88":0,"89":0,"90":0,"91":0,"92":0,"93":0,"94":0,"95":0,"96":0,"97":0,"98":0,"99":0,"100":0,"101":0,"102":0,"103":0,"104":0,"105":0,"106":0,"107":0,"108":0,"109":0,"110":0,"111":0,"112":0,"113":0,"114":0,"115":0,"116":0,"117":0,"118":0,"119":0,"120":0,"121":0,"122":0,"123":0,"124":0,"125":0,"126":0,"127":0,"128":0,"129":0,"130":0,"131":0,"132":0,"133":0,"134":0,"135":0,"136":0,"137":0,"138":0,"139":0,"140":0,"141":0,"142":0,"143":0,"144":0,"145":0,"146":0,"147":0,"148":0,"149":0,"150":0,"151":0,"152":0,"153":0,"154":0,"155":0,"156":0,"157":0,"158":0,"159":0,"160":0,"161":0,"162":0,"163":0,"164":0,"165":0,"166":0,"167":0,"168":0,"169":0,"170":0,"171":0,"172":0},"f":{"0":0,"1":0,"2":0,"3":0,"4":0,"5":0,"6":0,"7":0,"8":0,"9":0,"10":0,"11":0,"12":0,"13":0,"14":0,"15":0,"16":0,"17":0,"18":0,"19":0,"20":0,"21":0,"22":0,"23":0,"24":0,"25":0,"26":0},"b":{"0":[0,0],"1":[0,0],"2":[0,0],"3":[0,0],"4":[0,0],"5":[0,0],"6":[0,0],"7":[0,0],"8":[0,0],"9":[0,0],"10":[0,0],"11":[0,0],"12":[0,0],"13":[0,0],"14":[0,0],"15":[0,0],"16":[0,0],"17":[0,0],"18":[0,0],"19":[0,0],"20":[0,0],"21":[0,0],"22":[0,0],"23":[0,0],"24":[0,0],"25":[0,0],"26":[0,0]}}
,"D:\\AI-F\\AI-f\\ui\\react-app\\public\\src\\App.tsx": {"path":"D:\\AI-F\\AI-f\\ui\\react-app\\public\\src\\App.tsx","statementMap":{"0":{"start":{"line":1,"column":0},"end":{"line":1,"column":26}},"1":{"start":{"line":2,"column":0},"end":{"line":2,"column":66}},"2":{"start":{"line":3,"column":0},"end":{"line":3,"column":49}},"3":{"start":{"line":4,"column":0},"end":{"line":4,"column":63}},"4":{"start":{"line":5,"column":0},"end":{"line":5,"column":55}},"5":{"start":{"line":6,"column":0},"end":{"line":6,"column":38}},"6":{"start":{"line":7,"column":0},"end":{"line":7,"column":42}},"7":{"start":{"line":8,"column":0},"end":{"line":8,"column":51}},"8":{"start":{"line":10,"column":14},"end":{"line":22,"column":2}},"9":{"start":{"line":29,"column":19},"end":{"line":29,"column":28}},"10":{"start":{"line":31,"column":2},"end":{"line":43,"column":4}},"11":{"start":{"line":37,"column":41},"end":{"line":37,"column":87}},"12":{"start":{"line":47,"column":2},"end":{"line":56,"column":4}},"13":{"start":{"line":59,"column":0},"end":{"line":59,"column":19}}},"fnMap":{"0":{"name":"AppContent","decl":{"start":{"line":28,"column":9},"end":{"line":28,"column":19}},"loc":{"start":{"line":28,"column":19},"end":{"line":44,"column":1}}},"1":{"name":"(anonymous_2)","decl":{"start":{"line":37,"column":35},"end":{"line":37,"column":38}},"loc":{"start":{"line":37,"column":41},"end":{"line":37,"column":87}}},"2":{"name":"App","decl":{"start":{"line":46,"column":9},"end":{"line":46,"column":12}},"loc":{"start":{"line":46,"column":12},"end":{"line":57,"column":1}}}},"branchMap":{"0":{"loc":{"start":{"line":33,"column":7},"end":{"line":40,"column":null}},"type":"cond-expr","locations":[{"start":{"line":34,"column":8},"end":{"line":34,"column":21}},{"start":{"line":36,"column":8},"end":{"line":39,"column":null}}]},"1":{"loc":{"start":{"line":36,"column":8},"end":{"line":39,"column":null}},"type":"cond-expr","locations":[{"start":{"line":37,"column":10},"end":{"line":37,"column":91}},{"start":{"line":39,"column":10},"end":{"line":39,"column":23}}]},"2":{"loc":{"start":{"line":36,"column":8},"end":{"line":36,"column":72}},"type":"binary-expr","locations":[{"start":{"line":36,"column":8},"end":{"line":36,"column":29}},{"start":{"line":36,"column":33},"end":{"line":36,"column":72}}]}},"s":{"0":0,"1":0,"2":0,"3":0,"4":0,"5":0,"6":0,"7":0,"8":0,"9":0,"10":0,"11":0,"12":0,"13":0},"f":{"0":0,"1":0,"2":0},"b":{"0":[0,0],"1":[0,0],"2":[0,0]}}
,"D:\\AI-F\\AI-f\\ui\\react-app\\public\\src\\ConsentModal.tsx": {"path":"D:\\AI-F\\AI-f\\ui\\react-app\\public\\src\\ConsentModal.tsx","statementMap":{"0":{"start":{"line":1,"column":0},"end":{"line":1,"column":40}},"1":{"start":{"line":2,"column":0},"end":{"line":2,"column":null}},"2":{"start":{"line":21,"column":0},"end":{"line":21,"column":null}},"3":{"start":{"line":30,"column":0},"end":{"line":30,"column":26}},"4":{"start":{"line":40,"column":50},"end":{"line":229,"column":1}},"5":{"start":{"line":47,"column":36},"end":{"line":47,"column":51}},"6":{"start":{"line":48,"column":34},"end":{"line":48,"column":49}},"7":{"start":{"line":49,"column":30},"end":{"line":49,"column":42}},"8":{"start":{"line":51,"column":31},"end":{"line":71,"column":5}},"9":{"start":{"line":52,"column":8},"end":{"line":52,"column":30}},"10":{"start":{"line":52,"column":23},"end":{"line":52,"column":30}},"11":{"start":{"line":54,"column":8},"end":{"line":54,"column":25}},"12":{"start":{"line":55,"column":8},"end":{"line":55,"column":21}},"13":{"start":{"line":57,"column":8},"end":{"line":70,"column":null}},"14":{"start":{"line":58,"column":29},"end":{"line":62,"column":14}},"15":{"start":{"line":64,"column":12},"end":{"line":64,"column":50}},"16":{"start":{"line":65,"column":12},"end":{"line":65,"column":22}},"17":{"start":{"line":67,"column":12},"end":{"line":67,"column":78}},"18":{"start":{"line":69,"column":12},"end":{"line":69,"column":30}},"19":{"start":{"line":73,"column":22},"end":{"line":76,"column":6}},"20":{"start":{"line":78,"column":4},"end":{"line":228,"column":6}},"21":{"start":{"line":117,"column":79},"end":{"line":117,"column":97}},"22":{"start":{"line":126,"column":28},"end":{"line":133,"column":null}},"23":{"start":{"line":188,"column":45},"end":{"line":188,"column":74}},"24":{"start":{"line":231,"column":0},"end":{"line":231,"column":28}}},"fnMap":{"0":{"name":"(anonymous_7)","decl":{"start":{"line":40,"column":50},"end":{"line":40,"column":51}},"loc":{"start":{"line":46,"column":5},"end":{"line":229,"column":1}}},"1":{"name":"(anonymous_8)","decl":{"start":{"line":51,"column":31},"end":{"line":51,"column":36}},"loc":{"start":{"line":51,"column":42},"end":{"line":71,"column":5}}},"2":{"name":"(anonymous_9)","decl":{"start":{"line":117,"column":61},"end":{"line":117,"column":62}},"loc":{"start":{"line":117,"column":79},"end":{"line":117,"column":97}}},"3":{"name":"(anonymous_10)","decl":{"start":{"line":125,"column":39},"end":{"line":125,"column":40}},"loc":{"start":{"line":126,"column":28},"end":{"line":133,"column":null}}},"4":{"name":"(anonymous_11)","decl":{"start":{"line":188,"column":38},"end":{"line":188,"column":39}},"loc":{"start":{"line":188,"column":45},"end":{"line":188,"column":74}}}},"branchMap":{"0":{"loc":{"start":{"line":52,"column":8},"end":{"line":52,"column":30}},"type":"if","locations":[{"start":{"line":52,"column":8},"end":{"line":52,"column":30}},{"start":{},"end":{}}]},"1":{"loc":{"start":{"line":67,"column":21},"end":{"line":67,"column":76}},"type":"binary-expr","locations":[{"start":{"line":67,"column":21},"end":{"line":67,"column":47}},{"start":{"line":67,"column":51},"end":{"line":67,"column":76}}]},"2":{"loc":{"start":{"line":177,"column":21},"end":{"line":180,"column":null}},"type":"binary-expr","locations":[{"start":{"line":177,"column":21},"end":{"line":177,"column":26}},{"start":{"line":178,"column":24},"end":{"line":179,"column":null}}]},"3":{"loc":{"start":{"line":213,"column":30},"end":{"line":213,"column":50}},"type":"binary-expr","locations":[{"start":{"line":213,"column":30},"end":{"line":213,"column":39}},{"start":{"line":213,"column":43},"end":{"line":213,"column":50}}]},"4":{"loc":{"start":{"line":222,"column":31},"end":{"line":222,"column":89}},"type":"cond-expr","locations":[{"start":{"line":222,"column":41},"end":{"line":222,"column":71}},{"start":{"line":222,"column":74},"end":{"line":222,"column":89}}]},"5":{"loc":{"start":{"line":224,"column":21},"end":{"line":224,"column":70}},"type":"cond-expr","locations":[{"start":{"line":224,"column":31},"end":{"line":224,"column":52}},{"start":{"line":224,"column":55},"end":{"line":224,"column":70}}]}},"s":{"0":0,"1":0,"2":0,"3":0,"4":0,"5":0,"6":0,"7":0,"8":0,"9":0,"10":0,"11":0,"12":0,"13":0,"14":0,"15":0,"16":0,"17":0,"18":0,"19":0,"20":0,"21":0,"22":0,"23":0,"24":0},"f":{"0":0,"1":0,"2":0,"3":0,"4":0},"b":{"0":[0,0],"1":[0,0],"2":[0,0],"3":[0,0],"4":[0,0],"5":[0,0]}}
,"D:\\AI-F\\AI-f\\ui\\react-app\\public\\src\\EnrichResultsPage.tsx": {"path":"D:\\AI-F\\AI-f\\ui\\react-app\\public\\src\\EnrichResultsPage.tsx","statementMap":{"0":{"start":{"line":1,"column":0},"end":{"line":1,"column":51}},"1":{"start":{"line":2,"column":0},"end":{"line":2,"column":null}},"2":{"start":{"line":20,"column":0},"end":{"line":20,"column":37}},"3":{"start":{"line":21,"column":0},"end":{"line":21,"column":null}},"4":{"start":{"line":30,"column":0},"end":{"line":30,"column":26}},"5":{"start":{"line":45,"column":60},"end":{"line":282,"column":1}},"6":{"start":{"line":46,"column":34},"end":{"line":46,"column":71}},"7":{"start":{"line":47,"column":34},"end":{"line":47,"column":48}},"8":{"start":{"line":48,"column":30},"end":{"line":48,"column":42}},"9":{"start":{"line":49,"column":36},"end":{"line":49,"column":51}},"10":{"start":{"line":51,"column":4},"end":{"line":53,"column":19}},"11":{"start":{"line":52,"column":8},"end":{"line":52,"column":23}},"12":{"start":{"line":55,"column":25},"end":{"line":64,"column":5}},"13":{"start":{"line":56,"column":8},"end":{"line":63,"column":null}},"14":{"start":{"line":57,"column":29},"end":{"line":57,"column":78}},"15":{"start":{"line":58,"column":12},"end":{"line":58,"column":46}},"16":{"start":{"line":60,"column":12},"end":{"line":60,"column":77}},"17":{"start":{"line":62,"column":12},"end":{"line":62,"column":30}},"18":{"start":{"line":66,"column":32},"end":{"line":79,"column":5}},"19":{"start":{"line":67,"column":8},"end":{"line":67,"column":26}},"20":{"start":{"line":68,"column":8},"end":{"line":78,"column":null}},"21":{"start":{"line":69,"column":12},"end":{"line":72,"column":15}},"22":{"start":{"line":73,"column":12},"end":{"line":73,"column":75}},"23":{"start":{"line":75,"column":12},"end":{"line":75,"column":95}},"24":{"start":{"line":77,"column":12},"end":{"line":77,"column":31}},"25":{"start":{"line":81,"column":31},"end":{"line":85,"column":5}},"26":{"start":{"line":82,"column":8},"end":{"line":82,"column":48}},"27":{"start":{"line":82,"column":31},"end":{"line":82,"column":48}},"28":{"start":{"line":83,"column":8},"end":{"line":83,"column":48}},"29":{"start":{"line":83,"column":31},"end":{"line":83,"column":48}},"30":{"start":{"line":84,"column":8},"end":{"line":84,"column":23}},"31":{"start":{"line":87,"column":31},"end":{"line":91,"column":5}},"32":{"start":{"line":88,"column":8},"end":{"line":88,"column":45}},"33":{"start":{"line":88,"column":31},"end":{"line":88,"column":45}},"34":{"start":{"line":89,"column":8},"end":{"line":89,"column":47}},"35":{"start":{"line":89,"column":31},"end":{"line":89,"column":47}},"36":{"start":{"line":90,"column":8},"end":{"line":90,"column":21}},"37":{"start":{"line":93,"column":4},"end":{"line":100,"column":null}},"38":{"start":{"line":94,"column":8},"end":{"line":99,"column":10}},"39":{"start":{"line":102,"column":4},"end":{"line":113,"column":null}},"40":{"start":{"line":103,"column":8},"end":{"line":112,"column":10}},"41":{"start":{"line":115,"column":4},"end":{"line":281,"column":6}},"42":{"start":{"line":158,"column":24},"end":{"line":212,"column":null}},"43":{"start":{"line":284,"column":0},"end":{"line":284,"column":33}}},"fnMap":{"0":{"name":"(anonymous_7)","decl":{"start":{"line":45,"column":60},"end":{"line":45,"column":61}},"loc":{"start":{"line":45,"column":85},"end":{"line":282,"column":1}}},"1":{"name":"(anonymous_8)","decl":{"start":{"line":51,"column":14},"end":{"line":51,"column":17}},"loc":{"start":{"line":51,"column":19},"end":{"line":53,"column":5}}},"2":{"name":"(anonymous_9)","decl":{"start":{"line":55,"column":25},"end":{"line":55,"column":30}},"loc":{"start":{"line":55,"column":36},"end":{"line":64,"column":5}}},"3":{"name":"(anonymous_10)","decl":{"start":{"line":66,"column":32},"end":{"line":66,"column":37}},"loc":{"start":{"line":66,"column":43},"end":{"line":79,"column":5}}},"4":{"name":"(anonymous_11)","decl":{"start":{"line":81,"column":31},"end":{"line":81,"column":32}},"loc":{"start":{"line":81,"column":54},"end":{"line":85,"column":5}}},"5":{"name":"(anonymous_12)","decl":{"start":{"line":87,"column":31},"end":{"line":87,"column":32}},"loc":{"start":{"line":87,"column":54},"end":{"line":91,"column":5}}},"6":{"name":"(anonymous_13)","decl":{"start":{"line":157,"column":33},"end":{"line":157,"column":34}},"loc":{"start":{"line":158,"column":24},"end":{"line":212,"column":null}}}},"branchMap":{"0":{"loc":{"start":{"line":60,"column":21},"end":{"line":60,"column":75}},"type":"binary-expr","locations":[{"start":{"line":60,"column":21},"end":{"line":60,"column":47}},{"start":{"line":60,"column":51},"end":{"line":60,"column":75}}]},"1":{"loc":{"start":{"line":75,"column":47},"end":{"line":75,"column":92}},"type":"binary-expr","locations":[{"start":{"line":75,"column":47},"end":{"line":75,"column":73}},{"start":{"line":75,"column":77},"end":{"line":75,"column":92}}]},"2":{"loc":{"start":{"line":82,"column":8},"end":{"line":82,"column":48}},"type":"if","locations":[{"start":{"line":82,"column":8},"end":{"line":82,"column":48}},{"start":{},"end":{}}]},"3":{"loc":{"start":{"line":83,"column":8},"end":{"line":83,"column":48}},"type":"if","locations":[{"start":{"line":83,"column":8},"end":{"line":83,"column":48}},{"start":{},"end":{}}]},"4":{"loc":{"start":{"line":88,"column":8},"end":{"line":88,"column":45}},"type":"if","locations":[{"start":{"line":88,"column":8},"end":{"line":88,"column":45}},{"start":{},"end":{}}]},"5":{"loc":{"start":{"line":89,"column":8},"end":{"line":89,"column":47}},"type":"if","locations":[{"start":{"line":89,"column":8},"end":{"line":89,"column":47}},{"start":{},"end":{}}]},"6":{"loc":{"start":{"line":93,"column":4},"end":{"line":100,"column":null}},"type":"if","locations":[{"start":{"line":93,"column":4},"end":{"line":100,"column":null}},{"start":{},"end":{}}]},"7":{"loc":{"start":{"line":102,"column":4},"end":{"line":113,"column":null}},"type":"if","locations":[{"start":{"line":102,"column":4},"end":{"line":113,"column":null}},{"start":{},"end":{}}]},"8":{"loc":{"start":{"line":127,"column":35},"end":{"line":127,"column":87}},"type":"cond-expr","locations":[{"start":{"line":127,"column":46},"end":{"line":127,"column":76}},{"start":{"line":127,"column":79},"end":{"line":127,"column":87}}]},"9":{"loc":{"start":{"line":130,"column":25},"end":{"line":130,"column":69}},"type":"cond-expr","locations":[{"start":{"line":130,"column":36},"end":{"line":130,"column":49}},{"start":{"line":130,"column":52},"end":{"line":130,"column":69}}]},"10":{"loc":{"start":{"line":155,"column":13},"end":{"line":228,"column":null}},"type":"cond-expr","locations":[{"start":{"line":156,"column":16},"end":{"line":214,"column":null}},{"start":{"line":217,"column":16},"end":{"line":227,"column":null}}]},"11":{"loc":{"start":{"line":155,"column":13},"end":{"line":155,"column":42}},"type":"binary-expr","locations":[{"start":{"line":155,"column":13},"end":{"line":155,"column":20}},{"start":{"line":155,"column":24},"end":{"line":155,"column":42}}]}},"s":{"0":0,"1":0,"2":0,"3":0,"4":0,"5":0,"6":0,"7":0,"8":0,"9":0,"10":0,"11":0,"12":0,"13":0,"14":0,"15":0,"16":0,"17":0,"18":0,"19":0,"20":0,"21":0,"22":0,"23":0,"24":0,"25":0,"26":0,"27":0,"28":0,"29":0,"30":0,"31":0,"32":0,"33":0,"34":0,"35":0,"36":0,"37":0,"38":0,"39":0,"40":0,"41":0,"42":0,"43":0},"f":{"0":0,"1":0,"2":0,"3":0,"4":0,"5":0,"6":0},"b":{"0":[0,0],"1":[0,0],"2":[0,0],"3":[0,0],"4":[0,0],"5":[0,0],"6":[0,0],"7":[0,0],"8":[0,0],"9":[0,0],"10":[0,0],"11":[0,0]}}
,"D:\\AI-F\\AI-f\\ui\\react-app\\public\\src\\EnrollmentForm.tsx": {"path":"D:\\AI-F\\AI-f\\ui\\react-app\\public\\src\\EnrollmentForm.tsx","statementMap":{"0":{"start":{"line":1,"column":0},"end":{"line":1,"column":40}},"1":{"start":{"line":2,"column":0},"end":{"line":2,"column":26}},"2":{"start":{"line":3,"column":0},"end":{"line":3,"column":152}},"3":{"start":{"line":4,"column":0},"end":{"line":4,"column":37}},"4":{"start":{"line":5,"column":0},"end":{"line":5,"column":81}},"5":{"start":{"line":7,"column":23},"end":{"line":184,"column":1}},"6":{"start":{"line":8,"column":28},"end":{"line":8,"column":40}},"7":{"start":{"line":9,"column":32},"end":{"line":9,"column":63}},"8":{"start":{"line":10,"column":34},"end":{"line":10,"column":49}},"9":{"start":{"line":11,"column":34},"end":{"line":11,"column":49}},"10":{"start":{"line":12,"column":34},"end":{"line":12,"column":46}},"11":{"start":{"line":13,"column":36},"end":{"line":13,"column":76}},"12":{"start":{"line":15,"column":25},"end":{"line":40,"column":5}},"13":{"start":{"line":16,"column":8},"end":{"line":16,"column":27}},"14":{"start":{"line":17,"column":8},"end":{"line":17,"column":40}},"15":{"start":{"line":17,"column":33},"end":{"line":17,"column":40}},"16":{"start":{"line":19,"column":8},"end":{"line":19,"column":25}},"17":{"start":{"line":20,"column":25},"end":{"line":20,"column":39}},"18":{"start":{"line":21,"column":8},"end":{"line":23,"column":null}},"19":{"start":{"line":21,"column":21},"end":{"line":21,"column":22}},"20":{"start":{"line":22,"column":12},"end":{"line":22,"column":49}},"21":{"start":{"line":24,"column":8},"end":{"line":24,"column":38}},"22":{"start":{"line":25,"column":8},"end":{"line":25,"column":56}},"23":{"start":{"line":26,"column":8},"end":{"line":26,"column":55}},"24":{"start":{"line":28,"column":8},"end":{"line":38,"column":null}},"25":{"start":{"line":29,"column":29},"end":{"line":31,"column":14}},"26":{"start":{"line":32,"column":12},"end":{"line":32,"column":76}},"27":{"start":{"line":33,"column":12},"end":{"line":33,"column":35}},"28":{"start":{"line":35,"column":33},"end":{"line":35,"column":84}},"29":{"start":{"line":36,"column":12},"end":{"line":36,"column":37}},"30":{"start":{"line":37,"column":12},"end":{"line":37,"column":33}},"31":{"start":{"line":39,"column":8},"end":{"line":39,"column":26}},"32":{"start":{"line":42,"column":4},"end":{"line":183,"column":6}},"33":{"start":{"line":61,"column":98},"end":{"line":61,"column":121}},"34":{"start":{"line":86,"column":102},"end":{"line":86,"column":127}},"35":{"start":{"line":112,"column":106},"end":{"line":112,"column":134}},"36":{"start":{"line":186,"column":0},"end":{"line":186,"column":30}}},"fnMap":{"0":{"name":"(anonymous_7)","decl":{"start":{"line":7,"column":23},"end":{"line":7,"column":26}},"loc":{"start":{"line":7,"column":28},"end":{"line":184,"column":1}}},"1":{"name":"(anonymous_8)","decl":{"start":{"line":15,"column":25},"end":{"line":15,"column":30}},"loc":{"start":{"line":15,"column":54},"end":{"line":40,"column":5}}},"2":{"name":"(anonymous_9)","decl":{"start":{"line":61,"column":54},"end":{"line":61,"column":55}},"loc":{"start":{"line":61,"column":98},"end":{"line":61,"column":121}}},"3":{"name":"(anonymous_10)","decl":{"start":{"line":86,"column":58},"end":{"line":86,"column":59}},"loc":{"start":{"line":86,"column":102},"end":{"line":86,"column":127}}},"4":{"name":"(anonymous_11)","decl":{"start":{"line":112,"column":62},"end":{"line":112,"column":63}},"loc":{"start":{"line":112,"column":106},"end":{"line":112,"column":134}}}},"branchMap":{"0":{"loc":{"start":{"line":17,"column":8},"end":{"line":17,"column":40}},"type":"if","locations":[{"start":{"line":17,"column":8},"end":{"line":17,"column":40}},{"start":{},"end":{}}]},"1":{"loc":{"start":{"line":17,"column":12},"end":{"line":17,"column":31}},"type":"binary-expr","locations":[{"start":{"line":17,"column":12},"end":{"line":17,"column":19}},{"start":{"line":17,"column":23},"end":{"line":17,"column":31}}]},"2":{"loc":{"start":{"line":35,"column":33},"end":{"line":35,"column":84}},"type":"binary-expr","locations":[{"start":{"line":35,"column":33},"end":{"line":35,"column":61}},{"start":{"line":35,"column":65},"end":{"line":35,"column":84}}]},"3":{"loc":{"start":{"line":99,"column":45},"end":{"line":102,"column":null}},"type":"binary-expr","locations":[{"start":{"line":99,"column":45},"end":{"line":99,"column":51}},{"start":{"line":100,"column":48},"end":{"line":102,"column":null}}]},"4":{"loc":{"start":{"line":135,"column":54},"end":{"line":135,"column":93}},"type":"binary-expr","locations":[{"start":{"line":135,"column":54},"end":{"line":135,"column":61}},{"start":{"line":135,"column":65},"end":{"line":135,"column":73}},{"start":{"line":135,"column":77},"end":{"line":135,"column":82}},{"start":{"line":135,"column":86},"end":{"line":135,"column":93}}]},"5":{"loc":{"start":{"line":153,"column":55},"end":{"line":153,"column":113}},"type":"cond-expr","locations":[{"start":{"line":153,"column":65},"end":{"line":153,"column":95}},{"start":{"line":153,"column":98},"end":{"line":153,"column":113}}]},"6":{"loc":{"start":{"line":155,"column":45},"end":{"line":155,"column":87}},"type":"cond-expr","locations":[{"start":{"line":155,"column":55},"end":{"line":155,"column":69}},{"start":{"line":155,"column":72},"end":{"line":155,"column":87}}]},"7":{"loc":{"start":{"line":164,"column":17},"end":{"line":179,"column":null}},"type":"binary-expr","locations":[{"start":{"line":164,"column":17},"end":{"line":164,"column":24}},{"start":{"line":165,"column":20},"end":{"line":178,"column":null}}]},"8":{"loc":{"start":{"line":175,"column":34},"end":{"line":175,"column":86}},"type":"cond-expr","locations":[{"start":{"line":175,"column":59},"end":{"line":175,"column":74}},{"start":{"line":175,"column":77},"end":{"line":175,"column":86}}]}},"s":{"0":0,"1":0,"2":0,"3":0,"4":0,"5":0,"6":0,"7":0,"8":0,"9":0,"10":0,"11":0,"12":0,"13":0,"14":0,"15":0,"16":0,"17":0,"18":0,"19":0,"20":0,"21":0,"22":0,"23":0,"24":0,"25":0,"26":0,"27":0,"28":0,"29":0,"30":0,"31":0,"32":0,"33":0,"34":0,"35":0,"36":0},"f":{"0":0,"1":0,"2":0,"3":0,"4":0},"b":{"0":[0,0],"1":[0,0],"2":[0,0],"3":[0,0],"4":[0,0,0,0],"5":[0,0],"6":[0,0],"7":[0,0],"8":[0,0]}}
,"D:\\AI-F\\AI-f\\ui\\react-app\\public\\src\\RecognizeView.tsx": {"path":"D:\\AI-F\\AI-f\\ui\\react-app\\public\\src\\RecognizeView.tsx","statementMap":{"0":{"start":{"line":1,"column":0},"end":{"line":1,"column":59}},"1":{"start":{"line":2,"column":0},"end":{"line":2,"column":26}},"2":{"start":{"line":3,"column":0},"end":{"line":3,"column":172}},"3":{"start":{"line":4,"column":0},"end":{"line":4,"column":37}},"4":{"start":{"line":5,"column":0},"end":{"line":5,"column":217}},"5":{"start":{"line":9,"column":20},"end":{"line":14,"column":2}},"6":{"start":{"line":16,"column":22},"end":{"line":25,"column":2}},"7":{"start":{"line":27,"column":20},"end":{"line":29,"column":2}},"8":{"start":{"line":31,"column":21},"end":{"line":33,"column":2}},"9":{"start":{"line":35,"column":22},"end":{"line":783,"column":1}},"10":{"start":{"line":36,"column":30},"end":{"line":36,"column":57}},"11":{"start":{"line":37,"column":34},"end":{"line":37,"column":49}},"12":{"start":{"line":38,"column":34},"end":{"line":38,"column":46}},"13":{"start":{"line":39,"column":36},"end":{"line":39,"column":55}},"14":{"start":{"line":40,"column":44},"end":{"line":40,"column":59}},"15":{"start":{"line":41,"column":46},"end":{"line":41,"column":86}},"16":{"start":{"line":42,"column":34},"end":{"line":42,"column":74}},"17":{"start":{"line":43,"column":21},"end":{"line":43,"column":51}},"18":{"start":{"line":44,"column":22},"end":{"line":44,"column":53}},"19":{"start":{"line":45,"column":29},"end":{"line":45,"column":60}},"20":{"start":{"line":46,"column":18},"end":{"line":46,"column":48}},"21":{"start":{"line":47,"column":24},"end":{"line":47,"column":59}},"22":{"start":{"line":50,"column":28},"end":{"line":120,"column":5}},"23":{"start":{"line":51,"column":8},"end":{"line":57,"column":10}},"24":{"start":{"line":51,"column":22},"end":{"line":57,"column":10}},"25":{"start":{"line":59,"column":25},"end":{"line":59,"column":49}},"26":{"start":{"line":60,"column":26},"end":{"line":60,"column":59}},"27":{"start":{"line":62,"column":8},"end":{"line":119,"column":null}},"28":{"start":{"line":64,"column":16},"end":{"line":70,"column":18}},"29":{"start":{"line":72,"column":16},"end":{"line":78,"column":18}},"30":{"start":{"line":80,"column":16},"end":{"line":86,"column":18}},"31":{"start":{"line":88,"column":16},"end":{"line":94,"column":18}},"32":{"start":{"line":96,"column":16},"end":{"line":102,"column":18}},"33":{"start":{"line":104,"column":16},"end":{"line":110,"column":18}},"34":{"start":{"line":112,"column":16},"end":{"line":118,"column":18}},"35":{"start":{"line":122,"column":27},"end":{"line":140,"column":5}},"36":{"start":{"line":123,"column":8},"end":{"line":123,"column":50}},"37":{"start":{"line":123,"column":22},"end":{"line":123,"column":50}},"38":{"start":{"line":125,"column":25},"end":{"line":125,"column":49}},"39":{"start":{"line":126,"column":8},"end":{"line":139,"column":null}},"40":{"start":{"line":128,"column":16},"end":{"line":128,"column":50}},"41":{"start":{"line":130,"column":16},"end":{"line":130,"column":49}},"42":{"start":{"line":134,"column":16},"end":{"line":134,"column":35}},"43":{"start":{"line":136,"column":16},"end":{"line":136,"column":36}},"44":{"start":{"line":138,"column":16},"end":{"line":138,"column":44}},"45":{"start":{"line":142,"column":25},"end":{"line":205,"column":5}},"46":{"start":{"line":143,"column":30},"end":{"line":143,"column":54}},"47":{"start":{"line":144,"column":8},"end":{"line":144,"column":77}},"48":{"start":{"line":144,"column":70},"end":{"line":144,"column":77}},"49":{"start":{"line":146,"column":20},"end":{"line":146,"column":50}},"50":{"start":{"line":147,"column":8},"end":{"line":147,"column":25}},"51":{"start":{"line":147,"column":18},"end":{"line":147,"column":25}},"52":{"start":{"line":149,"column":22},"end":{"line":149,"column":38}},"53":{"start":{"line":150,"column":8},"end":{"line":150,"column":27}},"54":{"start":{"line":150,"column":20},"end":{"line":150,"column":27}},"55":{"start":{"line":153,"column":8},"end":{"line":153,"column":47}},"56":{"start":{"line":154,"column":8},"end":{"line":154,"column":49}},"57":{"start":{"line":157,"column":8},"end":{"line":157,"column":71}},"58":{"start":{"line":159,"column":8},"end":{"line":204,"column":11}},"59":{"start":{"line":160,"column":33},"end":{"line":160,"column":46}},"60":{"start":{"line":163,"column":12},"end":{"line":163,"column":78}},"61":{"start":{"line":164,"column":12},"end":{"line":164,"column":30}},"62":{"start":{"line":165,"column":12},"end":{"line":165,"column":39}},"63":{"start":{"line":168,"column":12},"end":{"line":168,"column":49}},"64":{"start":{"line":169,"column":12},"end":{"line":169,"column":43}},"65":{"start":{"line":172,"column":12},"end":{"line":172,"column":38}},"66":{"start":{"line":173,"column":12},"end":{"line":173,"column":36}},"67":{"start":{"line":174,"column":12},"end":{"line":174,"column":59}},"68":{"start":{"line":176,"column":12},"end":{"line":181,"column":null}},"69":{"start":{"line":177,"column":30},"end":{"line":177,"column":45}},"70":{"start":{"line":178,"column":16},"end":{"line":178,"column":98}},"71":{"start":{"line":180,"column":16},"end":{"line":180,"column":55}},"72":{"start":{"line":184,"column":12},"end":{"line":189,"column":null}},"73":{"start":{"line":185,"column":32},"end":{"line":185,"column":61}},"74":{"start":{"line":186,"column":16},"end":{"line":186,"column":57}},"75":{"start":{"line":187,"column":16},"end":{"line":187,"column":40}},"76":{"start":{"line":188,"column":16},"end":{"line":188,"column":53}},"77":{"start":{"line":192,"column":12},"end":{"line":196,"column":null}},"78":{"start":{"line":193,"column":16},"end":{"line":193,"column":42}},"79":{"start":{"line":194,"column":16},"end":{"line":194,"column":40}},"80":{"start":{"line":195,"column":16},"end":{"line":195,"column":75}},"81":{"start":{"line":199,"column":12},"end":{"line":203,"column":null}},"82":{"start":{"line":200,"column":16},"end":{"line":200,"column":42}},"83":{"start":{"line":201,"column":16},"end":{"line":201,"column":40}},"84":{"start":{"line":202,"column":16},"end":{"line":202,"column":92}},"85":{"start":{"line":207,"column":28},"end":{"line":217,"column":5}},"86":{"start":{"line":208,"column":8},"end":{"line":216,"column":null}},"87":{"start":{"line":209,"column":26},"end":{"line":209,"column":43}},"88":{"start":{"line":210,"column":24},"end":{"line":210,"column":41}},"89":{"start":{"line":211,"column":26},"end":{"line":211,"column":43}},"90":{"start":{"line":212,"column":25},"end":{"line":212,"column":42}},"91":{"start":{"line":213,"column":29},"end":{"line":213,"column":46}},"92":{"start":{"line":214,"column":28},"end":{"line":214,"column":45}},"93":{"start":{"line":215,"column":21},"end":{"line":215,"column":38}},"94":{"start":{"line":220,"column":36},"end":{"line":246,"column":5}},"95":{"start":{"line":221,"column":8},"end":{"line":221,"column":54}},"96":{"start":{"line":221,"column":42},"end":{"line":221,"column":54}},"97":{"start":{"line":223,"column":54},"end":{"line":223,"column":56}},"98":{"start":{"line":224,"column":54},"end":{"line":224,"column":56}},"99":{"start":{"line":225,"column":25},"end":{"line":225,"column":37}},"100":{"start":{"line":227,"column":8},"end":{"line":233,"column":11}},"101":{"start":{"line":228,"column":12},"end":{"line":232,"column":null}},"102":{"start":{"line":229,"column":33},"end":{"line":229,"column":62}},"103":{"start":{"line":230,"column":16},"end":{"line":230,"column":77}},"104":{"start":{"line":231,"column":16},"end":{"line":231,"column":114}},"105":{"start":{"line":235,"column":24},"end":{"line":240,"column":11}},"106":{"start":{"line":235,"column":67},"end":{"line":240,"column":10}},"107":{"start":{"line":243,"column":8},"end":{"line":243,"column":50}},"108":{"start":{"line":243,"column":31},"end":{"line":243,"column":48}},"109":{"start":{"line":245,"column":8},"end":{"line":245,"column":23}},"110":{"start":{"line":248,"column":25},"end":{"line":270,"column":5}},"111":{"start":{"line":249,"column":8},"end":{"line":249,"column":27}},"112":{"start":{"line":250,"column":8},"end":{"line":250,"column":27}},"113":{"start":{"line":250,"column":20},"end":{"line":250,"column":27}},"114":{"start":{"line":252,"column":8},"end":{"line":252,"column":25}},"115":{"start":{"line":253,"column":8},"end":{"line":253,"column":23}},"116":{"start":{"line":254,"column":25},"end":{"line":254,"column":39}},"117":{"start":{"line":255,"column":8},"end":{"line":255,"column":40}},"118":{"start":{"line":257,"column":8},"end":{"line":268,"column":null}},"119":{"start":{"line":258,"column":29},"end":{"line":260,"column":14}},"120":{"start":{"line":261,"column":12},"end":{"line":261,"column":38}},"121":{"start":{"line":262,"column":12},"end":{"line":262,"column":61}},"122":{"start":{"line":263,"column":12},"end":{"line":263,"column":35}},"123":{"start":{"line":265,"column":12},"end":{"line":265,"column":48}},"124":{"start":{"line":266,"column":12},"end":{"line":266,"column":64}},"125":{"start":{"line":267,"column":12},"end":{"line":267,"column":33}},"126":{"start":{"line":269,"column":8},"end":{"line":269,"column":26}},"127":{"start":{"line":272,"column":24},"end":{"line":309,"column":5}},"128":{"start":{"line":273,"column":8},"end":{"line":308,"column":null}},"129":{"start":{"line":274,"column":27},"end":{"line":274,"column":85}},"130":{"start":{"line":275,"column":12},"end":{"line":277,"column":null}},"131":{"start":{"line":276,"column":16},"end":{"line":276,"column":52}},"132":{"start":{"line":278,"column":12},"end":{"line":278,"column":34}},"133":{"start":{"line":279,"column":12},"end":{"line":279,"column":54}},"134":{"start":{"line":280,"column":12},"end":{"line":280,"column":35}},"135":{"start":{"line":283,"column":28},"end":{"line":283,"column":84}},"136":{"start":{"line":284,"column":31},"end":{"line":284,"column":73}},"137":{"start":{"line":285,"column":25},"end":{"line":285,"column":60}},"138":{"start":{"line":286,"column":12},"end":{"line":286,"column":90}},"139":{"start":{"line":287,"column":12},"end":{"line":289,"column":14}},"140":{"start":{"line":288,"column":16},"end":{"line":288,"column":51}},"141":{"start":{"line":290,"column":12},"end":{"line":295,"column":14}},"142":{"start":{"line":291,"column":29},"end":{"line":291,"column":51}},"143":{"start":{"line":292,"column":16},"end":{"line":292,"column":39}},"144":{"start":{"line":294,"column":16},"end":{"line":294,"column":46}},"145":{"start":{"line":296,"column":12},"end":{"line":300,"column":14}},"146":{"start":{"line":297,"column":16},"end":{"line":297,"column":57}},"147":{"start":{"line":298,"column":16},"end":{"line":298,"column":58}},"148":{"start":{"line":299,"column":16},"end":{"line":299,"column":37}},"149":{"start":{"line":303,"column":12},"end":{"line":303,"column":65}},"150":{"start":{"line":305,"column":12},"end":{"line":305,"column":60}},"151":{"start":{"line":306,"column":12},"end":{"line":306,"column":77}},"152":{"start":{"line":307,"column":12},"end":{"line":307,"column":33}},"153":{"start":{"line":311,"column":23},"end":{"line":340,"column":5}},"154":{"start":{"line":312,"column":8},"end":{"line":319,"column":null}},"155":{"start":{"line":313,"column":27},"end":{"line":313,"column":68}},"156":{"start":{"line":314,"column":12},"end":{"line":317,"column":null}},"157":{"start":{"line":315,"column":31},"end":{"line":315,"column":49}},"158":{"start":{"line":316,"column":16},"end":{"line":316,"column":74}},"159":{"start":{"line":316,"column":60},"end":{"line":316,"column":72}},"160":{"start":{"line":318,"column":12},"end":{"line":318,"column":46}},"161":{"start":{"line":320,"column":8},"end":{"line":320,"column":31}},"162":{"start":{"line":321,"column":8},"end":{"line":321,"column":31}},"163":{"start":{"line":323,"column":30},"end":{"line":323,"column":54}},"164":{"start":{"line":324,"column":8},"end":{"line":329,"column":null}},"165":{"start":{"line":325,"column":24},"end":{"line":325,"column":54}},"166":{"start":{"line":326,"column":12},"end":{"line":328,"column":null}},"167":{"start":{"line":327,"column":16},"end":{"line":327,"column":79}},"168":{"start":{"line":330,"column":8},"end":{"line":333,"column":null}},"169":{"start":{"line":331,"column":12},"end":{"line":331,"column":34}},"170":{"start":{"line":332,"column":12},"end":{"line":332,"column":33}},"171":{"start":{"line":334,"column":8},"end":{"line":337,"column":null}},"172":{"start":{"line":335,"column":12},"end":{"line":335,"column":47}},"173":{"start":{"line":336,"column":12},"end":{"line":336,"column":39}},"174":{"start":{"line":338,"column":8},"end":{"line":338,"column":37}},"175":{"start":{"line":339,"column":8},"end":{"line":339,"column":28}},"176":{"start":{"line":342,"column":25},"end":{"line":365,"column":5}},"177":{"start":{"line":343,"column":8},"end":{"line":343,"column":125}},"178":{"start":{"line":343,"column":118},"end":{"line":343,"column":125}},"179":{"start":{"line":345,"column":23},"end":{"line":345,"column":40}},"180":{"start":{"line":346,"column":22},"end":{"line":346,"column":38}},"181":{"start":{"line":347,"column":24},"end":{"line":347,"column":48}},"182":{"start":{"line":349,"column":8},"end":{"line":349,"column":40}},"183":{"start":{"line":350,"column":8},"end":{"line":350,"column":42}},"184":{"start":{"line":351,"column":8},"end":{"line":351,"column":68}},"185":{"start":{"line":353,"column":8},"end":{"line":364,"column":30}},"186":{"start":{"line":354,"column":12},"end":{"line":354,"column":30}},"187":{"start":{"line":354,"column":23},"end":{"line":354,"column":30}},"188":{"start":{"line":355,"column":27},"end":{"line":355,"column":43}},"189":{"start":{"line":356,"column":12},"end":{"line":362,"column":14}},"190":{"start":{"line":357,"column":36},"end":{"line":357,"column":75}},"191":{"start":{"line":358,"column":16},"end":{"line":361,"column":20}},"192":{"start":{"line":363,"column":12},"end":{"line":363,"column":39}},"193":{"start":{"line":367,"column":4},"end":{"line":371,"column":11}},"194":{"start":{"line":368,"column":8},"end":{"line":370,"column":10}},"195":{"start":{"line":369,"column":12},"end":{"line":369,"column":25}},"196":{"start":{"line":374,"column":26},"end":{"line":383,"column":6}},"197":{"start":{"line":385,"column":4},"end":{"line":782,"column":6}},"198":{"start":{"line":393,"column":41},"end":{"line":393,"column":105}},"199":{"start":{"line":394,"column":43},"end":{"line":394,"column":80}},"200":{"start":{"line":395,"column":20},"end":{"line":399,"column":null}},"201":{"start":{"line":396,"column":48},"end":{"line":396,"column":73}},"202":{"start":{"line":397,"column":38},"end":{"line":397,"column":153}},"203":{"start":{"line":398,"column":24},"end":{"line":398,"column":48}},"204":{"start":{"line":400,"column":20},"end":{"line":400,"column":41}},"205":{"start":{"line":411,"column":45},"end":{"line":411,"column":109}},"206":{"start":{"line":412,"column":47},"end":{"line":412,"column":84}},"207":{"start":{"line":413,"column":24},"end":{"line":417,"column":null}},"208":{"start":{"line":414,"column":52},"end":{"line":414,"column":77}},"209":{"start":{"line":415,"column":42},"end":{"line":415,"column":157}},"210":{"start":{"line":416,"column":28},"end":{"line":416,"column":49}},"211":{"start":{"line":418,"column":24},"end":{"line":418,"column":46}},"212":{"start":{"line":476,"column":65},"end":{"line":476,"column":102}},"213":{"start":{"line":561,"column":57},"end":{"line":561,"column":121}},"214":{"start":{"line":562,"column":59},"end":{"line":562,"column":96}},"215":{"start":{"line":563,"column":36},"end":{"line":611,"column":null}},"216":{"start":{"line":564,"column":40},"end":{"line":610,"column":42}},"217":{"start":{"line":574,"column":74},"end":{"line":574,"column":170}},"218":{"start":{"line":575,"column":73},"end":{"line":575,"column":123}},"219":{"start":{"line":576,"column":60},"end":{"line":605,"column":62}},"220":{"start":{"line":612,"column":36},"end":{"line":612,"column":48}},"221":{"start":{"line":617,"column":61},"end":{"line":617,"column":90}},"222":{"start":{"line":618,"column":60},"end":{"line":618,"column":88}},"223":{"start":{"line":619,"column":58},"end":{"line":619,"column":87}},"224":{"start":{"line":620,"column":40},"end":{"line":762,"column":42}},"225":{"start":{"line":674,"column":68},"end":{"line":704,"column":null}},"226":{"start":{"line":785,"column":0},"end":{"line":785,"column":29}}},"fnMap":{"0":{"name":"(anonymous_7)","decl":{"start":{"line":35,"column":22},"end":{"line":35,"column":25}},"loc":{"start":{"line":35,"column":27},"end":{"line":783,"column":1}}},"1":{"name":"(anonymous_8)","decl":{"start":{"line":50,"column":28},"end":{"line":50,"column":29}},"loc":{"start":{"line":50,"column":45},"end":{"line":120,"column":5}}},"2":{"name":"(anonymous_9)","decl":{"start":{"line":122,"column":27},"end":{"line":122,"column":28}},"loc":{"start":{"line":122,"column":44},"end":{"line":140,"column":5}}},"3":{"name":"(anonymous_10)","decl":{"start":{"line":142,"column":25},"end":{"line":142,"column":28}},"loc":{"start":{"line":142,"column":30},"end":{"line":205,"column":5}}},"4":{"name":"(anonymous_11)","decl":{"start":{"line":159,"column":36},"end":{"line":159,"column":37}},"loc":{"start":{"line":159,"column":50},"end":{"line":204,"column":9}}},"5":{"name":"(anonymous_12)","decl":{"start":{"line":207,"column":28},"end":{"line":207,"column":29}},"loc":{"start":{"line":207,"column":48},"end":{"line":217,"column":5}}},"6":{"name":"(anonymous_13)","decl":{"start":{"line":220,"column":36},"end":{"line":220,"column":37}},"loc":{"start":{"line":220,"column":53},"end":{"line":246,"column":5}}},"7":{"name":"(anonymous_14)","decl":{"start":{"line":227,"column":22},"end":{"line":227,"column":26}},"loc":{"start":{"line":227,"column":29},"end":{"line":233,"column":9}}},"8":{"name":"(anonymous_15)","decl":{"start":{"line":235,"column":55},"end":{"line":235,"column":62}},"loc":{"start":{"line":235,"column":67},"end":{"line":240,"column":10}}},"9":{"name":"(anonymous_16)","decl":{"start":{"line":243,"column":21},"end":{"line":243,"column":22}},"loc":{"start":{"line":243,"column":31},"end":{"line":243,"column":48}}},"10":{"name":"(anonymous_17)","decl":{"start":{"line":248,"column":25},"end":{"line":248,"column":30}},"loc":{"start":{"line":248,"column":54},"end":{"line":270,"column":5}}},"11":{"name":"(anonymous_18)","decl":{"start":{"line":272,"column":24},"end":{"line":272,"column":29}},"loc":{"start":{"line":272,"column":35},"end":{"line":309,"column":5}}},"12":{"name":"(anonymous_19)","decl":{"start":{"line":287,"column":35},"end":{"line":287,"column":38}},"loc":{"start":{"line":287,"column":40},"end":{"line":289,"column":13}}},"13":{"name":"(anonymous_20)","decl":{"start":{"line":290,"column":39},"end":{"line":290,"column":40}},"loc":{"start":{"line":290,"column":63},"end":{"line":295,"column":13}}},"14":{"name":"(anonymous_21)","decl":{"start":{"line":296,"column":37},"end":{"line":296,"column":38}},"loc":{"start":{"line":296,"column":54},"end":{"line":300,"column":13}}},"15":{"name":"(anonymous_22)","decl":{"start":{"line":311,"column":23},"end":{"line":311,"column":26}},"loc":{"start":{"line":311,"column":28},"end":{"line":340,"column":5}}},"16":{"name":"(anonymous_23)","decl":{"start":{"line":316,"column":31},"end":{"line":316,"column":32}},"loc":{"start":{"line":316,"column":60},"end":{"line":316,"column":72}}},"17":{"name":"(anonymous_24)","decl":{"start":{"line":342,"column":25},"end":{"line":342,"column":28}},"loc":{"start":{"line":342,"column":30},"end":{"line":365,"column":5}}},"18":{"name":"(anonymous_25)","decl":{"start":{"line":353,"column":22},"end":{"line":353,"column":23}},"loc":{"start":{"line":353,"column":31},"end":{"line":364,"column":9}}},"19":{"name":"(anonymous_26)","decl":{"start":{"line":356,"column":28},"end":{"line":356,"column":31}},"loc":{"start":{"line":356,"column":33},"end":{"line":362,"column":13}}},"20":{"name":"(anonymous_27)","decl":{"start":{"line":367,"column":14},"end":{"line":367,"column":17}},"loc":{"start":{"line":367,"column":19},"end":{"line":371,"column":5}}},"21":{"name":"(anonymous_28)","decl":{"start":{"line":368,"column":15},"end":{"line":368,"column":18}},"loc":{"start":{"line":368,"column":20},"end":{"line":370,"column":9}}},"22":{"name":"(anonymous_29)","decl":{"start":{"line":392,"column":29},"end":{"line":392,"column":32}},"loc":{"start":{"line":392,"column":34},"end":{"line":401,"column":17}}},"23":{"name":"(anonymous_30)","decl":{"start":{"line":410,"column":28},"end":{"line":410,"column":31}},"loc":{"start":{"line":410,"column":33},"end":{"line":419,"column":21}}},"24":{"name":"(anonymous_31)","decl":{"start":{"line":476,"column":58},"end":{"line":476,"column":59}},"loc":{"start":{"line":476,"column":65},"end":{"line":476,"column":102}}},"25":{"name":"(anonymous_32)","decl":{"start":{"line":560,"column":34},"end":{"line":560,"column":37}},"loc":{"start":{"line":560,"column":39},"end":{"line":613,"column":33}}},"26":{"name":"(anonymous_33)","decl":{"start":{"line":573,"column":76},"end":{"line":573,"column":77}},"loc":{"start":{"line":573,"column":90},"end":{"line":606,"column":57}}},"27":{"name":"(anonymous_34)","decl":{"start":{"line":616,"column":108},"end":{"line":616,"column":109}},"loc":{"start":{"line":616,"column":122},"end":{"line":763,"column":37}}},"28":{"name":"(anonymous_35)","decl":{"start":{"line":673,"column":110},"end":{"line":673,"column":111}},"loc":{"start":{"line":674,"column":68},"end":{"line":704,"column":null}}}},"branchMap":{"0":{"loc":{"start":{"line":51,"column":8},"end":{"line":57,"column":10}},"type":"if","locations":[{"start":{"line":51,"column":8},"end":{"line":57,"column":10}},{"start":{},"end":{}}]},"1":{"loc":{"start":{"line":60,"column":26},"end":{"line":60,"column":59}},"type":"binary-expr","locations":[{"start":{"line":60,"column":26},"end":{"line":60,"column":52}},{"start":{"line":60,"column":56},"end":{"line":60,"column":59}}]},"2":{"loc":{"start":{"line":62,"column":8},"end":{"line":119,"column":null}},"type":"switch","locations":[{"start":{"line":63,"column":12},"end":{"line":70,"column":18}},{"start":{"line":71,"column":12},"end":{"line":78,"column":18}},{"start":{"line":79,"column":12},"end":{"line":86,"column":18}},{"start":{"line":87,"column":12},"end":{"line":94,"column":18}},{"start":{"line":95,"column":12},"end":{"line":102,"column":18}},{"start":{"line":103,"column":12},"end":{"line":110,"column":18}},{"start":{"line":111,"column":12},"end":{"line":118,"column":18}}]},"3":{"loc":{"start":{"line":123,"column":8},"end":{"line":123,"column":50}},"type":"if","locations":[{"start":{"line":123,"column":8},"end":{"line":123,"column":50}},{"start":{},"end":{}}]},"4":{"loc":{"start":{"line":126,"column":8},"end":{"line":139,"column":null}},"type":"switch","locations":[{"start":{"line":127,"column":12},"end":{"line":128,"column":50}},{"start":{"line":129,"column":12},"end":{"line":130,"column":49}},{"start":{"line":131,"column":12},"end":{"line":131,"column":25}},{"start":{"line":132,"column":12},"end":{"line":132,"column":24}},{"start":{"line":133,"column":12},"end":{"line":134,"column":35}},{"start":{"line":135,"column":12},"end":{"line":136,"column":36}},{"start":{"line":137,"column":12},"end":{"line":138,"column":44}}]},"5":{"loc":{"start":{"line":144,"column":8},"end":{"line":144,"column":77}},"type":"if","locations":[{"start":{"line":144,"column":8},"end":{"line":144,"column":77}},{"start":{},"end":{}}]},"6":{"loc":{"start":{"line":144,"column":12},"end":{"line":144,"column":68}},"type":"binary-expr","locations":[{"start":{"line":144,"column":12},"end":{"line":144,"column":26}},{"start":{"line":144,"column":30},"end":{"line":144,"column":44}},{"start":{"line":144,"column":48},"end":{"line":144,"column":68}}]},"7":{"loc":{"start":{"line":147,"column":8},"end":{"line":147,"column":25}},"type":"if","locations":[{"start":{"line":147,"column":8},"end":{"line":147,"column":25}},{"start":{},"end":{}}]},"8":{"loc":{"start":{"line":150,"column":8},"end":{"line":150,"column":27}},"type":"if","locations":[{"start":{"line":150,"column":8},"end":{"line":150,"column":27}},{"start":{},"end":{}}]},"9":{"loc":{"start":{"line":163,"column":30},"end":{"line":163,"column":77}},"type":"cond-expr","locations":[{"start":{"line":163,"column":56},"end":{"line":163,"column":65}},{"start":{"line":163,"column":68},"end":{"line":163,"column":77}}]},"10":{"loc":{"start":{"line":176,"column":12},"end":{"line":181,"column":null}},"type":"if","locations":[{"start":{"line":176,"column":12},"end":{"line":181,"column":null}},{"start":{"line":179,"column":19},"end":{"line":181,"column":null}}]},"11":{"loc":{"start":{"line":184,"column":12},"end":{"line":189,"column":null}},"type":"if","locations":[{"start":{"line":184,"column":12},"end":{"line":189,"column":null}},{"start":{},"end":{}}]},"12":{"loc":{"start":{"line":192,"column":12},"end":{"line":196,"column":null}},"type":"if","locations":[{"start":{"line":192,"column":12},"end":{"line":196,"column":null}},{"start":{},"end":{}}]},"13":{"loc":{"start":{"line":192,"column":16},"end":{"line":192,"column":39}},"type":"binary-expr","locations":[{"start":{"line":192,"column":16},"end":{"line":192,"column":24}},{"start":{"line":192,"column":28},"end":{"line":192,"column":39}}]},"14":{"loc":{"start":{"line":199,"column":12},"end":{"line":203,"column":null}},"type":"if","locations":[{"start":{"line":199,"column":12},"end":{"line":203,"column":null}},{"start":{},"end":{}}]},"15":{"loc":{"start":{"line":208,"column":8},"end":{"line":216,"column":null}},"type":"switch","locations":[{"start":{"line":209,"column":12},"end":{"line":209,"column":43}},{"start":{"line":210,"column":12},"end":{"line":210,"column":41}},{"start":{"line":211,"column":12},"end":{"line":211,"column":43}},{"start":{"line":212,"column":12},"end":{"line":212,"column":42}},{"start":{"line":213,"column":12},"end":{"line":213,"column":46}},{"start":{"line":214,"column":12},"end":{"line":214,"column":45}},{"start":{"line":215,"column":12},"end":{"line":215,"column":38}}]},"16":{"loc":{"start":{"line":221,"column":8},"end":{"line":221,"column":54}},"type":"if","locations":[{"start":{"line":221,"column":8},"end":{"line":221,"column":54}},{"start":{},"end":{}}]},"17":{"loc":{"start":{"line":221,"column":12},"end":{"line":221,"column":40}},"type":"binary-expr","locations":[{"start":{"line":221,"column":12},"end":{"line":221,"column":18}},{"start":{"line":221,"column":22},"end":{"line":221,"column":40}}]},"18":{"loc":{"start":{"line":228,"column":12},"end":{"line":232,"column":null}},"type":"if","locations":[{"start":{"line":228,"column":12},"end":{"line":232,"column":null}},{"start":{},"end":{}}]},"19":{"loc":{"start":{"line":230,"column":43},"end":{"line":230,"column":71}},"type":"binary-expr","locations":[{"start":{"line":230,"column":43},"end":{"line":230,"column":66}},{"start":{"line":230,"column":70},"end":{"line":230,"column":71}}]},"20":{"loc":{"start":{"line":231,"column":43},"end":{"line":231,"column":71}},"type":"binary-expr","locations":[{"start":{"line":231,"column":43},"end":{"line":231,"column":66}},{"start":{"line":231,"column":70},"end":{"line":231,"column":71}}]},"21":{"loc":{"start":{"line":231,"column":76},"end":{"line":231,"column":112}},"type":"binary-expr","locations":[{"start":{"line":231,"column":76},"end":{"line":231,"column":107}},{"start":{"line":231,"column":111},"end":{"line":231,"column":112}}]},"22":{"loc":{"start":{"line":250,"column":8},"end":{"line":250,"column":27}},"type":"if","
[...]
ine":330,"column":4},"end":{"line":342,"column":null}},"105":{"start":{"line":331,"column":23},"end":{"line":331,"column":33}},"106":{"start":{"line":332,"column":6},"end":{"line":332,"column":50}},"107":{"start":{"line":334,"column":6},"end":{"line":341,"column":8}},"108":{"start":{"line":347,"column":18},"end":{"line":347,"column":45}},"109":{"start":{"line":348,"column":30},"end":{"line":348,"column":67}},"110":{"start":{"line":349,"column":35},"end":{"line":349,"column":77}},"111":{"start":{"line":350,"column":18},"end":{"line":350,"column":44}},"112":{"start":{"line":351,"column":35},"end":{"line":351,"column":77}},"113":{"start":{"line":355,"column":21},"end":{"line":355,"column":55}},"114":{"start":{"line":356,"column":33},"end":{"line":356,"column":78}},"115":{"start":{"line":357,"column":49},"end":{"line":357,"column":96}},"116":{"start":{"line":361,"column":43},"end":{"line":361,"column":85}},"117":{"start":{"line":362,"column":32},"end":{"line":362,"column":68}},"118":{"start":{"line":363,"column":50},"end":{"line":363,"column":105}},"119":{"start":{"line":364,"column":43},"end":{"line":364,"column":80}},"120":{"start":{"line":368,"column":46},"end":{"line":368,"column":78}},"121":{"start":{"line":369,"column":43},"end":{"line":369,"column":84}},"122":{"start":{"line":370,"column":23},"end":{"line":370,"column":51}},"123":{"start":{"line":374,"column":19},"end":{"line":374,"column":50}},"124":{"start":{"line":375,"column":28},"end":{"line":375,"column":63}},"125":{"start":{"line":376,"column":38},"end":{"line":376,"column":94}},"126":{"start":{"line":377,"column":41},"end":{"line":377,"column":84}},"127":{"start":{"line":381,"column":0},"end":{"line":381,"column":27}}},"fnMap":{"0":{"name":"(anonymous_1)","decl":{"start":{"line":66,"column":2},"end":{"line":66,"column":14}},"loc":{"start":{"line":66,"column":78},"end":{"line":73,"column":3}}},"1":{"name":"(anonymous_2)","decl":{"start":{"line":75,"column":2},"end":{"line":75,"column":15}},"loc":{"start":{"line":75,"column":15},"end":{"line":89,"column":3}}},"2":{"name":"(anonymous_3)","decl":{"start":{"line":91,"column":2},"end":{"line":91,"column":12}},"loc":{"start":{"line":91,"column":12},"end":{"line":100,"column":3}}},"3":{"name":"(anonymous_4)","decl":{"start":{"line":104,"column":18},"end":{"line":104,"column":19}},"loc":{"start":{"line":104,"column":150},"end":{"line":263,"column":1}}},"4":{"name":"(anonymous_5)","decl":{"start":{"line":118,"column":4},"end":{"line":118,"column":5}},"loc":{"start":{"line":118,"column":16},"end":{"line":146,"column":5}}},"5":{"name":"(anonymous_6)","decl":{"start":{"line":147,"column":4},"end":{"line":147,"column":5}},"loc":{"start":{"line":147,"column":14},"end":{"line":153,"column":5}}},"6":{"name":"(anonymous_7)","decl":{"start":{"line":158,"column":4},"end":{"line":158,"column":5}},"loc":{"start":{"line":158,"column":17},"end":{"line":172,"column":5}}},"7":{"name":"(anonymous_8)","decl":{"start":{"line":173,"column":4},"end":{"line":173,"column":9}},"loc":{"start":{"line":173,"column":20},"end":{"line":259,"column":5}}},"8":{"name":"(anonymous_9)","decl":{"start":{"line":212,"column":28},"end":{"line":212,"column":35}},"loc":{"start":{"line":212,"column":39},"end":{"line":212,"column":65}}},"9":{"name":"(anonymous_10)","decl":{"start":{"line":267,"column":22},"end":{"line":267,"column":23}},"loc":{"start":{"line":267,"column":41},"end":{"line":282,"column":1}}},"10":{"name":"(anonymous_11)","decl":{"start":{"line":284,"column":26},"end":{"line":284,"column":27}},"loc":{"start":{"line":284,"column":47},"end":{"line":289,"column":1}}},"11":{"name":"(anonymous_12)","decl":{"start":{"line":291,"column":25},"end":{"line":291,"column":26}},"loc":{"start":{"line":291,"column":52},"end":{"line":300,"column":1}}},"12":{"name":"(anonymous_13)","decl":{"start":{"line":292,"column":41},"end":{"line":292,"column":42}},"loc":{"start":{"line":292,"column":60},"end":{"line":292,"column":76}}},"13":{"name":"(anonymous_14)","decl":{"start":{"line":302,"column":20},"end":{"line":302,"column":21}},"loc":{"start":{"line":302,"column":40},"end":{"line":319,"column":1}}},"14":{"name":"(anonymous_15)","decl":{"start":{"line":329,"column":8},"end":{"line":329,"column":13}},"loc":{"start":{"line":329,"column":97},"end":{"line":343,"column":3}}},"15":{"name":"(anonymous_16)","decl":{"start":{"line":347,"column":12},"end":{"line":347,"column":15}},"loc":{"start":{"line":347,"column":18},"end":{"line":347,"column":45}}},"16":{"name":"(anonymous_17)","decl":{"start":{"line":348,"column":12},"end":{"line":348,"column":13}},"loc":{"start":{"line":348,"column":30},"end":{"line":348,"column":67}}},"17":{"name":"(anonymous_18)","decl":{"start":{"line":349,"column":17},"end":{"line":349,"column":18}},"loc":{"start":{"line":349,"column":35},"end":{"line":349,"column":77}}},"18":{"name":"(anonymous_19)","decl":{"start":{"line":350,"column":12},"end":{"line":350,"column":15}},"loc":{"start":{"line":350,"column":18},"end":{"line":350,"column":44}}},"19":{"name":"(anonymous_20)","decl":{"start":{"line":351,"column":13},"end":{"line":351,"column":14}},"loc":{"start":{"line":351,"column":35},"end":{"line":351,"column":77}}},"20":{"name":"(anonymous_21)","decl":{"start":{"line":355,"column":15},"end":{"line":355,"column":18}},"loc":{"start":{"line":355,"column":21},"end":{"line":355,"column":55}}},"21":{"name":"(anonymous_22)","decl":{"start":{"line":356,"column":17},"end":{"line":356,"column":18}},"loc":{"start":{"line":356,"column":33},"end":{"line":356,"column":78}}},"22":{"name":"(anonymous_23)","decl":{"start":{"line":357,"column":16},"end":{"line":357,"column":17}},"loc":{"start":{"line":357,"column":49},"end":{"line":357,"column":96}}},"23":{"name":"(anonymous_24)","decl":{"start":{"line":361,"column":10},"end":{"line":361,"column":11}},"loc":{"start":{"line":361,"column":43},"end":{"line":361,"column":85}}},"24":{"name":"(anonymous_25)","decl":{"start":{"line":362,"column":16},"end":{"line":362,"column":17}},"loc":{"start":{"line":362,"column":32},"end":{"line":362,"column":68}}},"25":{"name":"(anonymous_26)","decl":{"start":{"line":363,"column":18},"end":{"line":363,"column":19}},"loc":{"start":{"line":363,"column":50},"end":{"line":363,"column":105}}},"26":{"name":"(anonymous_27)","decl":{"start":{"line":364,"column":12},"end":{"line":364,"column":13}},"loc":{"start":{"line":364,"column":43},"end":{"line":364,"column":80}}},"27":{"name":"(anonymous_28)","decl":{"start":{"line":368,"column":13},"end":{"line":368,"column":14}},"loc":{"start":{"line":368,"column":46},"end":{"line":368,"column":78}}},"28":{"name":"(anonymous_29)","decl":{"start":{"line":369,"column":22},"end":{"line":369,"column":23}},"loc":{"start":{"line":369,"column":43},"end":{"line":369,"column":84}}},"29":{"name":"(anonymous_30)","decl":{"start":{"line":370,"column":17},"end":{"line":370,"column":20}},"loc":{"start":{"line":370,"column":23},"end":{"line":370,"column":51}}},"30":{"name":"(anonymous_31)","decl":{"start":{"line":374,"column":13},"end":{"line":374,"column":16}},"loc":{"start":{"line":374,"column":19},"end":{"line":374,"column":50}}},"31":{"name":"(anonymous_32)","decl":{"start":{"line":375,"column":22},"end":{"line":375,"column":25}},"loc":{"start":{"line":375,"column":28},"end":{"line":375,"column":63}}},"32":{"name":"(anonymous_33)","decl":{"start":{"line":376,"column":16},"end":{"line":376,"column":17}},"loc":{"start":{"line":376,"column":38},"end":{"line":376,"column":94}}},"33":{"name":"(anonymous_34)","decl":{"start":{"line":377,"column":18},"end":{"line":377,"column":19}},"loc":{"start":{"line":377,"column":41},"end":{"line":377,"column":84}}}},"branchMap":{"0":{"loc":{"start":{"line":66,"column":45},"end":{"line":66,"column":78}},"type":"default-arg","locations":[{"start":{"line":66,"column":76},"end":{"line":66,"column":78}}]},"1":{"loc":{"start":{"line":88,"column":11},"end":{"line":88,"column":83}},"type":"binary-expr","locations":[{"start":{"line":88,"column":11},"end":{"line":88,"column":30}},{"start":{"line":88,"column":34},"end":{"line":88,"column":83}}]},"2":{"loc":{"start":{"line":104,"column":19},"end":{"line":104,"column":146}},"type":"default-arg","locations":[{"start":{"line":104,"column":144},"end":{"line":104,"column":146}}]},"3":{"loc":{"start":{"line":106,"column":13},"end":{"line":106,"column":87}},"type":"binary-expr","locations":[{"start":{"line":106,"column":13},"end":{"line":106,"column":27}},{"start":{"line":106,"column":31},"end":{"line":106,"column":60}},{"start":{"line":106,"column":64},"end":{"line":106,"column":87}}]},"4":{"loc":{"start":{"line":107,"column":13},"end":{"line":107,"column":36}},"type":"binary-expr","locations":[{"start":{"line":107,"column":13},"end":{"line":107,"column":27}},{"start":{"line":107,"column":31},"end":{"line":107,"column":36}}]},"5":{"loc":{"start":{"line":125,"column":6},"end":{"line":130,"column":null}},"type":"if","locations":[{"start":{"line":125,"column":6},"end":{"line":130,"column":null}},{"start":{},"end":{}}]},"6":{"loc":{"start":{"line":126,"column":22},"end":{"line":126,"column":86}},"type":"binary-expr","locations":[{"start":{"line":126,"column":22},"end":{"line":126,"column":51}},{"start":{"line":126,"column":55},"end":{"line":126,"column":86}}]},"7":{"loc":{"start":{"line":127,"column":8},"end":{"line":129,"column":null}},"type":"if","locations":[{"start":{"line":127,"column":8},"end":{"line":129,"column":null}},{"start":{},"end":{}}]},"8":{"loc":{"start":{"line":133,"column":6},"end":{"line":135,"column":null}},"type":"if","locations":[{"start":{"line":133,"column":6},"end":{"line":135,"column":null}},{"start":{},"end":{}}]},"9":{"loc":{"start":{"line":138,"column":6},"end":{"line":143,"column":null}},"type":"if","locations":[{"start":{"line":138,"column":6},"end":{"line":143,"column":null}},{"start":{},"end":{}}]},"10":{"loc":{"start":{"line":139,"column":29},"end":{"line":139,"column":71}},"type":"binary-expr","locations":[{"start":{"line":139,"column":29},"end":{"line":139,"column":58}},{"start":{"line":139,"column":62},"end":{"line":139,"column":71}}]},"11":{"loc":{"start":{"line":160,"column":23},"end":{"line":160,"column":48}},"type":"binary-expr","locations":[{"start":{"line":160,"column":23},"end":{"line":160,"column":42}},{"start":{"line":160,"column":46},"end":{"line":160,"column":48}}]},"12":{"loc":{"start":{"line":163,"column":6},"end":{"line":165,"column":null}},"type":"if","locations":[{"start":{"line":163,"column":6},"end":{"line":165,"column":null}},{"start":{},"end":{}}]},"13":{"loc":{"start":{"line":167,"column":6},"end":{"line":169,"column":null}},"type":"if","locations":[{"start":{"line":167,"column":6},"end":{"line":169,"column":null}},{"start":{},"end":{}}]},"14":{"loc":{"start":{"line":168,"column":57},"end":{"line":168,"column":107}},"type":"binary-expr","locations":[{"start":{"line":168,"column":57},"end":{"line":168,"column":94}},{"start":{"line":168,"column":98},"end":{"line":168,"column":107}}]},"15":{"loc":{"start":{"line":179,"column":6},"end":{"line":253,"column":null}},"type":"if","locations":[{"start":{"line":179,"column":6},"end":{"line":253,"column":null}},{"start":{"line":186,"column":13},"end":{"line":253,"column":null}}]},"16":{"loc":{"start":{"line":186,"column":13},"end":{"line":253,"column":null}},"type":"if","locations":[{"start":{"line":186,"column":13},"end":{"line":253,"column":null}},{"start":{"line":199,"column":13},"end":{"line":253,"column":null}}]},"17":{"loc":{"start":{"line":194,"column":8},"end":{"line":198,"column":null}},"type":"if","locations":[{"start":{"line":194,"column":8},"end":{"line":198,"column":null}},{"start":{},"end":{}}]},"18":{"loc":{"start":{"line":199,"column":13},"end":{"line":253,"column":null}},"type":"if","locations":[{"start":{"line":199,"column":13},"end":{"line":253,"column":null}},{"start":{"line":205,"column":13},"end":{"line":253,"column":null}}]},"19":{"loc":{"start":{"line":205,"column":13},"end":{"line":253,"column":null}},"type":"if","locations":[{"start":{"line":205,"column":13},"end":{"line":253,"column":null}},{"start":{"line":221,"column":13},"end":{"line":253,"column":null}}]},"20":{"loc":{"start":{"line":205,"column":17},"end":{"line":205,"column":79}},"type":"binary-expr","locations":[{"start":{"line":205,"column":17},"end":{"line":205,"column":46}},{"start":{"line":205,"column":50},"end":{"line":205,"column":79}}]},"21":{"loc":{"start":{"line":207,"column":27},"end":{"line":207,"column":59}},"type":"binary-expr","locations":[{"start":{"line":207,"column":27},"end":{"line":207,"column":54}},{"start":{"line":207,"column":58},"end":{"line":207,"column":59}}]},"22":{"loc":{"start":{"line":208,"column":8},"end":{"line":214,"column":null}},"type":"if","locations":[{"start":{"line":208,"column":8},"end":{"line":214,"column":null}},{"start":{},"end":{}}]},"23":{"loc":{"start":{"line":209,"column":41},"end":{"line":209,"column":73}},"type":"binary-expr","locations":[{"start":{"line":209,"column":41},"end":{"line":209,"column":68}},{"start":{"line":209,"column":72},"end":{"line":209,"column":73}}]},"24":{"loc":{"start":{"line":210,"column":68},"end":{"line":210,"column":102}},"type":"binary-expr","locations":[{"start":{"line":210,"column":68},"end":{"line":210,"column":94}},{"start":{"line":210,"column":98},"end":{"line":210,"column":102}}]},"25":{"loc":{"start":{"line":221,"column":13},"end":{"line":253,"column":null}},"type":"if","locations":[{"start":{"line":221,"column":13},"end":{"line":253,"column":null}},{"start":{"line":227,"column":13},"end":{"line":253,"column":null}}]},"26":{"loc":{"start":{"line":227,"column":13},"end":{"line":253,"column":null}},"type":"if","locations":[{"start":{"line":227,"column":13},"end":{"line":253,"column":null}},{"start":{"line":233,"column":13},"end":{"line":253,"column":null}}]},"27":{"loc":{"start":{"line":233,"column":13},"end":{"line":253,"column":null}},"type":"if","locations":[{"start":{"line":233,"column":13},"end":{"line":253,"column":null}},{"start":{"line":240,"column":13},"end":{"line":253,"column":null}}]},"28":{"loc":{"start":{"line":240,"column":13},"end":{"line":253,"column":null}},"type":"if","locations":[{"start":{"line":240,"column":13},"end":{"line":253,"column":null}},{"start":{"line":247,"column":13},"end":{"line":253,"column":null}}]},"29":{"loc":{"start":{"line":245,"column":20},"end":{"line":245,"column":70}},"type":"binary-expr","locations":[{"start":{"line":245,"column":20},"end":{"line":245,"column":47}},{"start":{"line":245,"column":51},"end":{"line":245,"column":70}}]},"30":{"loc":{"start":{"line":250,"column":10},"end":{"line":250,"column":54}},"type":"binary-expr","locations":[{"start":{"line":250,"column":10},"end":{"line":250,"column":37}},{"start":{"line":250,"column":41},"end":{"line":250,"column":54}}]},"31":{"loc":{"start":{"line":268,"column":2},"end":{"line":270,"column":null}},"type":"if","locations":[{"start":{"line":268,"column":2},"end":{"line":270,"column":null}},{"start":{},"end":{}}]},"32":{"loc":{"start":{"line":271,"column":2},"end":{"line":273,"column":null}},"type":"if","locations":[{"start":{"line":271,"column":2},"end":{"line":273,"column":null}},{"start":{},"end":{}}]},"33":{"loc":{"start":{"line":274,"column":2},"end":{"line":280,"column":null}},"type":"if","locations":[{"start":{"line":274,"column":2},"end":{"line":280,"column":null}},{"start":{},"end":{}}]},"34":{"loc":{"start":{"line":274,"column":6},"end":{"line":274,"column":47}},"type":"binary-expr","locations":[{"start":{"line":274,"column":6},"end":{"line":274,"column":30}},{"start":{"line":274,"column":34},"end":{"line":274,"column":47}}]},"35":{"loc":{"start":{"line":285,"column":2},"end":{"line":285,"column":69}},"type":"if","locations":[{"start":{"line":285,"column":2},"end":{"line":285,"column":69}},{"start":{},"end":{}}]},"36":{"loc":{"start":{"line":286,"column":2},"end":{"line":286,"column":65}},"type":"if","locations":[{"start":{"line":286,"column":2},"end":{"line":286,"column":65}},{"start":{},"end":{}}]},"37":{"loc":{"start":{"line":287,"column":2},"end":{"line":287,"column":61}},"type":"if","locations":[{"start":{"line":287,"column":2},"end":{"line":287,"column":61}},{"start":{},"end":{}}]},"38":{"loc":{"start":{"line":293,"column":2},"end":{"line":299,"column":null}},"type":"if","locations":[{"start":{"line":293,"column":2},"end":{"line":299,"column":null}},{"start":{},"end":{}}]},"39":{"loc":{"start":{"line":296,"column":4},"end":{"line":298,"column":null}},"type":"if","locations":[{"start":{"line":296,"column":4},"end":{"line":298,"column":null}},{"start":{},"end":{}}]},"40":{"loc":{"start":{"line":306,"column":2},"end":{"line":308,"column":null}},"type":"if","locations":[{"start":{"line":306,"column":2},"end":{"line":308,"column":null}},{"start":{},"end":{}}]},"41":{"loc":{"start":{"line":311,"column":2},"end":{"line":313,"column":null}},"type":"if","locations":[{"start":{"line":311,"column":2},"end":{"line":313,"column":null}},{"start":{},"end":{}}]},"42":{"loc":{"start":{"line":316,"column":34},"end":{"line":316,"column":83}},"type":"binary-expr","locations":[{"start":{"line":316,"column":34},"end":{"line":316,"column":75}},{"start":{"line":316,"column":79},"end":{"line":316,"column":83}}]},"43":{"loc":{"start":{"line":336,"column":15},"end":{"line":339,"column":null}},"type":"cond-expr","locations":[{"start":{"line":336,"column":43},"end":{"line":336,"column":48}},{"start":{"line":336,"column":51},"end":{"line":339,"column":null}}]}},"s":{"0":0,"1":0,"2":0,"3":0,"4":0,"5":0,"6":0,"7":0,"8":0,"9":0,"10":0,"11":0,"12":0,"13":0,"14":0,"15":0,"16":0,"17":0,"18":0,"19":0,"20":0,"21":0,"22":0,"23":0,"24":0,"25":0,"26":0,"27":0,"28":0,"29":0,"30":0,"31":0,"32":0,"33":0,"34":0,"35":0,"36":0,"37":0,"38":0,"39":0,"40":0,"41":0,"42":0,"43":0,"44":0,"45":0,"46":0,"47":0,"48":0,"49":0,"50":0,"51":0,"52":0,"53":0,"54":0,"55":0,"56":0,"57":0,"58":0,"59":0,"60":0,"61":0,"62":0,"63":0,"64":0,"65":0,"66":0,"67":0,"68":0,"69":0,"70":0,"71":0,"72":0,"73":0,"74":0,"75":0,"76":0,"77":0,"78":0,"79":0,"80":0,"81":0,"82":0,"83":0,"84":0,"85":0,"86":0,"87":0,"88":0,"89":0,"90":0,"91":0,"92":0,"93":0,"94":0,"95":0,"96":0,"97":0,"98":0,"99":0,"100":0,"101":0,"102":0,"103":0,"104":0,"105":0,"106":0,"107":0,"108":0,"109":0,"110":0,"111":0,"112":0,"113":0,"114":0,"115":0,"116":0,"117":0,"118":0,"119":0,"120":0,"121":0,"122":0,"123":0,"124":0,"125":0,"126":0,"127":0},"f":{"0":0,"1":0,"2":0,"3":0,"4":0,"5":0,"6":0,"7":0,"8":0,"9":0,"10":0,"11":0,"12":0,"13":0,"14":0,"15":0,"16":0,"17":0,"18":0,"19":0,"20":0,"21":0,"22":0,"23":0,"24":0,"25":0,"26":0,"27":0,"28":0,"29":0,"30":0,"31":0,"32":0,"33":0},"b":{"0":[0],"1":[0,0],"2":[0],"3":[0,0,0],"4":[0,0],"5":[0,0],"6":[0,0],"7":[0,0],"8":[0,0],"9":[0,0],"10":[0,0],"11":[0,0],"12":[0,0],"13":[0,0],"14":[0,0],"15":[0,0],"16":[0,0],"17":[0,0],"18":[0,0],"19":[0,0],"20":[0,0],"21":[0,0],"22":[0,0],"23":[0,0],"24":[0,0],"25":[0,0],"26":[0,0],"27":[0,0],"28":[0,0],"29":[0,0],"30":[0,0],"31":[0,0],"32":[0,0],"33":[0,0],"34":[0,0],"35":[0,0],"36":[0,0],"37":[0,0],"38":[0,0],"39":[0,0],"40":[0,0],"41":[0,0],"42":[0,0],"43":[0,0]}}
,"D:\\AI-F\\AI-f\\ui\\react-app\\public\\src\\types\\index.ts": {"path":"D:\\AI-F\\AI-f\\ui\\react-app\\public\\src\\types\\index.ts","statementMap":{"0":{"start":{"line":1,"column":0},"end":{"line":1,"column":25}},"1":{"start":{"line":2,"column":0},"end":{"line":2,"column":26}},"2":{"start":{"line":3,"column":0},"end":{"line":3,"column":24}},"3":{"start":{"line":4,"column":0},"end":{"line":4,"column":26}},"4":{"start":{"line":5,"column":0},"end":{"line":5,"column":22}},"5":{"start":{"line":6,"column":0},"end":{"line":6,"column":25}},"6":{"start":{"line":7,"column":0},"end":{"line":7,"column":23}},"7":{"start":{"line":9,"column":0},"end":{"line":9,"column":26}},"8":{"start":{"line":10,"column":0},"end":{"line":10,"column":25}},"9":{"start":{"line":11,"column":0},"end":{"line":11,"column":27}}},"fnMap":{},"branchMap":{},"s":{"0":0,"1":0,"2":0,"3":0,"4":0,"5":0,"6":0,"7":0,"8":0,"9":0},"f":{},"b":{}}
}
