{"D:\\AI-F\\AI-f\\ui\\react-app\\src\\AIAssistant.tsx": {"path":"D:\\AI-F\\AI-f\\ui\\react-app\\src\\AIAssistant.tsx","statementMap":{"0":{"start":{"line":12,"column":20},"end":{"line":155,"column":1}},"1":{"start":{"line":13,"column":30},"end":{"line":13,"column":42}},"2":{"start":{"line":14,"column":44},"end":{"line":14,"column":67}},"3":{"start":{"line":15,"column":34},"end":{"line":15,"column":49}},"4":{"start":{"line":16,"column":30},"end":{"line":16,"column":42}},"5":{"start":{"line":18,"column":25},"end":{"line":43,"column":5}},"6":{"start":{"line":19,"column":8},"end":{"line":19,"column":27}},"7":{"start":{"line":20,"column":8},"end":{"line":20,"column":34}},"8":{"start":{"line":20,"column":27},"end":{"line":20,"column":34}},"9":{"start":{"line":22,"column":8},"end":{"line":22,"column":25}},"10":{"start":{"line":23,"column":8},"end":{"line":23,"column":21}},"11":{"start":{"line":26,"column":37},"end":{"line":26,"column":69}},"12":{"start":{"line":27,"column":8},"end":{"line":27,"column":56}},"13":{"start":{"line":27,"column":32},"end":{"line":27,"column":54}},"14":{"start":{"line":29,"column":8},"end":{"line":41,"column":9}},"15":{"start":{"line":30,"column":29},"end":{"line":30,"column":77}},"16":{"start":{"line":31,"column":39},"end":{"line":35,"column":13}},"17":{"start":{"line":36,"column":12},"end":{"line":36,"column":58}},"18":{"start":{"line":36,"column":36},"end":{"line":36,"column":56}},"19":{"start":{"line":37,"column":12},"end":{"line":37,"column":25}},"20":{"start":{"line":39,"column":12},"end":{"line":39,"column":56}},"21":{"start":{"line":40,"column":12},"end":{"line":40,"column":69}},"22":{"start":{"line":42,"column":8},"end":{"line":42,"column":26}},"23":{"start":{"line":45,"column":4},"end":{"line":154,"column":6}},"24":{"start":{"line":67,"column":24},"end":{"line":84,"column":30}},"25":{"start":{"line":106,"column":41},"end":{"line":106,"column":65}},"26":{"start":{"line":141,"column":24},"end":{"line":149,"column":33}},"27":{"start":{"line":145,"column":43},"end":{"line":145,"column":61}}},"fnMap":{"0":{"name":"(anonymous_0)","decl":{"start":{"line":12,"column":20},"end":{"line":12,"column":21}},"loc":{"start":{"line":12,"column":26},"end":{"line":155,"column":1}},"line":12},"1":{"name":"(anonymous_1)","decl":{"start":{"line":18,"column":25},"end":{"line":18,"column":26}},"loc":{"start":{"line":18,"column":49},"end":{"line":43,"column":5}},"line":18},"2":{"name":"(anonymous_2)","decl":{"start":{"line":27,"column":24},"end":{"line":27,"column":25}},"loc":{"start":{"line":27,"column":32},"end":{"line":27,"column":54}},"line":27},"3":{"name":"(anonymous_3)","decl":{"start":{"line":36,"column":28},"end":{"line":36,"column":29}},"loc":{"start":{"line":36,"column":36},"end":{"line":36,"column":56}},"line":36},"4":{"name":"(anonymous_4)","decl":{"start":{"line":66,"column":37},"end":{"line":66,"column":38}},"loc":{"start":{"line":67,"column":24},"end":{"line":84,"column":30}},"line":67},"5":{"name":"(anonymous_5)","decl":{"start":{"line":106,"column":34},"end":{"line":106,"column":35}},"loc":{"start":{"line":106,"column":41},"end":{"line":106,"column":65}},"line":106},"6":{"name":"(anonymous_6)","decl":{"start":{"line":140,"column":26},"end":{"line":140,"column":27}},"loc":{"start":{"line":141,"column":24},"end":{"line":149,"column":33}},"line":141},"7":{"name":"(anonymous_7)","decl":{"start":{"line":145,"column":37},"end":{"line":145,"column":38}},"loc":{"start":{"line":145,"column":43},"end":{"line":145,"column":61}},"line":145}},"branchMap":{"0":{"loc":{"start":{"line":20,"column":8},"end":{"line":20,"column":34}},"type":"if","locations":[{"start":{"line":20,"column":8},"end":{"line":20,"column":34}},{"start":{},"end":{}}],"line":20},"1":{"loc":{"start":{"line":57,"column":17},"end":{"line":86,"column":17}},"type":"cond-expr","locations":[{"start":{"line":58,"column":20},"end":{"line":64,"column":26}},{"start":{"line":66,"column":20},"end":{"line":85,"column":22}}],"line":57},"2":{"loc":{"start":{"line":68,"column":83},"end":{"line":68,"column":130}},"type":"cond-expr","locations":[{"start":{"line":68,"column":109},"end":{"line":68,"column":118}},{"start":{"line":68,"column":121},"end":{"line":68,"column":130}}],"line":68},"3":{"loc":{"start":{"line":69,"column":33},"end":{"line":69,"column":77}},"type":"cond-expr","locations":[{"start":{"line":69,"column":59},"end":{"line":69,"column":62}},{"start":{"line":69,"column":65},"end":{"line":69,"column":77}}],"line":69},"4":{"loc":{"start":{"line":73,"column":37},"end":{"line":73,"column":85}},"type":"cond-expr","locations":[{"start":{"line":73,"column":63},"end":{"line":73,"column":68}},{"start":{"line":73,"column":71},"end":{"line":73,"column":85}}],"line":73},"5":{"loc":{"start":{"line":74,"column":37},"end":{"line":78,"column":37}},"type":"binary-expr","locations":[{"start":{"line":74,"column":37},"end":{"line":74,"column":50}},{"start":{"line":75,"column":40},"end":{"line":77,"column":47}}],"line":74},"6":{"loc":{"start":{"line":87,"column":17},"end":{"line":95,"column":17}},"type":"binary-expr","locations":[{"start":{"line":87,"column":17},"end":{"line":87,"column":24}},{"start":{"line":88,"column":20},"end":{"line":94,"column":26}}],"line":87},"7":{"loc":{"start":{"line":115,"column":34},"end":{"line":115,"column":58}},"type":"binary-expr","locations":[{"start":{"line":115,"column":34},"end":{"line":115,"column":41}},{"start":{"line":115,"column":45},"end":{"line":115,"column":58}}],"line":115},"8":{"loc":{"start":{"line":117,"column":35},"end":{"line":117,"column":86}},"type":"cond-expr","locations":[{"start":{"line":117,"column":45},"end":{"line":117,"column":75}},{"start":{"line":117,"column":78},"end":{"line":117,"column":86}}],"line":117},"9":{"loc":{"start":{"line":119,"column":25},"end":{"line":119,"column":53}},"type":"cond-expr","locations":[{"start":{"line":119,"column":35},"end":{"line":119,"column":44}},{"start":{"line":119,"column":47},"end":{"line":119,"column":53}}],"line":119},"10":{"loc":{"start":{"line":124,"column":13},"end":{"line":128,"column":13}},"type":"binary-expr","locations":[{"start":{"line":124,"column":13},"end":{"line":124,"column":18}},{"start":{"line":125,"column":16},"end":{"line":127,"column":24}}],"line":124}},"s":{"0":0,"1":0,"2":0,"3":0,"4":0,"5":0,"6":0,"7":0,"8":0,"9":0,"10":0,"11":0,"12":0,"13":0,"14":0,"15":0,"16":0,"17":0,"18":0,"19":0,"20":0,"21":0,"22":0,"23":0,"24":0,"25":0,"26":0,"27":0},"f":{"0":0,"1":0,"2":0,"3":0,"4":0,"5":0,"6":0,"7":0},"b":{"0":[0,0],"1":[0,0],"2":[0,0],"3":[0,0],"4":[0,0],"5":[0,0],"6":[0,0],"7":[0,0],"8":[0,0],"9":[0,0],"10":[0,0]}}
,"D:\\AI-F\\AI-f\\ui\\react-app\\src\\AdminDashboard.tsx": {"path":"D:\\AI-F\\AI-f\\ui\\react-app\\src\\AdminDashboard.tsx","statementMap":{"0":{"start":{"line":10,"column":40},"end":{"line":948,"column":1}},"1":{"start":{"line":11,"column":36},"end":{"line":11,"column":48}},"2":{"start":{"line":12,"column":32},"end":{"line":12,"column":65}},"3":{"start":{"line":13,"column":34},"end":{"line":13,"column":64}},"4":{"start":{"line":14,"column":28},"end":{"line":14,"column":47}},"5":{"start":{"line":15,"column":34},"end":{"line":15,"column":49}},"6":{"start":{"line":16,"column":34},"end":{"line":16,"column":46}},"7":{"start":{"line":17,"column":36},"end":{"line":17,"column":97}},"8":{"start":{"line":18,"column":38},"end":{"line":18,"column":50}},"9":{"start":{"line":19,"column":34},"end":{"line":19,"column":46}},"10":{"start":{"line":20,"column":44},"end":{"line":20,"column":56}},"11":{"start":{"line":21,"column":44},"end":{"line":21,"column":67}},"12":{"start":{"line":22,"column":40},"end":{"line":22,"column":85}},"13":{"start":{"line":23,"column":58},"end":{"line":23,"column":70}},"14":{"start":{"line":24,"column":36},"end":{"line":24,"column":59}},"15":{"start":{"line":25,"column":34},"end":{"line":25,"column":56}},"16":{"start":{"line":26,"column":38},"end":{"line":26,"column":64}},"17":{"start":{"line":28,"column":24},"end":{"line":43,"column":5}},"18":{"start":{"line":29,"column":8},"end":{"line":29,"column":30}},"19":{"start":{"line":29,"column":23},"end":{"line":29,"column":30}},"20":{"start":{"line":30,"column":8},"end":{"line":30,"column":25}},"21":{"start":{"line":31,"column":8},"end":{"line":31,"column":23}},"22":{"start":{"line":32,"column":8},"end":{"line":41,"column":9}},"23":{"start":{"line":33,"column":29},"end":{"line":33,"column":78}},"24":{"start":{"line":34,"column":12},"end":{"line":34,"column":37}},"25":{"start":{"line":35,"column":12},"end":{"line":35,"column":54}},"26":{"start":{"line":36,"column":12},"end":{"line":36,"column":35}},"27":{"start":{"line":38,"column":12},"end":{"line":38,"column":52}},"28":{"start":{"line":39,"column":12},"end":{"line":39,"column":71}},"29":{"start":{"line":40,"column":12},"end":{"line":40,"column":33}},"30":{"start":{"line":42,"column":8},"end":{"line":42,"column":26}},"31":{"start":{"line":45,"column":25},"end":{"line":60,"column":5}},"32":{"start":{"line":46,"column":8},"end":{"line":46,"column":30}},"33":{"start":{"line":46,"column":23},"end":{"line":46,"column":30}},"34":{"start":{"line":47,"column":8},"end":{"line":47,"column":25}},"35":{"start":{"line":48,"column":8},"end":{"line":48,"column":23}},"36":{"start":{"line":49,"column":8},"end":{"line":58,"column":9}},"37":{"start":{"line":50,"column":12},"end":{"line":50,"column":65}},"38":{"start":{"line":51,"column":12},"end":{"line":51,"column":28}},"39":{"start":{"line":52,"column":12},"end":{"line":52,"column":54}},"40":{"start":{"line":53,"column":12},"end":{"line":53,"column":35}},"41":{"start":{"line":55,"column":12},"end":{"line":55,"column":53}},"42":{"start":{"line":56,"column":12},"end":{"line":56,"column":69}},"43":{"start":{"line":57,"column":12},"end":{"line":57,"column":33}},"44":{"start":{"line":59,"column":8},"end":{"line":59,"column":26}},"45":{"start":{"line":62,"column":25},"end":{"line":76,"column":5}},"46":{"start":{"line":63,"column":8},"end":{"line":63,"column":25}},"47":{"start":{"line":64,"column":8},"end":{"line":64,"column":23}},"48":{"start":{"line":65,"column":8},"end":{"line":74,"column":9}},"49":{"start":{"line":66,"column":29},"end":{"line":66,"column":66}},"50":{"start":{"line":67,"column":12},"end":{"line":67,"column":38}},"51":{"start":{"line":68,"column":12},"end":{"line":68,"column":55}},"52":{"start":{"line":69,"column":12},"end":{"line":69,"column":35}},"53":{"start":{"line":71,"column":12},"end":{"line":71,"column":53}},"54":{"start":{"line":72,"column":12},"end":{"line":72,"column":69}},"55":{"start":{"line":73,"column":12},"end":{"line":73,"column":33}},"56":{"start":{"line":75,"column":8},"end":{"line":75,"column":26}},"57":{"start":{"line":78,"column":22},"end":{"line":96,"column":5}},"58":{"start":{"line":79,"column":8},"end":{"line":79,"column":25}},"59":{"start":{"line":80,"column":8},"end":{"line":80,"column":23}},"60":{"start":{"line":81,"column":8},"end":{"line":94,"column":9}},"61":{"start":{"line":82,"column":51},"end":{"line":82,"column":53}},"62":{"start":{"line":83,"column":12},"end":{"line":83,"column":57}},"63":{"start":{"line":83,"column":27},"end":{"line":83,"column":57}},"64":{"start":{"line":84,"column":12},"end":{"line":84,"column":51}},"65":{"start":{"line":84,"column":25},"end":{"line":84,"column":51}},"66":{"start":{"line":85,"column":12},"end":{"line":85,"column":59}},"67":{"start":{"line":85,"column":30},"end":{"line":85,"column":59}},"68":{"start":{"line":86,"column":29},"end":{"line":86,"column":75}},"69":{"start":{"line":87,"column":12},"end":{"line":87,"column":40}},"70":{"start":{"line":88,"column":12},"end":{"line":88,"column":52}},"71":{"start":{"line":89,"column":12},"end":{"line":89,"column":35}},"72":{"start":{"line":91,"column":12},"end":{"line":91,"column":50}},"73":{"start":{"line":92,"column":12},"end":{"line":92,"column":66}},"74":{"start":{"line":93,"column":12},"end":{"line":93,"column":33}},"75":{"start":{"line":95,"column":8},"end":{"line":95,"column":26}},"76":{"start":{"line":98,"column":27},"end":{"line":101,"column":5}},"77":{"start":{"line":100,"column":8},"end":{"line":100,"column":69}},"78":{"start":{"line":103,"column":30},"end":{"line":117,"column":5}},"79":{"start":{"line":104,"column":8},"end":{"line":104,"column":25}},"80":{"start":{"line":105,"column":8},"end":{"line":105,"column":23}},"81":{"start":{"line":106,"column":8},"end":{"line":115,"column":9}},"82":{"start":{"line":107,"column":29},"end":{"line":107,"column":66}},"83":{"start":{"line":108,"column":12},"end":{"line":108,"column":52}},"84":{"start":{"line":109,"column":12},"end":{"line":109,"column":61}},"85":{"start":{"line":110,"column":12},"end":{"line":110,"column":35}},"86":{"start":{"line":112,"column":12},"end":{"line":112,"column":59}},"87":{"start":{"line":113,"column":12},"end":{"line":113,"column":75}},"88":{"start":{"line":114,"column":12},"end":{"line":114,"column":33}},"89":{"start":{"line":116,"column":8},"end":{"line":116,"column":26}},"90":{"start":{"line":119,"column":28},"end":{"line":133,"column":5}},"91":{"start":{"line":120,"column":8},"end":{"line":120,"column":25}},"92":{"start":{"line":121,"column":8},"end":{"line":121,"column":23}},"93":{"start":{"line":122,"column":8},"end":{"line":131,"column":9}},"94":{"start":{"line":123,"column":29},"end":{"line":123,"column":64}},"95":{"start":{"line":124,"column":12},"end":{"line":124,"column":41}},"96":{"start":{"line":125,"column":12},"end":{"line":125,"column":59}},"97":{"start":{"line":126,"column":12},"end":{"line":126,"column":35}},"98":{"start":{"line":128,"column":12},"end":{"line":128,"column":57}},"99":{"start":{"line":129,"column":12},"end":{"line":129,"column":73}},"100":{"start":{"line":130,"column":12},"end":{"line":130,"column":33}},"101":{"start":{"line":132,"column":8},"end":{"line":132,"column":26}},"102":{"start":{"line":135,"column":25},"end":{"line":149,"column":5}},"103":{"start":{"line":136,"column":8},"end":{"line":136,"column":25}},"104":{"start":{"line":137,"column":8},"end":{"line":137,"column":23}},"105":{"start":{"line":138,"column":8},"end":{"line":147,"column":9}},"106":{"start":{"line":139,"column":12},"end":{"line":139,"column":51}},"107":{"start":{"line":140,"column":12},"end":{"line":140,"column":65}},"108":{"start":{"line":141,"column":12},"end":{"line":141,"column":53}},"109":{"start":{"line":142,"column":12},"end":{"line":142,"column":35}},"110":{"start":{"line":144,"column":12},"end":{"line":144,"column":53}},"111":{"start":{"line":145,"column":12},"end":{"line":145,"column":69}},"112":{"start":{"line":146,"column":12},"end":{"line":146,"column":33}},"113":{"start":{"line":148,"column":8},"end":{"line":148,"column":26}},"114":{"start":{"line":151,"column":26},"end":{"line":165,"column":5}},"115":{"start":{"line":152,"column":8},"end":{"line":152,"column":25}},"116":{"start":{"line":153,"column":8},"end":{"line":153,"column":23}},"117":{"start":{"line":154,"column":8},"end":{"line":163,"column":9}},"118":{"start":{"line":155,"column":29},"end":{"line":155,"column":61}},"119":{"start":{"line":156,"column":12},"end":{"line":156,"column":39}},"120":{"start":{"line":157,"column":12},"end":{"line":157,"column":56}},"121":{"start":{"line":158,"column":12},"end":{"line":158,"column":35}},"122":{"start":{"line":160,"column":12},"end":{"line":160,"column":54}},"123":{"start":{"line":161,"column":12},"end":{"line":161,"column":70}},"124":{"start":{"line":162,"column":12},"end":{"line":162,"column":33}},"125":{"start":{"line":164,"column":8},"end":{"line":164,"column":26}},"126":{"start":{"line":167,"column":25},"end":{"line":181,"column":5}},"127":{"start":{"line":168,"column":8},"end":{"line":168,"column":25}},"128":{"start":{"line":169,"column":8},"end":{"line":169,"column":23}},"129":{"start":{"line":170,"column":8},"end":{"line":179,"column":9}},"130":{"start":{"line":171,"column":29},"end":{"line":171,"column":60}},"131":{"start":{"line":172,"column":12},"end":{"line":172,"column":38}},"132":{"start":{"line":173,"column":12},"end":{"line":173,"column":55}},"133":{"start":{"line":174,"column":12},"end":{"line":174,"column":35}},"134":{"start":{"line":176,"column":12},"end":{"line":176,"column":53}},"135":{"start":{"line":177,"column":12},"end":{"line":177,"column":69}},"136":{"start":{"line":178,"column":12},"end":{"line":178,"column":33}},"137":{"start":{"line":180,"column":8},"end":{"line":180,"column":26}},"138":{"start":{"line":183,"column":27},"end":{"line":197,"column":5}},"139":{"start":{"line":184,"column":8},"end":{"line":184,"column":25}},"140":{"start":{"line":185,"column":8},"end":{"line":185,"column":23}},"141":{"start":{"line":186,"column":8},"end":{"line":195,"column":9}},"142":{"start":{"line":187,"column":29},"end":{"line":187,"column":62}},"143":{"start":{"line":188,"column":12},"end":{"line":188,"column":40}},"144":{"start":{"line":189,"column":12},"end":{"line":189,"column":57}},"145":{"start":{"line":190,"column":12},"end":{"line":190,"column":35}},"146":{"start":{"line":192,"column":12},"end":{"line":192,"column":55}},"147":{"start":{"line":193,"column":12},"end":{"line":193,"column":71}},"148":{"start":{"line":194,"column":12},"end":{"line":194,"column":33}},"149":{"start":{"line":196,"column":8},"end":{"line":196,"column":26}},"150":{"start":{"line":199,"column":4},"end":{"line":947,"column":6}},"151":{"start":{"line":223,"column":88},"end":{"line":223,"column":115}},"152":{"start":{"line":460,"column":44},"end":{"line":469,"column":55}},"153":{"start":{"line":674,"column":44},"end":{"line":679,"column":55}},"154":{"start":{"line":693,"column":44},"end":{"line":698,"column":55}},"155":{"start":{"line":753,"column":98},"end":{"line":753,"column":112}},"156":{"start":{"line":754,"column":98},"end":{"line":754,"column":111}},"157":{"start":{"line":756,"column":122},"end":{"line":756,"column":128}},"158":{"start":{"line":774,"column":98},"end":{"line":774,"column":103}},"159":{"start":{"line":776,"column":122},"end":{"line":776,"column":128}},"160":{"start":{"line":801,"column":60},"end":{"line":805,"column":71}},"161":{"start":{"line":835,"column":88},"end":{"line":835,"column":116}},"162":{"start":{"line":845,"column":88},"end":{"line":845,"column":114}},"163":{"start":{"line":853,"column":88},"end":{"line":853,"column":119}},"164":{"start":{"line":904,"column":48},"end":{"line":919,"column":59}},"165":{"start":{"line":913,"column":75},"end":{"line":913,"column":94}}},"fnMap":{"0":{"name":"(anonymous_0)","decl":{"start":{"line":10,"column":40},"end":{"line":10,"column":41}},"loc":{"start":{"line":10,"column":46},"end":{"line":948,"column":1}},"line":10},"1":{"name":"(anonymous_1)","decl":{"start":{"line":28,"column":24},"end":{"line":28,"column":25}},"loc":{"start":{"line":28,"column":36},"end":{"line":43,"column":5}},"line":28},"2":{"name":"(anonymous_2)","decl":{"start":{"line":45,"column":25},"end":{"line":45,"column":26}},"loc":{"start":{"line":45,"column":37},"end":{"line":60,"column":5}},"line":45},"3":{"name":"(anonymous_3)","decl":{"start":{"line":62,"column":25},"end":{"line":62,"column":26}},"loc":{"start":{"line":62,"column":37},"end":{"line":76,"column":5}},"line":62},"4":{"name":"(anonymous_4)","decl":{"start":{"line":78,"column":22},"end":{"line":78,"column":23}},"loc":{"start":{"line":78,"column":34},"end":{"line":96,"column":5}},"line":78},"5":{"name":"(anonymous_5)","decl":{"start":{"line":98,"column":27},"end":{"line":98,"column":28}},"loc":{"start":{"line":98,"column":41},"end":{"line":101,"column":5}},"line":98},"6":{"name":"(anonymous_6)","decl":{"start":{"line":103,"column":30},"end":{"line":103,"column":31}},"loc":{"start":{"line":103,"column":42},"end":{"line":117,"column":5}},"line":103},"7":{"name":"(anonymous_7)","decl":{"start":{"line":119,"column":28},"end":{"line":119,"column":29}},"loc":{"start":{"line":119,"column":40},"end":{"line":133,"column":5}},"line":119},"8":{"name":"(anonymous_8)","decl":{"start":{"line":135,"column":25},"end":{"line":135,"column":26}},"loc":{"start":{"line":135,"column":37},"end":{"line":149,"column":5}},"line":135},"9":{"name":"(anonymous_9)","decl":{"start":{"line":151,"column":26},"end":{"line":151,"column":27}},"loc":{"start":{"line":151,"column":38},"end":{"line":165,"column":5}},"line":151},"10":{"name":"(anonymous_10)","decl":{"start":{"line":167,"column":25},"end":{"line":167,"column":26}},"loc":{"start":{"line":167,"column":37},"end":{"line":181,"column":5}},"line":167},"11":{"name":"(anonymous_11)","decl":{"start":{"line":183,"column":27},"end":{"line":183,"column":28}},"loc":{"start":{"line":183,"column":39},"end":{"line":197,"column":5}},"line":183},"12":{"name":"(anonymous_12)","decl":{"start":{"line":223,"column":50},"end":{"line":223,"column":51}},"loc":{"start":{"line":223,"column":88},"end":{"line":223,"column":115}},"line":223},"13":{"name":"(anonymous_13)","decl":{"start":{"line":459,"column":58},"end":{"line":459,"column":59}},"loc":{"start":{"line":460,"column":44},"end":{"line":469,"column":55}},"line":460},"14":{"name":"(anonymous_14)","decl":{"start":{"line":673,"column":54},"end":{"line":673,"column":55}},"loc":{"start":{"line":674,"column":44},"end":{"line":679,"column":55}},"line":674},"15":{"name":"(anonymous_15)","decl":{"start":{"line":692,"column":53},"end":{"line":692,"column":54}},"loc":{"start":{"line":693,"column":44},"end":{"line":698,"column":55}},"line":693},"16":{"name":"(anonymous_16)","decl":{"start":{"line":753,"column":86},"end":{"line":753,"column":87}},"loc":{"start":{"line":753,"column":98},"end":{"line":753,"column":112}},"line":753},"17":{"name":"(anonymous_17)","decl":{"start":{"line":754,"column":86},"end":{"line":754,"column":87}},"loc":{"start":{"line":754,"column":98},"end":{"line":754,"column":111}},"line":754},"18":{"name":"(anonymous_18)","decl":{"start":{"line":756,"column":110},"end":{"line":756,"column":111}},"loc":{"start":{"line":756,"column":122},"end":{"line":756,"column":128}},"line":756},"19":{"name":"(anonymous_19)","decl":{"start":{"line":774,"column":86},"end":{"line":774,"column":87}},"loc":{"start":{"line":774,"column":98},"end":{"line":774,"column":103}},"line":774},"20":{"name":"(anonymous_20)","decl":{"start":{"line":776,"column":110},"end":{"line":776,"column":111}},"loc":{"start":{"line":776,"column":122},"end":{"line":776,"column":128}},"line":776},"21":{"name":"(anonymous_21)","decl":{"start":{"line":800,"column":84},"end":{"line":800,"column":85}},"loc":{"start":{"line":801,"column":60},"end":{"line":805,"column":71}},"line":801},"22":{"name":"(anonymous_22)","decl":{"start":{"line":835,"column":50},"end":{"line":835,"column":51}},"loc":{"start":{"line":835,"column":88},"end":{"line":835,"column":116}},"line":835},"23":{"name":"(anonymous_23)","decl":{"start":{"line":845,"column":50},"end":{"line":845,"column":51}},"loc":{"start":{"line":845,"column":88},"end":{"line":845,"column":114}},"line":845},"24":{"name":"(anonymous_24)","decl":{"start":{"line":853,"column":54},"end":{"line":853,"column":55}},"loc":{"start":{"line":853,"column":88},"end":{"line":853,"column":119}},"line":853},"25":{"name":"(anonymous_25)","decl":{"start":{"line":903,"column":54},"end":{"line":903,"column":55}},"loc":{"start":{"line":904,"column":48},"end":{"line":919,"column":59}},"line":904},"26":{"name":"(anonymous_26)","decl":{"start":{"line":913,"column":69},"end":{"line":913,"column":70}},"loc":{"start":{"line":913,"column":75},"end":{"line":913,"column":94}},"line":913}},"branchMap":{"0":{"loc":{"start":{"line":29,"column":8},"end":{"line":29,"column":30}},"type":"if","locations":[{"start":{"line":29,"column":8},"end":{"line":29,"column":30}},{"start":{},"end":{}}],"line":29},"1":{"loc":{"start":{"line":46,"column":8},"end":{"line":46,"column":30}},"type":"if","locations":[{"start":{"line":46,"column":8},"end":{"line":46,"column":30}},{"start":{},"end":{}}],"line":46},"2":{"loc":{"start":{"line":83,"column":12},"end":{"line":83,"column":57}},"type":"if","locations":[{"start":{"line":83,"column":12},"end":{"line":83,"column":57}},{"start":{},"end":{}}],"line":83},"3":{"loc":{"start":{"line":84,"column":12},"end":{"line":84,"column":51}},"type":"if","locations":[{"start":{"line":84,"column":12},"end":{"line":84,"column":51}},{"start":{},"end":{}}],"line":84},"4":{"loc":{"start":{"line":85,"column":12},"end":{"line":85,"column":59}},"type":"if","locations":[{"start":{"line":85,"column":12},"end":{"line":85,"column":59}},{"start":{},"end":{}}],"line":85},"5":{"loc":{"start":{"line":233,"column":50},"end":{"line":233,"column":70}},"type":"binary-expr","locations":[{"start":{"line":233,"column":50},"end":{"line":233,"column":57}},{"start":{"line":233,"column":61},"end":{"line":233,"column":70}}],"line":233},"6":{"loc":{"start":{"line":260,"column":50},"end":{"line":260,"column":70}},"type":"binary-expr","locations":[{"start":{"line":260,"column":50},"end":{"line":260,"column":57}},{"start":{"line":260,"column":61},"end":{"line":260,"column":70}}],"line":260},"7":{"loc":{"start":{"line":284,"column":29},"end":{"line":315,"column":29}},"type":"binary-expr","locations":[{"start":{"line":284,"column":29},"end":{"line":284,"column":35}},{"start":{"line":285,"column":32},"end":{"line":314,"column":38}}],"line":284},"8":{"loc":{"start":{"line":349,"column":43},"end":{"line":349,"column":100}},"type":"cond-expr","locations":[{"start":{"line":349,"column":53},"end":{"line":349,"column":83}},{"start":{"line":349,"column":86},"end":{"line":349,"column":100}}],"line":349},"9":{"loc":{"start":{"line":354,"column":29},"end":{"line":413,"column":29}},"type":"binary-expr","locations":[{"start":{"line":354,"column":29},"end":{"line":354,"column":36}},{"start":{"line":355,"column":32},"end":{"line":412,"column":38}}],"line":354},"10":{"loc":{"start":{"line":447,"column":43},"end":{"line":447,"column":94}},"type":"cond-expr","locations":[{"start":{"line":447,"column":53},"end":{"line":447,"column":83}},{"start":{"line":447,"column":86},"end":{"line":447,"column":94}}],"line":447},"11":{"loc":{"start":{"line":452,"column":29},"end":{"line":473,"column":29}},"type":"binary-expr","locations":[{"start":{"line":452,"column":29},"end":{"line":452,"column":52}},{"start":{"line":453,"column":32},"end":{"line":472,"column":38}}],"line":452},"12":{"loc":{"start":{"line":462,"column":91},"end":{"line":462,"column":130}},"type":"cond-expr","locations":[{"start":{"line":462,"column":109},"end":{"line":462,"column":118}},{"start":{"line":462,"column":121},"end":{"line":462,"column":130}}],"line":462},"13":{"loc":{"start":{"line":507,"column":43},"end":{"line":507,"column":100}},"type":"cond-expr","locations":[{"start":{"line":507,"column":53},"end":{"line":507,"column":83}},{"start":{"line":507,"column":86},"end":{"line":507,"column":100}}],"line":507},"14":{"loc":{"start":{"line":512,"column":29},"end":{"line":553,"column":29}},"type":"binary-expr","locations":[{"start":{"line":512,"column":29},"end":{"line":512,"column":39}},{"start":{"line":513,"column":32},"end":{"line":552,"column":38}}],"line":512},"15":{"loc":{"start":{"line":587,"column":43},"end":{"line":587,"column":95}},"type":"cond-expr","locations":[{"start":{"line":587,"column":53},"end":{"line":587,"column":83}},{"start":{"line":587,"column":86},"end":{"line":587,"column":95}}],"line":587},"16":{"loc":{"start":{"line":592,"column":29},"end":{"line":599,"column":29}},"type":"binary-expr","locations":[{"start":{"line":592,"column":29},"end":{"line":592,"column":48}},{"start":{"line":593,"column":32},"end":{"line":598,"column":38}}],"line":592},"17":{"loc":{"start":{"line":634,"column":51},"end":{"line":634,"column":103}},"type":"cond-expr","locations":[{"start":{"line":634,"column":61},"end":{"line":634,"column":91}},{"start":{"line":634,"column":94},"end":{"line":634,"column":103}}],"line":634},"18":{"loc":{"start":{"line":659,"column":51},"end":{"line":659,"column":103}},"type":"cond-expr","locations":[{"start":{"line":659,"column":61},"end":{"line":659,"column":91}},{"start":{"line":659,"column":94},"end":{"line":659,"column":103}}],"line":659},"19":{"loc":{"start":{"line":666,"column":29},"end":{"line":683,"column":29}},"type":"binary-expr","locations":[{"start":{"line":666,"column":29},"end":{"line":666,"column":48}},{"start":{"line":667,"column":32},"end":{"line":682,"column":38}}],"line":666},"20":{"loc":{"start":{"line":685,"column":29},"end":{"line":702,"column":29}},"type":"binary-expr","locations":[{"start":{"line":685,"column":29},"end":{"line":685,"column":47}},{"start":{"line":686,"column":32},"end":{"line":701,"column":38}}],"line":685},"21":{"loc":{"start":{"line":736,"column":43},"end":{"line":736,"column":99}},"type":"cond-expr","locations":[{"start":{"line":736,"column":53},"end":{"line":736,"column":83}},{"start":{"line":736,"column":86},"end":{"line":736,"column":99}}],"line":736},"22":{"loc":{"start":{"line":741,"column":29},"end":{"line":813,"column":29}},"type":"binary-expr","locations":[{"start":{"line":741,"column":29},"end":{"line":741,"column":38}},{"start":{"line":742,"column":32},"end":{"line":812,"column":38}}],"line":741},"23":{"loc":{"start":{"line":883,"column":51},"end":{"line":883,"column":105}},"type":"cond-expr","locations":[{"start":{"line":883,"column":61},"end":{"line":883,"column":91}},{"start":{"line":883,"column":94},"end":{"line":883,"column":105}}],"line":883},"24":{"loc":{"start":{"line":890,"column":29},"end":{"line":924,"column":29}},"type":"binary-expr","locations":[{"start":{"line":890,"column":29},"end":{"line":890,"column":44}},{"start":{"line":891,"column":32},"end":{"line":923,"column":49}}],"line":890},"25":{"loc":{"start":{"line":907,"column":64},"end":{"line":907,"column":86}},"type":"binary-expr","locations":[{"start":{"line":907,"column":64},"end":{"line":907,"column":77}},{"start":{"line":907,"column":81},"end":{"line":907,"column":86}}],"line":907},"26":{"loc":{"start":{"line":929,"column":17},"end":{"line":944,"column":17}},"type":"binary-expr","locations":[{"start":{"line":929,"column":17},"end":{"line":929,"column":24}},{"start":{"line":930,"column":20},"end":{"line":943,"column":27}}],"line":929}},"s":{"0":0,"1":0,"2":0,"3":0,"4":0,"5":0,"6":0,"7":0,"8":0,"9":0,"10":0,"11":0,"12":0,"13":0,"14":0,"15":0,"16":0,"17":0,"18":0,"19":0,"20":0,"21":0,"22":0,"23":0,"24":0,"25":0,"26":0,"27":0,"28":0,"29":0,"30":0,"31":0,"32":0,"33":0,"34":0,"35":0,"36":0,"37":0,"38":0,"39":0,"40":0,"41":0,"42":0,"43":0,"44":0,"45":0,"46":0,"47":0,"48":0,"49":0,"50":0,"51":0,"52":0,"53":0,"54":0,"55":0,"56":0,"57":0,"58":0,"59":0,"60":0,"61":0,"62":0,"63":0,"64":0,"65":0,"66":0,"67":0,"68":0,"69":0,"70":0,"71":0,"72":0,"73":0,"74":0,"75":0,"76":0,"77":0,"78":0,"79":0,"80":0,"81":0,"82":0,"83":0,"84":0,"85":0,"86":0,"87":0,"88":0,"89":0,"90":0,"91":0,"92":0,"93":0,"94":0,"95":0,"96":0,"97":0,"98":0,"99":0,"100":0,"101":0,"102":0,"103":0,"104":0,"105":0,"106":0,"107":0,"108":0,"109":0,"110":0,"111":0,"112":0,"113":0,"114":0,"115":0,"116":0,"117":0,"118":0,"119":0,"120":0,"121":0,"122":0,"123":0,"124":0,"125":0,"126":0,"127":0,"128":0,"129":0,"130":0,"131":0,"132":0,"133":0,"134":0,"135":0,"136":0,"137":0,"138":0,"139":0,"140":0,"141":0,"142":0,"143":0,"144":0,"145":0,"146":0,"147":0,"148":0,"149":0,"150":0,"151":0,"152":0,"153":0,"154":0,"155":0,"156":0,"157":0,"158":0,"159":0,"160":0,"161":0,"162":0,"163":0,"164":0,"165":0},"f":{"0":0,"1":0,"2":0,"3":0,"4":0,"5":0,"6":0,"7":0,"8":0,"9":0,"10":0,"11":0,"12":0,"13":0,"14":0,"15":0,"16":0,"17":0,"18":0,"19":0,"20":0,"21":0,"22":0,"23":0,"24":0,"25":0,"26":0},"b":{"0":[0,0],"1":[0,0],"2":[0,0],"3":[0,0],"4":[0,0],"5":[0,0],"6":[0,0],"7":[0,0],"8":[0,0],"9":[0,0],"10":[0,0],"11":[0,0],"12":[0,0],"13":[0,0],"14":[0,0],"15":[0,0],"16":[0,0],"17":[0,0],"18":[0,0],"19":[0,0],"20":[0,0],"21":[0,0],"22":[0,0],"23":[0,0],"24":[0,0],"25":[0,0],"26":[0,0]}}
,"D:\\AI-F\\AI-f\\ui\\react-app\\src\\App.tsx": {"path":"D:\\AI-F\\AI-f\\ui\\react-app\\src\\App.tsx","statementMap":{"0":{"start":{"line":10,"column":14},"end":{"line":22,"column":2}},"1":{"start":{"line":29,"column":19},"end":{"line":29,"column":28}},"2":{"start":{"line":31,"column":2},"end":{"line":43,"column":4}},"3":{"start":{"line":37,"column":41},"end":{"line":37,"column":87}},"4":{"start":{"line":47,"column":2},"end":{"line":56,"column":4}}},"fnMap":{"0":{"name":"AppContent","decl":{"start":{"line":28,"column":9},"end":{"line":28,"column":19}},"loc":{"start":{"line":28,"column":35},"end":{"line":44,"column":1}},"line":28},"1":{"name":"(anonymous_1)","decl":{"start":{"line":37,"column":35},"end":{"line":37,"column":36}},"loc":{"start":{"line":37,"column":41},"end":{"line":37,"column":87}},"line":37},"2":{"name":"App","decl":{"start":{"line":46,"column":9},"end":{"line":46,"column":12}},"loc":{"start":{"line":46,"column":28},"end":{"line":57,"column":1}},"line":46}},"branchMap":{"0":{"loc":{"start":{"line":33,"column":7},"end":{"line":41,"column":7}},"type":"cond-expr","locations":[{"start":{"line":34,"column":8},"end":{"line":34,"column":21}},{"start":{"line":36,"column":8},"end":{"line":40,"column":9}}],"line":33},"1":{"loc":{"start":{"line":36,"column":8},"end":{"line":40,"column":9}},"type":"cond-expr","locations":[{"start":{"line":37,"column":10},"end":{"line":37,"column":91}},{"start":{"line":39,"column":10},"end":{"line":39,"column":23}}],"line":36},"2":{"loc":{"start":{"line":36,"column":8},"end":{"line":36,"column":72}},"type":"binary-expr","locations":[{"start":{"line":36,"column":8},"end":{"line":36,"column":29}},{"start":{"line":36,"column":33},"end":{"line":36,"column":72}}],"line":36}},"s":{"0":0,"1":0,"2":0,"3":0,"4":0},"f":{"0":0,"1":0,"2":0},"b":{"0":[0,0],"1":[0,0],"2":[0,0]}}
,"D:\\AI-F\\AI-f\\ui\\react-app\\src\\ConsentModal.tsx": {"path":"D:\\AI-F\\AI-f\\ui\\react-app\\src\\ConsentModal.tsx","statementMap":{"0":{"start":{"line":40,"column":50},"end":{"line":229,"column":1}},"1":{"start":{"line":47,"column":36},"end":{"line":47,"column":51}},"2":{"start":{"line":48,"column":34},"end":{"line":48,"column":49}},"3":{"start":{"line":49,"column":30},"end":{"line":49,"column":42}},"4":{"start":{"line":51,"column":31},"end":{"line":71,"column":5}},"5":{"start":{"line":52,"column":8},"end":{"line":52,"column":30}},"6":{"start":{"line":52,"column":23},"end":{"line":52,"column":30}},"7":{"start":{"line":54,"column":8},"end":{"line":54,"column":25}},"8":{"start":{"line":55,"column":8},"end":{"line":55,"column":21}},"9":{"start":{"line":57,"column":8},"end":{"line":70,"column":9}},"10":{"start":{"line":58,"column":29},"end":{"line":62,"column":14}},"11":{"start":{"line":64,"column":12},"end":{"line":64,"column":50}},"12":{"start":{"line":65,"column":12},"end":{"line":65,"column":22}},"13":{"start":{"line":67,"column":12},"end":{"line":67,"column":78}},"14":{"start":{"line":69,"column":12},"end":{"line":69,"column":30}},"15":{"start":{"line":73,"column":22},"end":{"line":76,"column":5}},"16":{"start":{"line":78,"column":4},"end":{"line":228,"column":6}},"17":{"start":{"line":117,"column":79},"end":{"line":117,"column":97}},"18":{"start":{"line":126,"column":28},"end":{"line":134,"column":39}},"19":{"start":{"line":188,"column":45},"end":{"line":188,"column":74}}},"fnMap":{"0":{"name":"(anonymous_0)","decl":{"start":{"line":40,"column":50},"end":{"line":40,"column":51}},"loc":{"start":{"line":46,"column":6},"end":{"line":229,"column":1}},"line":46},"1":{"name":"(anonymous_1)","decl":{"start":{"line":51,"column":31},"end":{"line":51,"column":32}},"loc":{"start":{"line":51,"column":43},"end":{"line":71,"column":5}},"line":51},"2":{"name":"(anonymous_2)","decl":{"start":{"line":117,"column":61},"end":{"line":117,"column":62}},"loc":{"start":{"line":117,"column":79},"end":{"line":117,"column":97}},"line":117},"3":{"name":"(anonymous_3)","decl":{"start":{"line":125,"column":39},"end":{"line":125,"column":40}},"loc":{"start":{"line":126,"column":28},"end":{"line":134,"column":39}},"line":126},"4":{"name":"(anonymous_4)","decl":{"start":{"line":188,"column":38},"end":{"line":188,"column":39}},"loc":{"start":{"line":188,"column":45},"end":{"line":188,"column":74}},"line":188}},"branchMap":{"0":{"loc":{"start":{"line":52,"column":8},"end":{"line":52,"column":30}},"type":"if","locations":[{"start":{"line":52,"column":8},"end":{"line":52,"column":30}},{"start":{},"end":{}}],"line":52},"1":{"loc":{"start":{"line":67,"column":21},"end":{"line":67,"column":76}},"type":"binary-expr","locations":[{"start":{"line":67,"column":21},"end":{"line":67,"column":47}},{"start":{"line":67,"column":51},"end":{"line":67,"column":76}}],"line":67},"2":{"loc":{"start":{"line":177,"column":21},"end":{"line":181,"column":21}},"type":"binary-expr","locations":[{"start":{"line":177,"column":21},"end":{"line":177,"column":26}},{"start":{"line":178,"column":24},"end":{"line":180,"column":32}}],"line":177},"3":{"loc":{"start":{"line":213,"column":30},"end":{"line":213,"column":50}},"type":"binary-expr","locations":[{"start":{"line":213,"column":30},"end":{"line":213,"column":39}},{"start":{"line":213,"column":43},"end":{"line":213,"column":50}}],"line":213},"4":{"loc":{"start":{"line":222,"column":31},"end":{"line":222,"column":89}},"type":"cond-expr","locations":[{"start":{"line":222,"column":41},"end":{"line":222,"column":71}},{"start":{"line":222,"column":74},"end":{"line":222,"column":89}}],"line":222},"5":{"loc":{"start":{"line":224,"column":21},"end":{"line":224,"column":70}},"type":"cond-expr","locations":[{"start":{"line":224,"column":31},"end":{"line":224,"column":52}},{"start":{"line":224,"column":55},"end":{"line":224,"column":70}}],"line":224}},"s":{"0":0,"1":0,"2":0,"3":0,"4":0,"5":0,"6":0,"7":0,"8":0,"9":0,"10":0,"11":0,"12":0,"13":0,"14":0,"15":0,"16":0,"17":0,"18":0,"19":0},"f":{"0":0,"1":0,"2":0,"3":0,"4":0},"b":{"0":[0,0],"1":[0,0],"2":[0,0],"3":[0,0],"4":[0,0],"5":[0,0]}}
,"D:\\AI-F\\AI-f\\ui\\react-app\\src\\EnrichResultsPage.tsx": {"path":"D:\\AI-F\\AI-f\\ui\\react-app\\src\\EnrichResultsPage.tsx","statementMap":{"0":{"start":{"line":45,"column":60},"end":{"line":282,"column":1}},"1":{"start":{"line":46,"column":34},"end":{"line":46,"column":71}},"2":{"start":{"line":47,"column":34},"end":{"line":47,"column":48}},"3":{"start":{"line":48,"column":30},"end":{"line":48,"column":42}},"4":{"start":{"line":49,"column":36},"end":{"line":49,"column":51}},"5":{"start":{"line":51,"column":4},"end":{"line":53,"column":19}},"6":{"start":{"line":52,"column":8},"end":{"line":52,"column":23}},"7":{"start":{"line":55,"column":25},"end":{"line":64,"column":5}},"8":{"start":{"line":56,"column":8},"end":{"line":63,"column":9}},"9":{"start":{"line":57,"column":29},"end":{"line":57,"column":78}},"10":{"start":{"line":58,"column":12},"end":{"line":58,"column":46}},"11":{"start":{"line":60,"column":12},"end":{"line":60,"column":77}},"12":{"start":{"line":62,"column":12},"end":{"line":62,"column":30}},"13":{"start":{"line":66,"column":32},"end":{"line":79,"column":5}},"14":{"start":{"line":67,"column":8},"end":{"line":67,"column":26}},"15":{"start":{"line":68,"column":8},"end":{"line":78,"column":9}},"16":{"start":{"line":69,"column":12},"end":{"line":72,"column":15}},"17":{"start":{"line":73,"column":12},"end":{"line":73,"column":75}},"18":{"start":{"line":75,"column":12},"end":{"line":75,"column":95}},"19":{"start":{"line":77,"column":12},"end":{"line":77,"column":31}},"20":{"start":{"line":81,"column":31},"end":{"line":85,"column":5}},"21":{"start":{"line":82,"column":8},"end":{"line":82,"column":48}},"22":{"start":{"line":82,"column":31},"end":{"line":82,"column":48}},"23":{"start":{"line":83,"column":8},"end":{"line":83,"column":48}},"24":{"start":{"line":83,"column":31},"end":{"line":83,"column":48}},"25":{"start":{"line":84,"column":8},"end":{"line":84,"column":23}},"26":{"start":{"line":87,"column":31},"end":{"line":91,"column":5}},"27":{"start":{"line":88,"column":8},"end":{"line":88,"column":45}},"28":{"start":{"line":88,"column":31},"end":{"line":88,"column":45}},"29":{"start":{"line":89,"column":8},"end":{"line":89,"column":47}},"30":{"start":{"line":89,"column":31},"end":{"line":89,"column":47}},"31":{"start":{"line":90,"column":8},"end":{"line":90,"column":21}},"32":{"start":{"line":93,"column":4},"end":{"line":100,"column":5}},"33":{"start":{"line":94,"column":8},"end":{"line":99,"column":10}},"34":{"start":{"line":102,"column":4},"end":{"line":113,"column":5}},"35":{"start":{"line":103,"column":8},"end":{"line":112,"column":10}},"36":{"start":{"line":115,"column":4},"end":{"line":281,"column":6}},"37":{"start":{"line":158,"column":24},"end":{"line":213,"column":31}}},"fnMap":{"0":{"name":"(anonymous_0)","decl":{"start":{"line":45,"column":60},"end":{"line":45,"column":61}},"loc":{"start":{"line":45,"column":86},"end":{"line":282,"column":1}},"line":45},"1":{"name":"(anonymous_1)","decl":{"start":{"line":51,"column":14},"end":{"line":51,"column":15}},"loc":{"start":{"line":51,"column":20},"end":{"line":53,"column":5}},"line":51},"2":{"name":"(anonymous_2)","decl":{"start":{"line":55,"column":25},"end":{"line":55,"column":26}},"loc":{"start":{"line":55,"column":37},"end":{"line":64,"column":5}},"line":55},"3":{"name":"(anonymous_3)","decl":{"start":{"line":66,"column":32},"end":{"line":66,"column":33}},"loc":{"start":{"line":66,"column":44},"end":{"line":79,"column":5}},"line":66},"4":{"name":"(anonymous_4)","decl":{"start":{"line":81,"column":31},"end":{"line":81,"column":32}},"loc":{"start":{"line":81,"column":55},"end":{"line":85,"column":5}},"line":81},"5":{"name":"(anonymous_5)","decl":{"start":{"line":87,"column":31},"end":{"line":87,"column":32}},"loc":{"start":{"line":87,"column":55},"end":{"line":91,"column":5}},"line":87},"6":{"name":"(anonymous_6)","decl":{"start":{"line":157,"column":33},"end":{"line":157,"column":34}},"loc":{"start":{"line":158,"column":24},"end":{"line":213,"column":31}},"line":158}},"branchMap":{"0":{"loc":{"start":{"line":60,"column":21},"end":{"line":60,"column":75}},"type":"binary-expr","locations":[{"start":{"line":60,"column":21},"end":{"line":60,"column":47}},{"start":{"line":60,"column":51},"end":{"line":60,"column":75}}],"line":60},"1":{"loc":{"start":{"line":75,"column":47},"end":{"line":75,"column":92}},"type":"binary-expr","locations":[{"start":{"line":75,"column":47},"end":{"line":75,"column":73}},{"start":{"line":75,"column":77},"end":{"line":75,"column":92}}],"line":75},"2":{"loc":{"start":{"line":82,"column":8},"end":{"line":82,"column":48}},"type":"if","locations":[{"start":{"line":82,"column":8},"end":{"line":82,"column":48}},{"start":{},"end":{}}],"line":82},"3":{"loc":{"start":{"line":83,"column":8},"end":{"line":83,"column":48}},"type":"if","locations":[{"start":{"line":83,"column":8},"end":{"line":83,"column":48}},{"start":{},"end":{}}],"line":83},"4":{"loc":{"start":{"line":88,"column":8},"end":{"line":88,"column":45}},"type":"if","locations":[{"start":{"line":88,"column":8},"end":{"line":88,"column":45}},{"start":{},"end":{}}],"line":88},"5":{"loc":{"start":{"line":89,"column":8},"end":{"line":89,"column":47}},"type":"if","locations":[{"start":{"line":89,"column":8},"end":{"line":89,"column":47}},{"start":{},"end":{}}],"line":89},"6":{"loc":{"start":{"line":93,"column":4},"end":{"line":100,"column":5}},"type":"if","locations":[{"start":{"line":93,"column":4},"end":{"line":100,"column":5}},{"start":{},"end":{}}],"line":93},"7":{"loc":{"start":{"line":102,"column":4},"end":{"line":113,"column":5}},"type":"if","locations":[{"start":{"line":102,"column":4},"end":{"line":113,"column":5}},{"start":{},"end":{}}],"line":102},"8":{"loc":{"start":{"line":127,"column":35},"end":{"line":127,"column":87}},"type":"cond-expr","locations":[{"start":{"line":127,"column":46},"end":{"line":127,"column":76}},{"start":{"line":127,"column":79},"end":{"line":127,"column":87}}],"line":127},"9":{"loc":{"start":{"line":130,"column":25},"end":{"line":130,"column":69}},"type":"cond-expr","locations":[{"start":{"line":130,"column":36},"end":{"line":130,"column":49}},{"start":{"line":130,"column":52},"end":{"line":130,"column":69}}],"line":130},"10":{"loc":{"start":{"line":155,"column":13},"end":{"line":229,"column":13}},"type":"cond-expr","locations":[{"start":{"line":156,"column":16},"end":{"line":215,"column":23}},{"start":{"line":217,"column":16},"end":{"line":228,"column":23}}],"line":155},"11":{"loc":{"start":{"line":155,"column":13},"end":{"line":155,"column":42}},"type":"binary-expr","locations":[{"start":{"line":155,"column":13},"end":{"line":155,"column":20}},{"start":{"line":155,"column":24},"end":{"line":155,"column":42}}],"line":155}},"s":{"0":0,"1":0,"2":0,"3":0,"4":0,"5":0,"6":0,"7":0,"8":0,"9":0,"10":0,"11":0,"12":0,"13":0,"14":0,"15":0,"16":0,"17":0,"18":0,"19":0,"20":0,"21":0,"22":0,"23":0,"24":0,"25":0,"26":0,"27":0,"28":0,"29":0,"30":0,"31":0,"32":0,"33":0,"34":0,"35":0,"36":0,"37":0},"f":{"0":0,"1":0,"2":0,"3":0,"4":0,"5":0,"6":0},"b":{"0":[0,0],"1":[0,0],"2":[0,0],"3":[0,0],"4":[0,0],"5":[0,0],"6":[0,0],"7":[0,0],"8":[0,0],"9":[0,0],"10":[0,0],"11":[0,0]}}
,"D:\\AI-F\\AI-f\\ui\\react-app\\src\\EnrollmentForm.tsx": {"path":"D:\\AI-F\\AI-f\\ui\\react-app\\src\\EnrollmentForm.tsx","statementMap":{"0":{"start":{"line":7,"column":23},"end":{"line":184,"column":1}},"1":{"start":{"line":8,"column":28},"end":{"line":8,"column":40}},"2":{"start":{"line":9,"column":32},"end":{"line":9,"column":63}},"3":{"start":{"line":10,"column":34},"end":{"line":10,"column":49}},"4":{"start":{"line":11,"column":34},"end":{"line":11,"column":49}},"5":{"start":{"line":12,"column":34},"end":{"line":12,"column":46}},"6":{"start":{"line":13,"column":36},"end":{"line":13,"column":76}},"7":{"start":{"line":15,"column":25},"end":{"line":40,"column":5}},"8":{"start":{"line":16,"column":8},"end":{"line":16,"column":27}},"9":{"start":{"line":17,"column":8},"end":{"line":17,"column":40}},"10":{"start":{"line":17,"column":33},"end":{"line":17,"column":40}},"11":{"start":{"line":19,"column":8},"end":{"line":19,"column":25}},"12":{"start":{"line":20,"column":25},"end":{"line":20,"column":39}},"13":{"start":{"line":21,"column":8},"end":{"line":23,"column":9}},"14":{"start":{"line":21,"column":21},"end":{"line":21,"column":22}},"15":{"start":{"line":22,"column":12},"end":{"line":22,"column":49}},"16":{"start":{"line":24,"column":8},"end":{"line":24,"column":38}},"17":{"start":{"line":25,"column":8},"end":{"line":25,"column":56}},"18":{"start":{"line":26,"column":8},"end":{"line":26,"column":55}},"19":{"start":{"line":28,"column":8},"end":{"line":38,"column":9}},"20":{"start":{"line":29,"column":29},"end":{"line":31,"column":14}},"21":{"start":{"line":32,"column":12},"end":{"line":32,"column":76}},"22":{"start":{"line":33,"column":12},"end":{"line":33,"column":35}},"23":{"start":{"line":35,"column":33},"end":{"line":35,"column":84}},"24":{"start":{"line":36,"column":12},"end":{"line":36,"column":37}},"25":{"start":{"line":37,"column":12},"end":{"line":37,"column":33}},"26":{"start":{"line":39,"column":8},"end":{"line":39,"column":26}},"27":{"start":{"line":42,"column":4},"end":{"line":183,"column":6}},"28":{"start":{"line":61,"column":98},"end":{"line":61,"column":121}},"29":{"start":{"line":86,"column":102},"end":{"line":86,"column":127}},"30":{"start":{"line":112,"column":106},"end":{"line":112,"column":134}}},"fnMap":{"0":{"name":"(anonymous_0)","decl":{"start":{"line":7,"column":23},"end":{"line":7,"column":24}},"loc":{"start":{"line":7,"column":29},"end":{"line":184,"column":1}},"line":7},"1":{"name":"(anonymous_1)","decl":{"start":{"line":15,"column":25},"end":{"line":15,"column":26}},"loc":{"start":{"line":15,"column":55},"end":{"line":40,"column":5}},"line":15},"2":{"name":"(anonymous_2)","decl":{"start":{"line":61,"column":54},"end":{"line":61,"column":55}},"loc":{"start":{"line":61,"column":98},"end":{"line":61,"column":121}},"line":61},"3":{"name":"(anonymous_3)","decl":{"start":{"line":86,"column":58},"end":{"line":86,"column":59}},"loc":{"start":{"line":86,"column":102},"end":{"line":86,"column":127}},"line":86},"4":{"name":"(anonymous_4)","decl":{"start":{"line":112,"column":62},"end":{"line":112,"column":63}},"loc":{"start":{"line":112,"column":106},"end":{"line":112,"column":134}},"line":112}},"branchMap":{"0":{"loc":{"start":{"line":17,"column":8},"end":{"line":17,"column":40}},"type":"if","locations":[{"start":{"line":17,"column":8},"end":{"line":17,"column":40}},{"start":{},"end":{}}],"line":17},"1":{"loc":{"start":{"line":17,"column":12},"end":{"line":17,"column":31}},"type":"binary-expr","locations":[{"start":{"line":17,"column":12},"end":{"line":17,"column":19}},{"start":{"line":17,"column":23},"end":{"line":17,"column":31}}],"line":17},"2":{"loc":{"start":{"line":35,"column":33},"end":{"line":35,"column":84}},"type":"binary-expr","locations":[{"start":{"line":35,"column":33},"end":{"line":35,"column":61}},{"start":{"line":35,"column":65},"end":{"line":35,"column":84}}],"line":35},"3":{"loc":{"start":{"line":99,"column":45},"end":{"line":103,"column":45}},"type":"binary-expr","locations":[{"start":{"line":99,"column":45},"end":{"line":99,"column":51}},{"start":{"line":100,"column":48},"end":{"line":102,"column":61}}],"line":99},"4":{"loc":{"start":{"line":135,"column":54},"end":{"line":135,"column":93}},"type":"binary-expr","locations":[{"start":{"line":135,"column":54},"end":{"line":135,"column":61}},{"start":{"line":135,"column":65},"end":{"line":135,"column":73}},{"start":{"line":135,"column":77},"end":{"line":135,"column":82}},{"start":{"line":135,"column":86},"end":{"line":135,"column":93}}],"line":135},"5":{"loc":{"start":{"line":153,"column":55},"end":{"line":153,"column":113}},"type":"cond-expr","locations":[{"start":{"line":153,"column":65},"end":{"line":153,"column":95}},{"start":{"line":153,"column":98},"end":{"line":153,"column":113}}],"line":153},"6":{"loc":{"start":{"line":155,"column":45},"end":{"line":155,"column":87}},"type":"cond-expr","locations":[{"start":{"line":155,"column":55},"end":{"line":155,"column":69}},{"start":{"line":155,"column":72},"end":{"line":155,"column":87}}],"line":155},"7":{"loc":{"start":{"line":164,"column":17},"end":{"line":180,"column":17}},"type":"binary-expr","locations":[{"start":{"line":164,"column":17},"end":{"line":164,"column":24}},{"start":{"line":165,"column":20},"end":{"line":179,"column":27}}],"line":164},"8":{"loc":{"start":{"line":175,"column":34},"end":{"line":175,"column":86}},"type":"cond-expr","locations":[{"start":{"line":175,"column":59},"end":{"line":175,"column":74}},{"start":{"line":175,"column":77},"end":{"line":175,"column":86}}],"line":175}},"s":{"0":0,"1":0,"2":0,"3":0,"4":0,"5":0,"6":0,"7":0,"8":0,"9":0,"10":0,"11":0,"12":0,"13":0,"14":0,"15":0,"16":0,"17":0,"18":0,"19":0,"20":0,"21":0,"22":0,"23":0,"24":0,"25":0,"26":0,"27":0,"28":0,"29":0,"30":0},"f":{"0":0,"1":0,"2":0,"3":0,"4":0},"b":{"0":[0,0],"1":[0,0],"2":[0,0],"3":[0,0],"4":[0,0,0,0],"5":[0,0],"6":[0,0],"7":[0,0],"8":[0,0]}}
,"D:\\AI-F\\AI-f\\ui\\react-app\\src\\RecognizeView.tsx": {"path":"D:\\AI-F\\AI-f\\ui\\react-app\\src\\RecognizeView.tsx","statementMap":{"0":{"start":{"line":9,"column":20},"end":{"line":14,"column":2}},"1":{"start":{"line":16,"column":22},"end":{"line":25,"column":2}},"2":{"start":{"line":27,"column":20},"end":{"line":29,"column":2}},"3":{"start":{"line":31,"column":21},"end":{"line":33,"column":2}},"4":{"start":{"line":35,"column":22},"end":{"line":783,"column":1}},"5":{"start":{"line":36,"column":30},"end":{"line":36,"column":57}},"6":{"start":{"line":37,"column":34},"end":{"line":37,"column":49}},"7":{"start":{"line":38,"column":34},"end":{"line":38,"column":46}},"8":{"start":{"line":39,"column":36},"end":{"line":39,"column":55}},"9":{"start":{"line":40,"column":44},"end":{"line":40,"column":59}},"10":{"start":{"line":41,"column":46},"end":{"line":41,"column":86}},"11":{"start":{"line":42,"column":34},"end":{"line":42,"column":74}},"12":{"start":{"line":43,"column":21},"end":{"line":43,"column":51}},"13":{"start":{"line":44,"column":22},"end":{"line":44,"column":53}},"14":{"start":{"line":45,"column":29},"end":{"line":45,"column":60}},"15":{"start":{"line":46,"column":18},"end":{"line":46,"column":48}},"16":{"start":{"line":47,"column":24},"end":{"line":47,"column":59}},"17":{"start":{"line":50,"column":28},"end":{"line":120,"column":5}},"18":{"start":{"line":51,"column":8},"end":{"line":57,"column":10}},"19":{"start":{"line":51,"column":22},"end":{"line":57,"column":10}},"20":{"start":{"line":59,"column":25},"end":{"line":59,"column":49}},"21":{"start":{"line":60,"column":26},"end":{"line":60,"column":59}},"22":{"start":{"line":62,"column":8},"end":{"line":119,"column":9}},"23":{"start":{"line":64,"column":16},"end":{"line":70,"column":18}},"24":{"start":{"line":72,"column":16},"end":{"line":78,"column":18}},"25":{"start":{"line":80,"column":16},"end":{"line":86,"column":18}},"26":{"start":{"line":88,"column":16},"end":{"line":94,"column":18}},"27":{"start":{"line":96,"column":16},"end":{"line":102,"column":18}},"28":{"start":{"line":104,"column":16},"end":{"line":110,"column":18}},"29":{"start":{"line":112,"column":16},"end":{"line":118,"column":18}},"30":{"start":{"line":122,"column":27},"end":{"line":140,"column":5}},"31":{"start":{"line":123,"column":8},"end":{"line":123,"column":50}},"32":{"start":{"line":123,"column":22},"end":{"line":123,"column":50}},"33":{"start":{"line":125,"column":25},"end":{"line":125,"column":49}},"34":{"start":{"line":126,"column":8},"end":{"line":139,"column":9}},"35":{"start":{"line":128,"column":16},"end":{"line":128,"column":50}},"36":{"start":{"line":130,"column":16},"end":{"line":130,"column":49}},"37":{"start":{"line":134,"column":16},"end":{"line":134,"column":35}},"38":{"start":{"line":136,"column":16},"end":{"line":136,"column":36}},"39":{"start":{"line":138,"column":16},"end":{"line":138,"column":44}},"40":{"start":{"line":142,"column":25},"end":{"line":205,"column":5}},"41":{"start":{"line":143,"column":30},"end":{"line":143,"column":54}},"42":{"start":{"line":144,"column":8},"end":{"line":144,"column":77}},"43":{"start":{"line":144,"column":70},"end":{"line":144,"column":77}},"44":{"start":{"line":146,"column":20},"end":{"line":146,"column":50}},"45":{"start":{"line":147,"column":8},"end":{"line":147,"column":25}},"46":{"start":{"line":147,"column":18},"end":{"line":147,"column":25}},"47":{"start":{"line":149,"column":22},"end":{"line":149,"column":38}},"48":{"start":{"line":150,"column":8},"end":{"line":150,"column":27}},"49":{"start":{"line":150,"column":20},"end":{"line":150,"column":27}},"50":{"start":{"line":153,"column":8},"end":{"line":153,"column":47}},"51":{"start":{"line":154,"column":8},"end":{"line":154,"column":49}},"52":{"start":{"line":157,"column":8},"end":{"line":157,"column":71}},"53":{"start":{"line":159,"column":8},"end":{"line":204,"column":11}},"54":{"start":{"line":160,"column":33},"end":{"line":160,"column":46}},"55":{"start":{"line":163,"column":12},"end":{"line":163,"column":78}},"56":{"start":{"line":164,"column":12},"end":{"line":164,"column":30}},"57":{"start":{"line":165,"column":12},"end":{"line":165,"column":39}},"58":{"start":{"line":168,"column":12},"end":{"line":168,"column":49}},"59":{"start":{"line":169,"column":12},"end":{"line":169,"column":43}},"60":{"start":{"line":172,"column":12},"end":{"line":172,"column":38}},"61":{"start":{"line":173,"column":12},"end":{"line":173,"column":36}},"62":{"start":{"line":174,"column":12},"end":{"line":174,"column":59}},"63":{"start":{"line":176,"column":12},"end":{"line":181,"column":13}},"64":{"start":{"line":177,"column":30},"end":{"line":177,"column":45}},"65":{"start":{"line":178,"column":16},"end":{"line":178,"column":98}},"66":{"start":{"line":180,"column":16},"end":{"line":180,"column":55}},"67":{"start":{"line":184,"column":12},"end":{"line":189,"column":13}},"68":{"start":{"line":185,"column":32},"end":{"line":185,"column":61}},"69":{"start":{"line":186,"column":16},"end":{"line":186,"column":57}},"70":{"start":{"line":187,"column":16},"end":{"line":187,"column":40}},"71":{"start":{"line":188,"column":16},"end":{"line":188,"column":53}},"72":{"start":{"line":192,"column":12},"end":{"line":196,"column":13}},"73":{"start":{"line":193,"column":16},"end":{"line":193,"column":42}},"74":{"start":{"line":194,"column":16},"end":{"line":194,"column":40}},"75":{"start":{"line":195,"column":16},"end":{"line":195,"column":75}},"76":{"start":{"line":199,"column":12},"end":{"line":203,"column":13}},"77":{"start":{"line":200,"column":16},"end":{"line":200,"column":42}},"78":{"start":{"line":201,"column":16},"end":{"line":201,"column":40}},"79":{"start":{"line":202,"column":16},"end":{"line":202,"column":92}},"80":{"start":{"line":207,"column":28},"end":{"line":217,"column":5}},"81":{"start":{"line":208,"column":8},"end":{"line":216,"column":9}},"82":{"start":{"line":209,"column":26},"end":{"line":209,"column":43}},"83":{"start":{"line":210,"column":24},"end":{"line":210,"column":41}},"84":{"start":{"line":211,"column":26},"end":{"line":211,"column":43}},"85":{"start":{"line":212,"column":25},"end":{"line":212,"column":42}},"86":{"start":{"line":213,"column":29},"end":{"line":213,"column":46}},"87":{"start":{"line":214,"column":28},"end":{"line":214,"column":45}},"88":{"start":{"line":215,"column":21},"end":{"line":215,"column":38}},"89":{"start":{"line":220,"column":36},"end":{"line":246,"column":5}},"90":{"start":{"line":221,"column":8},"end":{"line":221,"column":54}},"91":{"start":{"line":221,"column":42},"end":{"line":221,"column":54}},"92":{"start":{"line":223,"column":54},"end":{"line":223,"column":56}},"93":{"start":{"line":224,"column":54},"end":{"line":224,"column":56}},"94":{"start":{"line":225,"column":25},"end":{"line":225,"column":37}},"95":{"start":{"line":227,"column":8},"end":{"line":233,"column":11}},"96":{"start":{"line":228,"column":12},"end":{"line":232,"column":13}},"97":{"start":{"line":229,"column":33},"end":{"line":229,"column":62}},"98":{"start":{"line":230,"column":16},"end":{"line":230,"column":77}},"99":{"start":{"line":231,"column":16},"end":{"line":231,"column":114}},"100":{"start":{"line":235,"column":24},"end":{"line":240,"column":11}},"101":{"start":{"line":235,"column":67},"end":{"line":240,"column":9}},"102":{"start":{"line":243,"column":8},"end":{"line":243,"column":50}},"103":{"start":{"line":243,"column":31},"end":{"line":243,"column":48}},"104":{"start":{"line":245,"column":8},"end":{"line":245,"column":23}},"105":{"start":{"line":248,"column":25},"end":{"line":270,"column":5}},"106":{"start":{"line":249,"column":8},"end":{"line":249,"column":27}},"107":{"start":{"line":250,"column":8},"end":{"line":250,"column":27}},"108":{"start":{"line":250,"column":20},"end":{"line":250,"column":27}},"109":{"start":{"line":252,"column":8},"end":{"line":252,"column":25}},"110":{"start":{"line":253,"column":8},"end":{"line":253,"column":23}},"111":{"start":{"line":254,"column":25},"end":{"line":254,"column":39}},"112":{"start":{"line":255,"column":8},"end":{"line":255,"column":40}},"113":{"start":{"line":257,"column":8},"end":{"line":268,"column":9}},"114":{"start":{"line":258,"column":29},"end":{"line":260,"column":14}},"115":{"start":{"line":261,"column":12},"end":{"line":261,"column":38}},"116":{"start":{"line":262,"column":12},"end":{"line":262,"column":61}},"117":{"start":{"line":263,"column":12},"end":{"line":263,"column":35}},"118":{"start":{"line":265,"column":12},"end":{"line":265,"column":48}},"119":{"start":{"line":266,"column":12},"end":{"line":266,"column":64}},"120":{"start":{"line":267,"column":12},"end":{"line":267,"column":33}},"121":{"start":{"line":269,"column":8},"end":{"line":269,"column":26}},"122":{"start":{"line":272,"column":24},"end":{"line":309,"column":5}},"123":{"start":{"line":273,"column":8},"end":{"line":308,"column":9}},"124":{"start":{"line":274,"column":27},"end":{"line":274,"column":85}},"125":{"start":{"line":275,"column":12},"end":{"line":277,"column":13}},"126":{"start":{"line":276,"column":16},"end":{"line":276,"column":52}},"127":{"start":{"line":278,"column":12},"end":{"line":278,"column":34}},"128":{"start":{"line":279,"column":12},"end":{"line":279,"column":54}},"129":{"start":{"line":280,"column":12},"end":{"line":280,"column":35}},"130":{"start":{"line":283,"column":28},"end":{"line":283,"column":84}},"131":{"start":{"line":284,"column":31},"end":{"line":284,"column":73}},"132":{"start":{"line":285,"column":25},"end":{"line":285,"column":60}},"133":{"start":{"line":286,"column":12},"end":{"line":286,"column":90}},"134":{"start":{"line":287,"column":12},"end":{"line":289,"column":14}},"135":{"start":{"line":288,"column":16},"end":{"line":288,"column":51}},"136":{"start":{"line":290,"column":12},"end":{"line":295,"column":14}},"137":{"start":{"line":291,"column":29},"end":{"line":291,"column":51}},"138":{"start":{"line":292,"column":16},"end":{"line":292,"column":39}},"139":{"start":{"line":294,"column":16},"end":{"line":294,"column":46}},"140":{"start":{"line":296,"column":12},"end":{"line":300,"column":14}},"141":{"start":{"line":297,"column":16},"end":{"line":297,"column":57}},"142":{"start":{"line":298,"column":16},"end":{"line":298,"column":58}},"143":{"start":{"line":299,"column":16},"end":{"line":299,"column":37}},"144":{"start":{"line":303,"column":12},"end":{"line":303,"column":65}},"145":{"start":{"line":305,"column":12},"end":{"line":305,"column":60}},"146":{"start":{"line":306,"column":12},"end":{"line":306,"column":77}},"147":{"start":{"line":307,"column":12},"end":{"line":307,"column":33}},"148":{"start":{"line":311,"column":23},"end":{"line":340,"column":5}},"149":{"start":{"line":312,"column":8},"end":{"line":319,"column":9}},"150":{"start":{"line":313,"column":27},"end":{"line":313,"column":68}},"151":{"start":{"line":314,"column":12},"end":{"line":317,"column":13}},"152":{"start":{"line":315,"column":31},"end":{"line":315,"column":49}},"153":{"start":{"line":316,"column":16},"end":{"line":316,"column":74}},"154":{"start":{"line":316,"column":60},"end":{"line":316,"column":72}},"155":{"start":{"line":318,"column":12},"end":{"line":318,"column":46}},"156":{"start":{"line":320,"column":8},"end":{"line":320,"column":31}},"157":{"start":{"line":321,"column":8},"end":{"line":321,"column":31}},"158":{"start":{"line":323,"column":30},"end":{"line":323,"column":54}},"159":{"start":{"line":324,"column":8},"end":{"line":329,"column":9}},"160":{"start":{"line":325,"column":24},"end":{"line":325,"column":54}},"161":{"start":{"line":326,"column":12},"end":{"line":328,"column":13}},"162":{"start":{"line":327,"column":16},"end":{"line":327,"column":79}},"163":{"start":{"line":330,"column":8},"end":{"line":333,"column":9}},"164":{"start":{"line":331,"column":12},"end":{"line":331,"column":34}},"165":{"start":{"line":332,"column":12},"end":{"line":332,"column":33}},"166":{"start":{"line":334,"column":8},"end":{"line":337,"column":9}},"167":{"start":{"line":335,"column":12},"end":{"line":335,"column":47}},"168":{"start":{"line":336,"column":12},"end":{"line":336,"column":39}},"169":{"start":{"line":338,"column":8},"end":{"line":338,"column":37}},"170":{"start":{"line":339,"column":8},"end":{"line":339,"column":28}},"171":{"start":{"line":342,"column":25},"end":{"line":365,"column":5}},"172":{"start":{"line":343,"column":8},"end":{"line":343,"column":125}},"173":{"start":{"line":343,"column":118},"end":{"line":343,"column":125}},"174":{"start":{"line":345,"column":23},"end":{"line":345,"column":40}},"175":{"start":{"line":346,"column":22},"end":{"line":346,"column":38}},"176":{"start":{"line":347,"column":24},"end":{"line":347,"column":48}},"177":{"start":{"line":349,"column":8},"end":{"line":349,"column":40}},"178":{"start":{"line":350,"column":8},"end":{"line":350,"column":42}},"179":{"start":{"line":351,"column":8},"end":{"line":351,"column":68}},"180":{"start":{"line":353,"column":8},"end":{"line":364,"column":30}},"181":{"start":{"line":354,"column":12},"end":{"line":354,"column":30}},"182":{"start":{"line":354,"column":23},"end":{"line":354,"column":30}},"183":{"start":{"line":355,"column":27},"end":{"line":355,"column":43}},"184":{"start":{"line":356,"column":12},"end":{"line":362,"column":14}},"185":{"start":{"line":357,"column":35},"end":{"line":357,"column":75}},"186":{"start":{"line":358,"column":16},"end":{"line":361,"column":20}},"187":{"start":{"line":363,"column":12},"end":{"line":363,"column":39}},"188":{"start":{"line":367,"column":4},"end":{"line":371,"column":11}},"189":{"start":{"line":368,"column":8},"end":{"line":370,"column":10}},"190":{"start":{"line":369,"column":12},"end":{"line":369,"column":25}},"191":{"start":{"line":374,"column":26},"end":{"line":383,"column":5}},"192":{"start":{"line":385,"column":4},"end":{"line":782,"column":6}},"193":{"start":{"line":393,"column":41},"end":{"line":393,"column":105}},"194":{"start":{"line":394,"column":43},"end":{"line":394,"column":80}},"195":{"start":{"line":395,"column":20},"end":{"line":399,"column":21}},"196":{"start":{"line":396,"column":48},"end":{"line":396,"column":73}},"197":{"start":{"line":397,"column":38},"end":{"line":397,"column":153}},"198":{"start":{"line":398,"column":24},"end":{"line":398,"column":48}},"199":{"start":{"line":400,"column":20},"end":{"line":400,"column":41}},"200":{"start":{"line":411,"column":45},"end":{"line":411,"column":109}},"201":{"start":{"line":412,"column":47},"end":{"line":412,"column":84}},"202":{"start":{"line":413,"column":24},"end":{"line":417,"column":25}},"203":{"start":{"line":414,"column":52},"end":{"line":414,"column":77}},"204":{"start":{"line":415,"column":42},"end":{"line":415,"column":157}},"205":{"start":{"line":416,"column":28},"end":{"line":416,"column":49}},"206":{"start":{"line":418,"column":24},"end":{"line":418,"column":46}},"207":{"start":{"line":476,"column":65},"end":{"line":476,"column":102}},"208":{"start":{"line":561,"column":57},"end":{"line":561,"column":121}},"209":{"start":{"line":562,"column":59},"end":{"line":562,"column":96}},"210":{"start":{"line":563,"column":36},"end":{"line":611,"column":37}},"211":{"start":{"line":564,"column":40},"end":{"line":610,"column":42}},"212":{"start":{"line":574,"column":74},"end":{"line":574,"column":170}},"213":{"start":{"line":575,"column":73},"end":{"line":575,"column":123}},"214":{"start":{"line":576,"column":60},"end":{"line":605,"column":62}},"215":{"start":{"line":612,"column":36},"end":{"line":612,"column":48}},"216":{"start":{"line":617,"column":61},"end":{"line":617,"column":90}},"217":{"start":{"line":618,"column":60},"end":{"line":618,"column":88}},"218":{"start":{"line":619,"column":58},"end":{"line":619,"column":87}},"219":{"start":{"line":620,"column":40},"end":{"line":762,"column":42}},"220":{"start":{"line":674,"column":68},"end":{"line":705,"column":74}}},"fnMap":{"0":{"name":"(anonymous_0)","decl":{"start":{"line":35,"column":22},"end":{"line":35,"column":23}},"loc":{"start":{"line":35,"column":28},"end":{"line":783,"column":1}},"line":35},"1":{"name":"(anonymous_1)","decl":{"start":{"line":50,"column":28},"end":{"line":50,"column":29}},"loc":{"start":{"line":50,"column":46},"end":{"line":120,"column":5}},"line":50},"2":{"name":"(anonymous_2)","decl":{"start":{"line":122,"column":27},"end":{"line":122,"column":28}},"loc":{"start":{"line":122,"column":45},"end":{"line":140,"column":5}},"line":122},"3":{"name":"(anonymous_3)","decl":{"start":{"line":142,"column":25},"end":{"line":142,"column":26}},"loc":{"start":{"line":142,"column":31},"end":{"line":205,"column":5}},"line":142},"4":{"name":"(anonymous_4)","decl":{"start":{"line":159,"column":36},"end":{"line":159,"column":37}},"loc":{"start":{"line":159,"column":51},"end":{"line":204,"column":9}},"line":159},"5":{"name":"(anonymous_5)","decl":{"start":{"line":207,"column":28},"end":{"line":207,"column":29}},"loc":{"start":{"line":207,"column":49},"end":{"line":217,"column":5}},"line":207},"6":{"name":"(anonymous_6)","decl":{"start":{"line":220,"column":36},"end":{"line":220,"column":37}},"loc":{"start":{"line":220,"column":54},"end":{"line":246,"column":5}},"line":220},"7":{"name":"(anonymous_7)","decl":{"start":{"line":227,"column":22},"end":{"line":227,"column":23}},"loc":{"start":{"line":227,"column":30},"end":{"line":233,"column":9}},"line":227},"8":{"name":"(anonymous_8)","decl":{"start":{"line":235,"column":55},"end":{"line":235,"column":56}},"loc":{"start":{"line":235,"column":67},"end":{"line":240,"column":9}},"line":235},"9":{"name":"(anonymous_9)","decl":{"start":{"line":243,"column":21},"end":{"line":243,"column":22}},"loc":{"start":{"line":243,"column":31},"end":{"line":243,"column":48}},"line":243},"10":{"name":"(anonymous_10)","decl":{"start":{"line":248,"column":25},"end":{"line":248,"column":26}},"loc":{"start":{"line":248,"column":55},"end":{"line":270,"column":5}},"line":248},"11":{"name":"(anonymous_11)","decl":{"start":{"line":272,"column":24},"end":{"line":272,"column":25}},"loc":{"start":{"line":272,"column":36},"end":{"line":309,"column":5}},"line":272},"12":{"name":"(anonymous_12)","decl":{"start":{"line":287,"column":35},"end":{"line":287,"column":36}},"loc":{"start":{"line":287,"column":41},"end":{"line":289,"column":13}},"line":287},"13":{"name":"(anonymous_13)","decl":{"start":{"line":290,"column":39},"end":{"line":290,"column":40}},"loc":{"start":{"line":290,"column":64},"end":{"line":295,"column":13}},"line":290},"14":{"name":"(anonymous_14)","decl":{"start":{"line":296,"column":37},"end":{"line":296,"column":38}},"loc":{"start":{"line":296,"column":55},"end":{"line":300,"column":13}},"line":296},"15":{"name":"(anonymous_15)","decl":{"start":{"line":311,"column":23},"end":{"line":311,"column":24}},"loc":{"start":{"line":311,"column":29},"end":{"line":340,"column":5}},"line":311},"16":{"name":"(anonymous_16)","decl":{"start":{"line":316,"column":31},"end":{"line":316,"column":32}},"loc":{"start":{"line":316,"column":60},"end":{"line":316,"column":72}},"line":316},"17":{"name":"(anonymous_17)","decl":{"start":{"line":342,"column":25},"end":{"line":342,"column":26}},"loc":{"start":{"line":342,"column":31},"end":{"line":365,"column":5}},"line":342},"18":{"name":"(anonymous_18)","decl":{"start":{"line":353,"column":22},"end":{"line":353,"column":23}},"loc":{"start":{"line":353,"column":32},"end":{"line":364,"column":9}},"line":353},"19":{"name":"(anonymous_19)","decl":{"start":{"line":356,"column":28},"end":{"line":356,"column":29}},"loc":{"start":{"line":356,"column":34},"end":{"line":362,"column":13}},"line":356},"20":{"name":"(anonymous_20)","decl":{"start":{"line":367,"column":14},"end":{"line":367,"column":15}},"loc":{"start":{"line":367,"column":20},"end":{"line":371,"column":5}},"line":367},"21":{"name":"(anonymous_21)","decl":{"start":{"line":368,"column":15},"end":{"line":368,"column":16}},"loc":{"start":{"line":368,"column":21},"end":{"line":370,"column":9}},"line":368},"22":{"name":"(anonymous_22)","decl":{"start":{"line":392,"column":29},"end":{"line":392,"column":30}},"loc":{"start":{"line":392,"column":35},"end":{"line":401,"column":17}},"line":392},"23":{"name":"(anonymous_23)","decl":{"start":{"line":410,"column":28},"end":{"line":410,"column":29}},"loc":{"start":{"line":410,"column":34},"end":{"line":419,"column":21}},"line":410},"24":{"name":"(anonymous_24)","decl":{"start":{"line":476,"column":58},"end":{"line":476,"column":59}},"loc":{"start":{"line":476,"column":65},"end":{"line":476,"column":102}},"line":476},"25":{"name":"(anonymous_25)","decl":{"start":{"line":560,"column":34},"end":{"line":560,"column":35}},"loc":{"start":{"line":560,"column":40},"end":{"line":613,"column":33}},"line":560},"26":{"name":"(anonymous_26)","decl":{"start":{"line":573,"column":76},"end":{"line":573,"column":77}},"loc":{"start":{"line":573,"column":91},"end":{"line":606,"column":57}},"line":573},"27":{"name":"(anonymous_27)","decl":{"start":{"line":616,"column":108},"end":{"line":616,"column":109}},"loc":{"start":{"line":616,"column":123},"end":{"line":763,"column":37}},"line":616},"28":{"name":"(anonymous_28)","decl":{"start":{"line":673,"column":110},"end":{"line":673,"column":111}},"loc":{"start":{"line":674,"column":68},"end":{"line":705,"column":74}},"line":674}},"branchMap":{"0":{"loc":{"start":{"line":51,"column":8},"end":{"line":57,"column":10}},"type":"if","locations":[{"start":{"line":51,"column":8},"end":{"line":57,"column":10}},{"start":{},"end":{}}],"line":51},"1":{"loc":{"start":{"line":60,"column":26},"end":{"line":60,"column":59}},"type":"binary-expr","locations":[{"start":{"line":60,"column":26},"end":{"line":60,"column":52}},{"start":{"line":60,"column":56},"end":{"line":60,"column":59}}],"line":60},"2":{"loc":{"start":{"line":62,"column":8},"end":{"line":119,"column":9}},"type":"switch","locations":[{"start":{"line":63,"column":12},"end":{"line":70,"column":18}},{"start":{"line":71,"column":12},"end":{"line":78,"column":18}},{"start":{"line":79,"column":12},"end":{"line":86,"column":18}},{"start":{"line":87,"column":12},"end":{"line":94,"column":18}},{"start":{"line":95,"column":12},"end":{"line":102,"column":18}},{"start":{"line":103,"column":12},"end":{"line":110,"column":18}},{"start":{"line":111,"column":12},"end":{"line":118,"column":18}}],"line":62},"3":{"loc":{"start":{"line":123,"column":8},"end":{"line":123,"column":50}},"type":"if","locations":[{"start":{"line":123,"column":8},"end":{"line":123,"column":50}},{"start":{},"end":{}}],"line":123},"4":{"loc":{"start":{"line":126,"column":8},"end":{"line":139,"column":9}},"type":"switch","locations":[{"start":{"line":127,"column":12},"end":{"line":128,"column":50}},{"start":{"line":129,"column":12},"end":{"line":130,"column":49}},{"start":{"line":131,"column":12},"end":{"line":131,"column":25}},{"start":{"line":132,"column":12},"end":{"line":132,"column":24}},{"start":{"line":133,"column":12},"end":{"line":134,"column":35}},{"start":{"line":135,"column":12},"end":{"line":136,"column":36}},{"start":{"line":137,"column":12},"end":{"line":138,"column":44}}],"line":126},"5":{"loc":{"start":{"line":144,"column":8},"end":{"line":144,"column":77}},"type":"if","locations":[{"start":{"line":144,"column":8},"end":{"line":144,"column":77}},{"start":{},"end":{}}],"line":144},"6":{"loc":{"start":{"line":144,"column":12},"end":{"line":144,"column":68}},"type":"binary-expr","locations":[{"start":{"line":144,"column":12},"end":{"line":144,"column":26}},{"start":{"line":144,"column":30},"end":{"line":144,"column":44}},{"start":{"line":144,"column":48},"end":{"line":144,"column":68}}],"line":144},"7":{"loc":{"start":{"line":147,"column":8},"end":{"line":147,"column":25}},"type":"if","locations":[{"start":{"line":147,"column":8},"end":{"line":147,"column":25}},{"start":{},"end":{}}],"line":147},"8":{"loc":{"start":{"line":150,"column":8},"end":{"line":150,"column":27}},"type":"if","locations":[{"start":{"line":150,"column":8},"end":{"line":150,"column":27}},{"start":{},"end":{}}],"line":150},"9":{"loc":{"start":{"line":163,"column":30},"end":{"line":163,"column":77}},"type":"cond-expr","locations":[{"start":{"line":163,"column":56},"end":{"line":163,"column":65}},{"start":{"line":163,"column":68},"end":{"line":163,"column":77}}],"line":163},"10":{"loc":{"start":{"line":176,"column":12},"end":{"line":181,"column":13}},"type":"if","locations":[{"start":{"line":176,"column":12},"end":{"line":181,"column":13}},{"start":{"line":179,"column":19},"end":{"line":181,"column":13}}],"line":176},"11":{"loc":{"start":{"line":184,"column":12},"end":{"line":189,"column":13}},"type":"if","locations":[{"start":{"line":184,"column":12},"end":{"line":189,"column":13}},{"start":{},"end":{}}],"line":184},"12":{"loc":{"start":{"line":192,"column":12},"end":{"line":196,"column":13}},"type":"if","locations":[{"start":{"line":192,"column":12},"end":{"line":196,"column":13}},{"start":{},"end":{}}],"line":192},"13":{"loc":{"start":{"line":192,"column":16},"end":{"line":192,"column":39}},"type":"binary-expr","locations":[{"start":{"line":192,"column":16},"end":{"line":192,"column":24}},{"start":{"line":192,"column":28},"end":{"line":192,"column":39}}],"line":192},"14":{"loc":{"start":{"line":199,"column":12},"end":{"line":203,"column":13}},"type":"if","locations":[{"start":{"line":199,"column":12},"end":{"line":203,"column":13}},{"start":{},"end":{}}],"line":199},"15":{"loc":{"start":{"line":208,"column":8},"end":{"line":216,"column":9}},"type":"switch","locations":[{"start":{"line":209,"column":12},"end":{"line":209,"column":43}},{"start":{"line":210,"column":12},"end":{"line":210,"column":41}},{"start":{"line":211,"column":12},"end":{"line":211,"column":43}},{"start":{"line":212,"column":12},"end":{"line":212,"column":42}},{"start":{"line":213,"column":12},"end":{"line":213,"column":46}},{"start":{"line":214,"column":12},"end":{"line":214,"column":45}},{"start":{"line":215,"column":12},"end":{"line":215,"column":38}}],"line":208},"16":{"loc":{"start":{"line":221,"column":8},"end":{"line":221,"column":54}},"type":"if","locations":[{"start":{"line":221,"column":8},"end":{"line":221,"column":54}},{"start":{},"end":{}}],"line":221},"17":{"loc":{"start":{"line":221,"column":12},"end":{"line":221,"column":40}},"type":"binary-expr","locations":[{"start":{"line":221,"column":12},"end":{"line":221,"column":18}},{"start":{"line":221,"column":22},"end":{"line":221,"column":40}}],"line":221},"18":{"loc":{"start":{"line":228,"column":12},"end":{"line":232,"column":13}},"type":"if","locations":[{"start":{"line":228,"column":12},"end":{"line":232,"column":13}},{"start":{},"end":{}}],"line":228},"19":{"loc":{"start":{"line":230,"column":43},"end":{"line":230,"column":71}},"type":"binary-expr","locations":[{"start":{"line":230,"column":43},"end":{"line":230,"column":66}},{"start":{"line":230,"column":70},"end":{"line":230,"column":71}}],"line":230},"20":{"loc":{"start":{"line":231,"column":43},"end":{"line":231,"column":71}},"type":"binary-expr","locations":[{"start":{"line":231,"column":43},"end":{"line":231,"column":66}},{"start":{"line":231,"column":70},"end":{"line":231,"column":71}}],"line":231},"21":{"loc":{"start":{"line":231,"column":76},"end":{"line":231,"column":112}},"type":"binary-expr","locations":[{"start":{"line":231,"column":76},"end":{"line":231,"column":107}},{"start":{"line":231,"column":111},"end":{"line":231,"column":112}}],"line":231},"22":{"loc":{"start":{"line":250,"column":8},"end":{"line":250,"column":27}},"type":"if","locations":[{"start":{"line":250,"column":8},"end":{"line":250,"column":27}},{"start":{},"end":{}}],"line":250},"23":{"loc":{"start":{"line":275,"column":12},"end":{"line":277,"column":13}},"type":"if","locations":[{"start":{"line":275,"column":12},"end":{"line":277,"column":13}},{"start":{},"end":{}}],"line":275},"24":{"loc":{"start":{"line":283,"column":28},"end":{"line":283,"column":84}},"type":"binary-expr","locations":[{"start":{"line":283,"column":28},"end":{"line":283,"column":57}},{"start":{"line":283,"column":61},"end":{"line":283,"column":84}}],"line":283},"25":{"loc":{"start":{"line":284,"column":31},"end":{"line":284,"column":73}},"type":"cond-expr","locations":[{"start":{"line":284,"column":61},"end":{"line":284,"column":66}},{"start":{"line":284,"column":69},"end":{"line":284,"column":73}}],"line":284},"26":{"loc":{"start":{"line":312,"column":8},"end":{"line":319,"column":9}},"type":"if","locations":[{"start":{"line":312,"column":8},"end":{"line":319,"column":9}},{"start":{},"end":{}}],"line":312},"27":{"loc":{"start":{"line":312,"column":12},"end":{"line":312,"column":58}},"type":"binary-expr","locations":[{"start":{"line":312,"column":12},"end":{"line":312,"column":28}},{"start":{"line":312,"column":32},"end":{"line":312,"column":58}}],"line":312},"28":{"loc":{"start":{"line":314,"column":12},"end":{"line":317,"column":13}},"type":"if","locations":[{"start":{"line":314,"column":12},"end":{"line":317,"column":13}},{"start":{},"end":{}}],"line":314},"29":{"loc":{"start":{"line":314,"column":16},"end":{"line":314,"column":42}},"type":"binary-expr","locations":[{"start":{"line":314,"column":16},"end":{"line":314,"column":22}},{"start":{"line":314,"column":26},"end":{"line":314,"column":42}}],"line":314},"30":{"loc":{"start":{"line":324,"column"
[...]
":3}},"loc":{"start":{"line":75,"column":26},"end":{"line":89,"column":3}},"line":75},"2":{"name":"(anonymous_2)","decl":{"start":{"line":91,"column":2},"end":{"line":91,"column":3}},"loc":{"start":{"line":91,"column":15},"end":{"line":100,"column":3}},"line":91},"3":{"name":"(anonymous_3)","decl":{"start":{"line":104,"column":18},"end":{"line":104,"column":19}},"loc":{"start":{"line":104,"column":151},"end":{"line":263,"column":1}},"line":104},"4":{"name":"(anonymous_4)","decl":{"start":{"line":118,"column":4},"end":{"line":118,"column":5}},"loc":{"start":{"line":118,"column":17},"end":{"line":146,"column":5}},"line":118},"5":{"name":"(anonymous_5)","decl":{"start":{"line":147,"column":4},"end":{"line":147,"column":5}},"loc":{"start":{"line":147,"column":15},"end":{"line":153,"column":5}},"line":147},"6":{"name":"(anonymous_6)","decl":{"start":{"line":158,"column":4},"end":{"line":158,"column":5}},"loc":{"start":{"line":158,"column":18},"end":{"line":172,"column":5}},"line":158},"7":{"name":"(anonymous_7)","decl":{"start":{"line":173,"column":4},"end":{"line":173,"column":5}},"loc":{"start":{"line":173,"column":21},"end":{"line":259,"column":5}},"line":173},"8":{"name":"(anonymous_8)","decl":{"start":{"line":212,"column":28},"end":{"line":212,"column":29}},"loc":{"start":{"line":212,"column":39},"end":{"line":212,"column":65}},"line":212},"9":{"name":"(anonymous_9)","decl":{"start":{"line":267,"column":22},"end":{"line":267,"column":23}},"loc":{"start":{"line":267,"column":42},"end":{"line":282,"column":1}},"line":267},"10":{"name":"(anonymous_10)","decl":{"start":{"line":284,"column":26},"end":{"line":284,"column":27}},"loc":{"start":{"line":284,"column":48},"end":{"line":289,"column":1}},"line":284},"11":{"name":"(anonymous_11)","decl":{"start":{"line":291,"column":25},"end":{"line":291,"column":26}},"loc":{"start":{"line":291,"column":53},"end":{"line":300,"column":1}},"line":291},"12":{"name":"(anonymous_12)","decl":{"start":{"line":292,"column":41},"end":{"line":292,"column":42}},"loc":{"start":{"line":292,"column":60},"end":{"line":292,"column":76}},"line":292},"13":{"name":"(anonymous_13)","decl":{"start":{"line":302,"column":20},"end":{"line":302,"column":21}},"loc":{"start":{"line":302,"column":41},"end":{"line":319,"column":1}},"line":302},"14":{"name":"(anonymous_14)","decl":{"start":{"line":329,"column":8},"end":{"line":329,"column":9}},"loc":{"start":{"line":329,"column":98},"end":{"line":343,"column":3}},"line":329},"15":{"name":"(anonymous_15)","decl":{"start":{"line":347,"column":12},"end":{"line":347,"column":13}},"loc":{"start":{"line":347,"column":18},"end":{"line":347,"column":45}},"line":347},"16":{"name":"(anonymous_16)","decl":{"start":{"line":348,"column":12},"end":{"line":348,"column":13}},"loc":{"start":{"line":348,"column":30},"end":{"line":348,"column":67}},"line":348},"17":{"name":"(anonymous_17)","decl":{"start":{"line":349,"column":17},"end":{"line":349,"column":18}},"loc":{"start":{"line":349,"column":35},"end":{"line":349,"column":77}},"line":349},"18":{"name":"(anonymous_18)","decl":{"start":{"line":350,"column":12},"end":{"line":350,"column":13}},"loc":{"start":{"line":350,"column":18},"end":{"line":350,"column":44}},"line":350},"19":{"name":"(anonymous_19)","decl":{"start":{"line":351,"column":13},"end":{"line":351,"column":14}},"loc":{"start":{"line":351,"column":35},"end":{"line":351,"column":77}},"line":351},"20":{"name":"(anonymous_20)","decl":{"start":{"line":355,"column":15},"end":{"line":355,"column":16}},"loc":{"start":{"line":355,"column":21},"end":{"line":355,"column":55}},"line":355},"21":{"name":"(anonymous_21)","decl":{"start":{"line":356,"column":17},"end":{"line":356,"column":18}},"loc":{"start":{"line":356,"column":33},"end":{"line":356,"column":78}},"line":356},"22":{"name":"(anonymous_22)","decl":{"start":{"line":357,"column":16},"end":{"line":357,"column":17}},"loc":{"start":{"line":357,"column":49},"end":{"line":357,"column":96}},"line":357},"23":{"name":"(anonymous_23)","decl":{"start":{"line":361,"column":10},"end":{"line":361,"column":11}},"loc":{"start":{"line":361,"column":43},"end":{"line":361,"column":85}},"line":361},"24":{"name":"(anonymous_24)","decl":{"start":{"line":362,"column":16},"end":{"line":362,"column":17}},"loc":{"start":{"line":362,"column":32},"end":{"line":362,"column":68}},"line":362},"25":{"name":"(anonymous_25)","decl":{"start":{"line":363,"column":18},"end":{"line":363,"column":19}},"loc":{"start":{"line":363,"column":50},"end":{"line":363,"column":105}},"line":363},"26":{"name":"(anonymous_26)","decl":{"start":{"line":364,"column":12},"end":{"line":364,"column":13}},"loc":{"start":{"line":364,"column":43},"end":{"line":364,"column":80}},"line":364},"27":{"name":"(anonymous_27)","decl":{"start":{"line":368,"column":13},"end":{"line":368,"column":14}},"loc":{"start":{"line":368,"column":46},"end":{"line":368,"column":78}},"line":368},"28":{"name":"(anonymous_28)","decl":{"start":{"line":369,"column":22},"end":{"line":369,"column":23}},"loc":{"start":{"line":369,"column":43},"end":{"line":369,"column":84}},"line":369},"29":{"name":"(anonymous_29)","decl":{"start":{"line":370,"column":17},"end":{"line":370,"column":18}},"loc":{"start":{"line":370,"column":23},"end":{"line":370,"column":51}},"line":370},"30":{"name":"(anonymous_30)","decl":{"start":{"line":374,"column":13},"end":{"line":374,"column":14}},"loc":{"start":{"line":374,"column":19},"end":{"line":374,"column":50}},"line":374},"31":{"name":"(anonymous_31)","decl":{"start":{"line":375,"column":22},"end":{"line":375,"column":23}},"loc":{"start":{"line":375,"column":28},"end":{"line":375,"column":63}},"line":375},"32":{"name":"(anonymous_32)","decl":{"start":{"line":376,"column":16},"end":{"line":376,"column":17}},"loc":{"start":{"line":376,"column":38},"end":{"line":376,"column":94}},"line":376},"33":{"name":"(anonymous_33)","decl":{"start":{"line":377,"column":18},"end":{"line":377,"column":19}},"loc":{"start":{"line":377,"column":41},"end":{"line":377,"column":84}},"line":377}},"branchMap":{"0":{"loc":{"start":{"line":66,"column":45},"end":{"line":66,"column":78}},"type":"default-arg","locations":[{"start":{"line":66,"column":76},"end":{"line":66,"column":78}}],"line":66},"1":{"loc":{"start":{"line":88,"column":11},"end":{"line":88,"column":83}},"type":"binary-expr","locations":[{"start":{"line":88,"column":11},"end":{"line":88,"column":30}},{"start":{"line":88,"column":34},"end":{"line":88,"column":83}}],"line":88},"2":{"loc":{"start":{"line":104,"column":19},"end":{"line":104,"column":146}},"type":"default-arg","locations":[{"start":{"line":104,"column":144},"end":{"line":104,"column":146}}],"line":104},"3":{"loc":{"start":{"line":106,"column":13},"end":{"line":106,"column":87}},"type":"binary-expr","locations":[{"start":{"line":106,"column":13},"end":{"line":106,"column":27}},{"start":{"line":106,"column":31},"end":{"line":106,"column":60}},{"start":{"line":106,"column":64},"end":{"line":106,"column":87}}],"line":106},"4":{"loc":{"start":{"line":107,"column":13},"end":{"line":107,"column":36}},"type":"binary-expr","locations":[{"start":{"line":107,"column":13},"end":{"line":107,"column":27}},{"start":{"line":107,"column":31},"end":{"line":107,"column":36}}],"line":107},"5":{"loc":{"start":{"line":125,"column":6},"end":{"line":130,"column":7}},"type":"if","locations":[{"start":{"line":125,"column":6},"end":{"line":130,"column":7}},{"start":{},"end":{}}],"line":125},"6":{"loc":{"start":{"line":126,"column":22},"end":{"line":126,"column":86}},"type":"binary-expr","locations":[{"start":{"line":126,"column":22},"end":{"line":126,"column":51}},{"start":{"line":126,"column":55},"end":{"line":126,"column":86}}],"line":126},"7":{"loc":{"start":{"line":127,"column":8},"end":{"line":129,"column":9}},"type":"if","locations":[{"start":{"line":127,"column":8},"end":{"line":129,"column":9}},{"start":{},"end":{}}],"line":127},"8":{"loc":{"start":{"line":133,"column":6},"end":{"line":135,"column":7}},"type":"if","locations":[{"start":{"line":133,"column":6},"end":{"line":135,"column":7}},{"start":{},"end":{}}],"line":133},"9":{"loc":{"start":{"line":138,"column":6},"end":{"line":143,"column":7}},"type":"if","locations":[{"start":{"line":138,"column":6},"end":{"line":143,"column":7}},{"start":{},"end":{}}],"line":138},"10":{"loc":{"start":{"line":139,"column":29},"end":{"line":139,"column":71}},"type":"binary-expr","locations":[{"start":{"line":139,"column":29},"end":{"line":139,"column":58}},{"start":{"line":139,"column":62},"end":{"line":139,"column":71}}],"line":139},"11":{"loc":{"start":{"line":160,"column":23},"end":{"line":160,"column":48}},"type":"binary-expr","locations":[{"start":{"line":160,"column":23},"end":{"line":160,"column":42}},{"start":{"line":160,"column":46},"end":{"line":160,"column":48}}],"line":160},"12":{"loc":{"start":{"line":163,"column":6},"end":{"line":165,"column":7}},"type":"if","locations":[{"start":{"line":163,"column":6},"end":{"line":165,"column":7}},{"start":{},"end":{}}],"line":163},"13":{"loc":{"start":{"line":167,"column":6},"end":{"line":169,"column":7}},"type":"if","locations":[{"start":{"line":167,"column":6},"end":{"line":169,"column":7}},{"start":{},"end":{}}],"line":167},"14":{"loc":{"start":{"line":168,"column":57},"end":{"line":168,"column":107}},"type":"binary-expr","locations":[{"start":{"line":168,"column":57},"end":{"line":168,"column":94}},{"start":{"line":168,"column":98},"end":{"line":168,"column":107}}],"line":168},"15":{"loc":{"start":{"line":179,"column":6},"end":{"line":253,"column":7}},"type":"if","locations":[{"start":{"line":179,"column":6},"end":{"line":253,"column":7}},{"start":{"line":186,"column":13},"end":{"line":253,"column":7}}],"line":179},"16":{"loc":{"start":{"line":186,"column":13},"end":{"line":253,"column":7}},"type":"if","locations":[{"start":{"line":186,"column":13},"end":{"line":253,"column":7}},{"start":{"line":199,"column":13},"end":{"line":253,"column":7}}],"line":186},"17":{"loc":{"start":{"line":194,"column":8},"end":{"line":198,"column":9}},"type":"if","locations":[{"start":{"line":194,"column":8},"end":{"line":198,"column":9}},{"start":{},"end":{}}],"line":194},"18":{"loc":{"start":{"line":199,"column":13},"end":{"line":253,"column":7}},"type":"if","locations":[{"start":{"line":199,"column":13},"end":{"line":253,"column":7}},{"start":{"line":205,"column":13},"end":{"line":253,"column":7}}],"line":199},"19":{"loc":{"start":{"line":205,"column":13},"end":{"line":253,"column":7}},"type":"if","locations":[{"start":{"line":205,"column":13},"end":{"line":253,"column":7}},{"start":{"line":221,"column":13},"end":{"line":253,"column":7}}],"line":205},"20":{"loc":{"start":{"line":205,"column":17},"end":{"line":205,"column":79}},"type":"binary-expr","locations":[{"start":{"line":205,"column":17},"end":{"line":205,"column":46}},{"start":{"line":205,"column":50},"end":{"line":205,"column":79}}],"line":205},"21":{"loc":{"start":{"line":207,"column":27},"end":{"line":207,"column":59}},"type":"binary-expr","locations":[{"start":{"line":207,"column":27},"end":{"line":207,"column":54}},{"start":{"line":207,"column":58},"end":{"line":207,"column":59}}],"line":207},"22":{"loc":{"start":{"line":208,"column":8},"end":{"line":214,"column":9}},"type":"if","locations":[{"start":{"line":208,"column":8},"end":{"line":214,"column":9}},{"start":{},"end":{}}],"line":208},"23":{"loc":{"start":{"line":209,"column":41},"end":{"line":209,"column":73}},"type":"binary-expr","locations":[{"start":{"line":209,"column":41},"end":{"line":209,"column":68}},{"start":{"line":209,"column":72},"end":{"line":209,"column":73}}],"line":209},"24":{"loc":{"start":{"line":210,"column":68},"end":{"line":210,"column":102}},"type":"binary-expr","locations":[{"start":{"line":210,"column":68},"end":{"line":210,"column":94}},{"start":{"line":210,"column":98},"end":{"line":210,"column":102}}],"line":210},"25":{"loc":{"start":{"line":221,"column":13},"end":{"line":253,"column":7}},"type":"if","locations":[{"start":{"line":221,"column":13},"end":{"line":253,"column":7}},{"start":{"line":227,"column":13},"end":{"line":253,"column":7}}],"line":221},"26":{"loc":{"start":{"line":227,"column":13},"end":{"line":253,"column":7}},"type":"if","locations":[{"start":{"line":227,"column":13},"end":{"line":253,"column":7}},{"start":{"line":233,"column":13},"end":{"line":253,"column":7}}],"line":227},"27":{"loc":{"start":{"line":233,"column":13},"end":{"line":253,"column":7}},"type":"if","locations":[{"start":{"line":233,"column":13},"end":{"line":253,"column":7}},{"start":{"line":240,"column":13},"end":{"line":253,"column":7}}],"line":233},"28":{"loc":{"start":{"line":240,"column":13},"end":{"line":253,"column":7}},"type":"if","locations":[{"start":{"line":240,"column":13},"end":{"line":253,"column":7}},{"start":{"line":247,"column":13},"end":{"line":253,"column":7}}],"line":240},"29":{"loc":{"start":{"line":245,"column":20},"end":{"line":245,"column":70}},"type":"binary-expr","locations":[{"start":{"line":245,"column":20},"end":{"line":245,"column":47}},{"start":{"line":245,"column":51},"end":{"line":245,"column":70}}],"line":245},"30":{"loc":{"start":{"line":250,"column":10},"end":{"line":250,"column":54}},"type":"binary-expr","locations":[{"start":{"line":250,"column":10},"end":{"line":250,"column":37}},{"start":{"line":250,"column":41},"end":{"line":250,"column":54}}],"line":250},"31":{"loc":{"start":{"line":268,"column":2},"end":{"line":270,"column":3}},"type":"if","locations":[{"start":{"line":268,"column":2},"end":{"line":270,"column":3}},{"start":{},"end":{}}],"line":268},"32":{"loc":{"start":{"line":271,"column":2},"end":{"line":273,"column":3}},"type":"if","locations":[{"start":{"line":271,"column":2},"end":{"line":273,"column":3}},{"start":{},"end":{}}],"line":271},"33":{"loc":{"start":{"line":274,"column":2},"end":{"line":280,"column":3}},"type":"if","locations":[{"start":{"line":274,"column":2},"end":{"line":280,"column":3}},{"start":{},"end":{}}],"line":274},"34":{"loc":{"start":{"line":274,"column":6},"end":{"line":274,"column":47}},"type":"binary-expr","locations":[{"start":{"line":274,"column":6},"end":{"line":274,"column":30}},{"start":{"line":274,"column":34},"end":{"line":274,"column":47}}],"line":274},"35":{"loc":{"start":{"line":285,"column":2},"end":{"line":285,"column":69}},"type":"if","locations":[{"start":{"line":285,"column":2},"end":{"line":285,"column":69}},{"start":{},"end":{}}],"line":285},"36":{"loc":{"start":{"line":286,"column":2},"end":{"line":286,"column":65}},"type":"if","locations":[{"start":{"line":286,"column":2},"end":{"line":286,"column":65}},{"start":{},"end":{}}],"line":286},"37":{"loc":{"start":{"line":287,"column":2},"end":{"line":287,"column":61}},"type":"if","locations":[{"start":{"line":287,"column":2},"end":{"line":287,"column":61}},{"start":{},"end":{}}],"line":287},"38":{"loc":{"start":{"line":293,"column":2},"end":{"line":299,"column":3}},"type":"if","locations":[{"start":{"line":293,"column":2},"end":{"line":299,"column":3}},{"start":{},"end":{}}],"line":293},"39":{"loc":{"start":{"line":296,"column":4},"end":{"line":298,"column":5}},"type":"if","locations":[{"start":{"line":296,"column":4},"end":{"line":298,"column":5}},{"start":{},"end":{}}],"line":296},"40":{"loc":{"start":{"line":306,"column":2},"end":{"line":308,"column":3}},"type":"if","locations":[{"start":{"line":306,"column":2},"end":{"line":308,"column":3}},{"start":{},"end":{}}],"line":306},"41":{"loc":{"start":{"line":311,"column":2},"end":{"line":313,"column":3}},"type":"if","locations":[{"start":{"line":311,"column":2},"end":{"line":313,"column":3}},{"start":{},"end":{}}],"line":311},"42":{"loc":{"start":{"line":316,"column":34},"end":{"line":316,"column":83}},"type":"binary-expr","locations":[{"start":{"line":316,"column":34},"end":{"line":316,"column":75}},{"start":{"line":316,"column":79},"end":{"line":316,"column":83}}],"line":316},"43":{"loc":{"start":{"line":336,"column":15},"end":{"line":340,"column":9}},"type":"cond-expr","locations":[{"start":{"line":336,"column":43},"end":{"line":336,"column":48}},{"start":{"line":336,"column":51},"end":{"line":340,"column":9}}],"line":336}},"s":{"0":0,"1":0,"2":0,"3":0,"4":0,"5":0,"6":0,"7":0,"8":0,"9":0,"10":0,"11":0,"12":0,"13":0,"14":0,"15":0,"16":0,"17":0,"18":0,"19":0,"20":0,"21":0,"22":0,"23":0,"24":0,"25":0,"26":0,"27":0,"28":0,"29":0,"30":0,"31":0,"32":0,"33":0,"34":0,"35":0,"36":0,"37":0,"38":0,"39":0,"40":0,"41":0,"42":0,"43":0,"44":0,"45":0,"46":0,"47":0,"48":0,"49":0,"50":0,"51":0,"52":0,"53":0,"54":0,"55":0,"56":0,"57":0,"58":0,"59":0,"60":0,"61":0,"62":0,"63":0,"64":0,"65":0,"66":0,"67":0,"68":0,"69":0,"70":0,"71":0,"72":0,"73":0,"74":0,"75":0,"76":0,"77":0,"78":0,"79":0,"80":0,"81":0,"82":0,"83":0,"84":0,"85":0,"86":0,"87":0,"88":0,"89":0,"90":0,"91":0,"92":0,"93":0,"94":0,"95":0,"96":0,"97":0,"98":0,"99":0,"100":0,"101":0,"102":0,"103":0,"104":0,"105":0,"106":0,"107":0,"108":0,"109":0,"110":0,"111":0,"112":0,"113":0,"114":0,"115":0,"116":0,"117":0,"118":0,"119":0,"120":0,"121":0,"122":0,"123":0},"f":{"0":0,"1":0,"2":0,"3":0,"4":0,"5":0,"6":0,"7":0,"8":0,"9":0,"10":0,"11":0,"12":0,"13":0,"14":0,"15":0,"16":0,"17":0,"18":0,"19":0,"20":0,"21":0,"22":0,"23":0,"24":0,"25":0,"26":0,"27":0,"28":0,"29":0,"30":0,"31":0,"32":0,"33":0},"b":{"0":[0],"1":[0,0],"2":[0],"3":[0,0,0],"4":[0,0],"5":[0,0],"6":[0,0],"7":[0,0],"8":[0,0],"9":[0,0],"10":[0,0],"11":[0,0],"12":[0,0],"13":[0,0],"14":[0,0],"15":[0,0],"16":[0,0],"17":[0,0],"18":[0,0],"19":[0,0],"20":[0,0],"21":[0,0],"22":[0,0],"23":[0,0],"24":[0,0],"25":[0,0],"26":[0,0],"27":[0,0],"28":[0,0],"29":[0,0],"30":[0,0],"31":[0,0],"32":[0,0],"33":[0,0],"34":[0,0],"35":[0,0],"36":[0,0],"37":[0,0],"38":[0,0],"39":[0,0],"40":[0,0],"41":[0,0],"42":[0,0],"43":[0,0]}}
,"D:\\AI-F\\AI-f\\ui\\react-app\\src\\types\\Alert.ts": {"path":"D:\\AI-F\\AI-f\\ui\\react-app\\src\\types\\Alert.ts","statementMap":{},"fnMap":{},"branchMap":{},"s":{},"f":{},"b":{}}
,"D:\\AI-F\\AI-f\\ui\\react-app\\src\\types\\Camera.ts": {"path":"D:\\AI-F\\AI-f\\ui\\react-app\\src\\types\\Camera.ts","statementMap":{},"fnMap":{},"branchMap":{},"s":{},"f":{},"b":{}}
,"D:\\AI-F\\AI-f\\ui\\react-app\\src\\types\\Consent.ts": {"path":"D:\\AI-F\\AI-f\\ui\\react-app\\src\\types\\Consent.ts","statementMap":{},"fnMap":{},"branchMap":{},"s":{},"f":{},"b":{}}
,"D:\\AI-F\\AI-f\\ui\\react-app\\src\\types\\Log.ts": {"path":"D:\\AI-F\\AI-f\\ui\\react-app\\src\\types\\Log.ts","statementMap":{},"fnMap":{},"branchMap":{},"s":{},"f":{},"b":{}}
,"D:\\AI-F\\AI-f\\ui\\react-app\\src\\types\\Metrics.ts": {"path":"D:\\AI-F\\AI-f\\ui\\react-app\\src\\types\\Metrics.ts","statementMap":{},"fnMap":{},"branchMap":{},"s":{},"f":{},"b":{}}
,"D:\\AI-F\\AI-f\\ui\\react-app\\src\\types\\Person.ts": {"path":"D:\\AI-F\\AI-f\\ui\\react-app\\src\\types\\Person.ts","statementMap":{},"fnMap":{},"branchMap":{},"s":{},"f":{},"b":{}}
,"D:\\AI-F\\AI-f\\ui\\react-app\\src\\types\\Plan.ts": {"path":"D:\\AI-F\\AI-f\\ui\\react-app\\src\\types\\Plan.ts","statementMap":{},"fnMap":{},"branchMap":{},"s":{},"f":{},"b":{}}
,"D:\\AI-F\\AI-f\\ui\\react-app\\src\\types\\Plugin.ts": {"path":"D:\\AI-F\\AI-f\\ui\\react-app\\src\\types\\Plugin.ts","statementMap":{},"fnMap":{},"branchMap":{},"s":{},"f":{},"b":{}}
,"D:\\AI-F\\AI-f\\ui\\react-app\\src\\types\\RecognitionResult.ts": {"path":"D:\\AI-F\\AI-f\\ui\\react-app\\src\\types\\RecognitionResult.ts","statementMap":{},"fnMap":{},"branchMap":{},"s":{},"f":{},"b":{}}
,"D:\\AI-F\\AI-f\\ui\\react-app\\src\\types\\Snackbar.ts": {"path":"D:\\AI-F\\AI-f\\ui\\react-app\\src\\types\\Snackbar.ts","statementMap":{},"fnMap":{},"branchMap":{},"s":{},"f":{},"b":{}}
,"D:\\AI-F\\AI-f\\ui\\react-app\\src\\types\\Webhook.ts": {"path":"D:\\AI-F\\AI-f\\ui\\react-app\\src\\types\\Webhook.ts","statementMap":{},"fnMap":{},"branchMap":{},"s":{},"f":{},"b":{}}
,"D:\\AI-F\\AI-f\\ui\\react-app\\src\\types\\index.ts": {"path":"D:\\AI-F\\AI-f\\ui\\react-app\\src\\types\\index.ts","statementMap":{},"fnMap":{},"branchMap":{},"s":{},"f":{},"b":{}}
}
