TN:
SF:src\AIAssistant.tsx
FN:12,(anonymous_0)
FN:18,(anonymous_1)
FN:27,(anonymous_2)
FN:36,(anonymous_3)
FN:66,(anonymous_4)
FN:106,(anonymous_5)
FN:140,(anonymous_6)
FN:145,(anonymous_7)
FNF:8
FNH:0
FNDA:0,(anonymous_0)
FNDA:0,(anonymous_1)
FNDA:0,(anonymous_2)
FNDA:0,(anonymous_3)
FNDA:0,(anonymous_4)
FNDA:0,(anonymous_5)
FNDA:0,(anonymous_6)
FNDA:0,(anonymous_7)
DA:12,0
DA:13,0
DA:14,0
DA:15,0
DA:16,0
DA:18,0
DA:19,0
DA:20,0
DA:22,0
DA:23,0
DA:26,0
DA:27,0
DA:29,0
DA:30,0
DA:31,0
DA:36,0
DA:37,0
DA:39,0
DA:40,0
DA:42,0
DA:45,0
DA:67,0
DA:106,0
DA:141,0
DA:145,0
LF:25
LH:0
BRDA:20,0,0,0
BRDA:20,0,1,0
BRDA:57,1,0,0
BRDA:57,1,1,0
BRDA:68,2,0,0
BRDA:68,2,1,0
BRDA:69,3,0,0
BRDA:69,3,1,0
BRDA:73,4,0,0
BRDA:73,4,1,0
BRDA:74,5,0,0
BRDA:74,5,1,0
BRDA:87,6,0,0
BRDA:87,6,1,0
BRDA:115,7,0,0
BRDA:115,7,1,0
BRDA:117,8,0,0
BRDA:117,8,1,0
BRDA:119,9,0,0
BRDA:119,9,1,0
BRDA:124,10,0,0
BRDA:124,10,1,0
BRF:22
BRH:0
end_of_record
TN:
SF:src\AdminDashboard.tsx
FN:10,(anonymous_0)
FN:28,(anonymous_1)
FN:45,(anonymous_2)
FN:62,(anonymous_3)
FN:78,(anonymous_4)
FN:98,(anonymous_5)
FN:103,(anonymous_6)
FN:119,(anonymous_7)
FN:135,(anonymous_8)
FN:151,(anonymous_9)
FN:167,(anonymous_10)
FN:183,(anonymous_11)
FN:223,(anonymous_12)
FN:459,(anonymous_13)
FN:673,(anonymous_14)
FN:692,(anonymous_15)
FN:753,(anonymous_16)
FN:754,(anonymous_17)
FN:756,(anonymous_18)
FN:774,(anonymous_19)
FN:776,(anonymous_20)
FN:800,(anonymous_21)
FN:835,(anonymous_22)
FN:845,(anonymous_23)
FN:853,(anonymous_24)
FN:903,(anonymous_25)
FN:913,(anonymous_26)
FNF:27
FNH:0
FNDA:0,(anonymous_0)
FNDA:0,(anonymous_1)
FNDA:0,(anonymous_2)
FNDA:0,(anonymous_3)
FNDA:0,(anonymous_4)
FNDA:0,(anonymous_5)
FNDA:0,(anonymous_6)
FNDA:0,(anonymous_7)
FNDA:0,(anonymous_8)
FNDA:0,(anonymous_9)
FNDA:0,(anonymous_10)
FNDA:0,(anonymous_11)
FNDA:0,(anonymous_12)
FNDA:0,(anonymous_13)
FNDA:0,(anonymous_14)
FNDA:0,(anonymous_15)
FNDA:0,(anonymous_16)
FNDA:0,(anonymous_17)
FNDA:0,(anonymous_18)
FNDA:0,(anonymous_19)
FNDA:0,(anonymous_20)
FNDA:0,(anonymous_21)
FNDA:0,(anonymous_22)
FNDA:0,(anonymous_23)
FNDA:0,(anonymous_24)
FNDA:0,(anonymous_25)
FNDA:0,(anonymous_26)
DA:10,0
DA:11,0
DA:12,0
DA:13,0
DA:14,0
DA:15,0
DA:16,0
DA:17,0
DA:18,0
DA:19,0
DA:20,0
DA:21,0
DA:22,0
DA:23,0
DA:24,0
DA:25,0
DA:26,0
DA:28,0
DA:29,0
DA:30,0
DA:31,0
DA:32,0
DA:33,0
DA:34,0
DA:35,0
DA:36,0
DA:38,0
DA:39,0
DA:40,0
DA:42,0
DA:45,0
DA:46,0
DA:47,0
DA:48,0
DA:49,0
DA:50,0
DA:51,0
DA:52,0
DA:53,0
DA:55,0
DA:56,0
DA:57,0
DA:59,0
DA:62,0
DA:63,0
DA:64,0
DA:65,0
DA:66,0
DA:67,0
DA:68,0
DA:69,0
DA:71,0
DA:72,0
DA:73,0
DA:75,0
DA:78,0
DA:79,0
DA:80,0
DA:81,0
DA:82,0
DA:83,0
DA:84,0
DA:85,0
DA:86,0
DA:87,0
DA:88,0
DA:89,0
DA:91,0
DA:92,0
DA:93,0
DA:95,0
DA:98,0
DA:100,0
DA:103,0
DA:104,0
DA:105,0
DA:106,0
DA:107,0
DA:108,0
DA:109,0
DA:110,0
DA:112,0
DA:113,0
DA:114,0
DA:116,0
DA:119,0
DA:120,0
DA:121,0
DA:122,0
DA:123,0
DA:124,0
DA:125,0
DA:126,0
DA:128,0
DA:129,0
DA:130,0
DA:132,0
DA:135,0
DA:136,0
DA:137,0
DA:138,0
DA:139,0
DA:140,0
DA:141,0
DA:142,0
DA:144,0
DA:145,0
DA:146,0
DA:148,0
DA:151,0
DA:152,0
DA:153,0
DA:154,0
DA:155,0
DA:156,0
DA:157,0
DA:158,0
DA:160,0
DA:161,0
DA:162,0
DA:164,0
DA:167,0
DA:168,0
DA:169,0
DA:170,0
DA:171,0
DA:172,0
DA:173,0
DA:174,0
DA:176,0
DA:177,0
DA:178,0
DA:180,0
DA:183,0
DA:184,0
DA:185,0
DA:186,0
DA:187,0
DA:188,0
DA:189,0
DA:190,0
DA:192,0
DA:193,0
DA:194,0
DA:196,0
DA:199,0
DA:223,0
DA:460,0
DA:674,0
DA:693,0
DA:753,0
DA:754,0
DA:756,0
DA:774,0
DA:776,0
DA:801,0
DA:835,0
DA:845,0
DA:853,0
DA:904,0
DA:913,0
LF:161
LH:0
BRDA:29,0,0,0
BRDA:29,0,1,0
BRDA:46,1,0,0
BRDA:46,1,1,0
BRDA:83,2,0,0
BRDA:83,2,1,0
BRDA:84,3,0,0
BRDA:84,3,1,0
BRDA:85,4,0,0
BRDA:85,4,1,0
BRDA:233,5,0,0
BRDA:233,5,1,0
BRDA:260,6,0,0
BRDA:260,6,1,0
BRDA:284,7,0,0
BRDA:284,7,1,0
BRDA:349,8,0,0
BRDA:349,8,1,0
BRDA:354,9,0,0
BRDA:354,9,1,0
BRDA:447,10,0,0
BRDA:447,10,1,0
BRDA:452,11,0,0
BRDA:452,11,1,0
BRDA:462,12,0,0
BRDA:462,12,1,0
BRDA:507,13,0,0
BRDA:507,13,1,0
BRDA:512,14,0,0
BRDA:512,14,1,0
BRDA:587,15,0,0
BRDA:587,15,1,0
BRDA:592,16,0,0
BRDA:592,16,1,0
BRDA:634,17,0,0
BRDA:634,17,1,0
BRDA:659,18,0,0
BRDA:659,18,1,0
BRDA:666,19,0,0
BRDA:666,19,1,0
BRDA:685,20,0,0
BRDA:685,20,1,0
BRDA:736,21,0,0
BRDA:736,21,1,0
BRDA:741,22,0,0
BRDA:741,22,1,0
BRDA:883,23,0,0
BRDA:883,23,1,0
BRDA:890,24,0,0
BRDA:890,24,1,0
BRDA:907,25,0,0
BRDA:907,25,1,0
BRDA:929,26,0,0
BRDA:929,26,1,0
BRF:54
BRH:0
end_of_record
TN:
SF:src\App.tsx
FN:28,AppContent
FN:37,(anonymous_1)
FN:46,App
FNF:3
FNH:0
FNDA:0,AppContent
FNDA:0,(anonymous_1)
FNDA:0,App
DA:10,0
DA:29,0
DA:31,0
DA:37,0
DA:47,0
LF:5
LH:0
BRDA:33,0,0,0
BRDA:33,0,1,0
BRDA:36,1,0,0
BRDA:36,1,1,0
BRDA:36,2,0,0
BRDA:36,2,1,0
BRF:6
BRH:0
end_of_record
TN:
SF:src\ConsentModal.tsx
FN:40,(anonymous_0)
FN:51,(anonymous_1)
FN:117,(anonymous_2)
FN:125,(anonymous_3)
FN:188,(anonymous_4)
FNF:5
FNH:0
FNDA:0,(anonymous_0)
FNDA:0,(anonymous_1)
FNDA:0,(anonymous_2)
FNDA:0,(anonymous_3)
FNDA:0,(anonymous_4)
DA:40,0
DA:47,0
DA:48,0
DA:49,0
DA:51,0
DA:52,0
DA:54,0
DA:55,0
DA:57,0
DA:58,0
DA:64,0
DA:65,0
DA:67,0
DA:69,0
DA:73,0
DA:78,0
DA:117,0
DA:126,0
DA:188,0
LF:19
LH:0
BRDA:52,0,0,0
BRDA:52,0,1,0
BRDA:67,1,0,0
BRDA:67,1,1,0
BRDA:177,2,0,0
BRDA:177,2,1,0
BRDA:213,3,0,0
BRDA:213,3,1,0
BRDA:222,4,0,0
BRDA:222,4,1,0
BRDA:224,5,0,0
BRDA:224,5,1,0
BRF:12
BRH:0
end_of_record
TN:
SF:src\EnrichResultsPage.tsx
FN:45,(anonymous_0)
FN:51,(anonymous_1)
FN:55,(anonymous_2)
FN:66,(anonymous_3)
FN:81,(anonymous_4)
FN:87,(anonymous_5)
FN:157,(anonymous_6)
FNF:7
FNH:0
FNDA:0,(anonymous_0)
FNDA:0,(anonymous_1)
FNDA:0,(anonymous_2)
FNDA:0,(anonymous_3)
FNDA:0,(anonymous_4)
FNDA:0,(anonymous_5)
FNDA:0,(anonymous_6)
DA:45,0
DA:46,0
DA:47,0
DA:48,0
DA:49,0
DA:51,0
DA:52,0
DA:55,0
DA:56,0
DA:57,0
DA:58,0
DA:60,0
DA:62,0
DA:66,0
DA:67,0
DA:68,0
DA:69,0
DA:73,0
DA:75,0
DA:77,0
DA:81,0
DA:82,0
DA:83,0
DA:84,0
DA:87,0
DA:88,0
DA:89,0
DA:90,0
DA:93,0
DA:94,0
DA:102,0
DA:103,0
DA:115,0
DA:158,0
LF:34
LH:0
BRDA:60,0,0,0
BRDA:60,0,1,0
BRDA:75,1,0,0
BRDA:75,1,1,0
BRDA:82,2,0,0
BRDA:82,2,1,0
BRDA:83,3,0,0
BRDA:83,3,1,0
BRDA:88,4,0,0
BRDA:88,4,1,0
BRDA:89,5,0,0
BRDA:89,5,1,0
BRDA:93,6,0,0
BRDA:93,6,1,0
BRDA:102,7,0,0
BRDA:102,7,1,0
BRDA:127,8,0,0
BRDA:127,8,1,0
BRDA:130,9,0,0
BRDA:130,9,1,0
BRDA:155,10,0,0
BRDA:155,10,1,0
BRDA:155,11,0,0
BRDA:155,11,1,0
BRF:24
BRH:0
end_of_record
TN:
SF:src\EnrollmentForm.tsx
FN:7,(anonymous_0)
FN:15,(anonymous_1)
FN:61,(anonymous_2)
FN:86,(anonymous_3)
FN:112,(anonymous_4)
FNF:5
FNH:0
FNDA:0,(anonymous_0)
FNDA:0,(anonymous_1)
FNDA:0,(anonymous_2)
FNDA:0,(anonymous_3)
FNDA:0,(anonymous_4)
DA:7,0
DA:8,0
DA:9,0
DA:10,0
DA:11,0
DA:12,0
DA:13,0
DA:15,0
DA:16,0
DA:17,0
DA:19,0
DA:20,0
DA:21,0
DA:22,0
DA:24,0
DA:25,0
DA:26,0
DA:28,0
DA:29,0
DA:32,0
DA:33,0
DA:35,0
DA:36,0
DA:37,0
DA:39,0
DA:42,0
DA:61,0
DA:86,0
DA:112,0
LF:29
LH:0
BRDA:17,0,0,0
BRDA:17,0,1,0
BRDA:17,1,0,0
BRDA:17,1,1,0
BRDA:35,2,0,0
BRDA:35,2,1,0
BRDA:99,3,0,0
BRDA:99,3,1,0
BRDA:135,4,0,0
BRDA:135,4,1,0
BRDA:135,4,2,0
BRDA:135,4,3,0
BRDA:153,5,0,0
BRDA:153,5,1,0
BRDA:155,6,0,0
BRDA:155,6,1,0
BRDA:164,7,0,0
BRDA:164,7,1,0
BRDA:175,8,0,0
BRDA:175,8,1,0
BRF:20
BRH:0
end_of_record
TN:
SF:src\RecognizeView.tsx
FN:35,(anonymous_0)
FN:50,(anonymous_1)
FN:122,(anonymous_2)
FN:142,(anonymous_3)
FN:159,(anonymous_4)
FN:207,(anonymous_5)
FN:220,(anonymous_6)
FN:227,(anonymous_7)
FN:235,(anonymous_8)
FN:243,(anonymous_9)
FN:248,(anonymous_10)
FN:272,(anonymous_11)
FN:287,(anonymous_12)
FN:290,(anonymous_13)
FN:296,(anonymous_14)
FN:311,(anonymous_15)
FN:316,(anonymous_16)
FN:342,(anonymous_17)
FN:353,(anonymous_18)
FN:356,(anonymous_19)
FN:367,(anonymous_20)
FN:368,(anonymous_21)
FN:392,(anonymous_22)
FN:410,(anonymous_23)
FN:476,(anonymous_24)
FN:560,(anonymous_25)
FN:573,(anonymous_26)
FN:616,(anonymous_27)
FN:673,(anonymous_28)
FNF:29
FNH:0
FNDA:0,(anonymous_0)
FNDA:0,(anonymous_1)
FNDA:0,(anonymous_2)
FNDA:0,(anonymous_3)
FNDA:0,(anonymous_4)
FNDA:0,(anonymous_5)
FNDA:0,(anonymous_6)
FNDA:0,(anonymous_7)
FNDA:0,(anonymous_8)
FNDA:0,(anonymous_9)
FNDA:0,(anonymous_10)
FNDA:0,(anonymous_11)
FNDA:0,(anonymous_12)
FNDA:0,(anonymous_13)
FNDA:0,(anonymous_14)
FNDA:0,(anonymous_15)
FNDA:0,(anonymous_16)
FNDA:0,(anonymous_17)
FNDA:0,(anonymous_18)
FNDA:0,(anonymous_19)
FNDA:0,(anonymous_20)
FNDA:0,(anonymous_21)
FNDA:0,(anonymous_22)
FNDA:0,(anonymous_23)
FNDA:0,(anonymous_24)
FNDA:0,(anonymous_25)
FNDA:0,(anonymous_26)
FNDA:0,(anonymous_27)
FNDA:0,(anonymous_28)
DA:9,0
DA:16,0
DA:27,0
DA:31,0
DA:35,0
DA:36,0
DA:37,0
DA:38,0
DA:39,0
DA:40,0
DA:41,0
DA:42,0
DA:43,0
DA:44,0
DA:45,0
DA:46,0
DA:47,0
DA:50,0
DA:51,0
DA:59,0
DA:60,0
DA:62,0
DA:64,0
DA:72,0
DA:80,0
DA:88,0
DA:96,0
DA:104,0
DA:112,0
DA:122,0
DA:123,0
DA:125,0
DA:126,0
DA:128,0
DA:130,0
DA:134,0
DA:136,0
DA:138,0
DA:142,0
DA:143,0
DA:144,0
DA:146,0
DA:147,0
DA:149,0
DA:150,0
DA:153,0
DA:154,0
DA:157,0
DA:159,0
DA:160,0
DA:163,0
DA:164,0
DA:165,0
DA:168,0
DA:169,0
DA:172,0
DA:173,0
DA:174,0
DA:176,0
DA:177,0
DA:178,0
DA:180,0
DA:184,0
DA:185,0
DA:186,0
DA:187,0
DA:188,0
DA:192,0
DA:193,0
DA:194,0
DA:195,0
DA:199,0
DA:200,0
DA:201,0
DA:202,0
DA:207,0
DA:208,0
DA:209,0
DA:210,0
DA:211,0
DA:212,0
DA:213,0
DA:214,0
DA:215,0
DA:220,0
DA:221,0
DA:223,0
DA:224,0
DA:225,0
DA:227,0
DA:228,0
DA:229,0
DA:230,0
DA:231,0
DA:235,0
DA:243,0
DA:245,0
DA:248,0
DA:249,0
DA:250,0
DA:252,0
DA:253,0
DA:254,0
DA:255,0
DA:257,0
DA:258,0
DA:261,0
DA:262,0
DA:263,0
DA:265,0
DA:266,0
DA:267,0
DA:269,0
DA:272,0
DA:273,0
DA:274,0
DA:275,0
DA:276,0
DA:278,0
DA:279,0
DA:280,0
DA:283,0
DA:284,0
DA:285,0
DA:286,0
DA:287,0
DA:288,0
DA:290,0
DA:291,0
DA:292,0
DA:294,0
DA:296,0
DA:297,0
DA:298,0
DA:299,0
DA:303,0
DA:305,0
DA:306,0
DA:307,0
DA:311,0
DA:312,0
DA:313,0
DA:314,0
DA:315,0
DA:316,0
DA:318,0
DA:320,0
DA:321,0
DA:323,0
DA:324,0
DA:325,0
DA:326,0
DA:327,0
DA:330,0
DA:331,0
DA:332,0
DA:334,0
DA:335,0
DA:336,0
DA:338,0
DA:339,0
DA:342,0
DA:343,0
DA:345,0
DA:346,0
DA:347,0
DA:349,0
DA:350,0
DA:351,0
DA:353,0
DA:354,0
DA:355,0
DA:356,0
DA:357,0
DA:358,0
DA:363,0
DA:367,0
DA:368,0
DA:369,0
DA:374,0
DA:385,0
DA:393,0
DA:394,0
DA:395,0
DA:396,0
DA:397,0
DA:398,0
DA:400,0
DA:411,0
DA:412,0
DA:413,0
DA:414,0
DA:415,0
DA:416,0
DA:418,0
DA:476,0
DA:561,0
DA:562,0
DA:563,0
DA:564,0
DA:574,0
DA:575,0
DA:576,0
DA:612,0
DA:617,0
DA:618,0
DA:619,0
DA:620,0
DA:674,0
LF:209
LH:0
BRDA:51,0,0,0
BRDA:51,0,1,0
BRDA:60,1,0,0
BRDA:60,1,1,0
BRDA:62,2,0,0
BRDA:62,2,1,0
BRDA:62,2,2,0
BRDA:62,2,3,0
BRDA:62,2,4,0
BRDA:62,2,5,0
BRDA:62,2,6,0
BRDA:123,3,0,0
BRDA:123,3,1,0
BRDA:126,4,0,0
BRDA:126,4,1,0
BRDA:126,4,2,0
BRDA:126,4,3,0
BRDA:126,4,4,0
BRDA:126,4,5,0
BRDA:126,4,6,0
BRDA:144,5,0,0
BRDA:144,5,1,0
BRDA:144,6,0,0
BRDA:144,6,1,0
BRDA:144,6,2,0
BRDA:147,7,0,0
BRDA:147,7,1,0
BRDA:150,8,0,0
BRDA:150,8,1,0
BRDA:163,9,0,0
BRDA:163,9,1,0
BRDA:176,10,0,0
BRDA:176,10,1,0
BRDA:184,11,0,0
BRDA:184,11,1,0
BRDA:192,12,0,0
BRDA:192,12,1,0
BRDA:192,13,0,0
BRDA:192,13,1,0
BRDA:199,14,0,0
BRDA:199,14,1,0
BRDA:208,15,0,0
BRDA:208,15,1,0
BRDA:208,15,2,0
BRDA:208,15,3,0
BRDA:208,15,4,0
BRDA:208,15,5,0
BRDA:208,15,6,0
BRDA:221,16,0,0
BRDA:221,16,1,0
BRDA:221,17,0,0
BRDA:221,17,1,0
BRDA:228,18,0,0
BRDA:228,18,1,0
BRDA:230,19,0,0
BRDA:230,19,1,0
BRDA:231,20,0,0
BRDA:231,20,1,0
BRDA:231,21,0,0
BRDA:231,21,1,0
BRDA:250,22,0,0
BRDA:250,22,1,0
BRDA:275,23,0,0
BRDA:275,23,1,0
BRDA:283,24,0,0
BRDA:283,24,1,0
BRDA:284,25,0,0
BRDA:284,25,1,0
BRDA:312,26,0,0
BRDA:312,26,1,0
BRDA:312,27,0,0
BRDA:312,27,1,0
BRDA:314,28,0,0
BRDA:314,28,1,0
BRDA:314,29,0,0
BRDA:314,29,1,0
BRDA:324,30,0,0
BRDA:324,30,1,0
BRDA:326,31,0,0
BRDA:326,31,1,0
BRDA:330,32,0,0
BRDA:330,32,1,0
BRDA:334,33,0,0
BRDA:334,33,1,0
BRDA:343,34,0,0
BRDA:343,34,1,0
BRDA:343,35,0,0
BRDA:343,35,1,0
BRDA:343,35,2,0
BRDA:343,35,3,0
BRDA:354,36,0,0
BRDA:354,36,1,0
BRDA:393,37,0,0
BRDA:393,37,1,0
BRDA:393,38,0,0
BRDA:393,38,1,0
BRDA:393,39,0,0
BRDA:393,39,1,0
BRDA:395,40,0,0
BRDA:395,40,1,0
BRDA:395,41,0,0
BRDA:395,41,1,0
BRDA:411,42,0,0
BRDA:411,42,1,0
BRDA:411,43,0,0
BRDA:411,43,1,0
BRDA:411,44,0,0
BRDA:411,44,1,0
BRDA:413,45,0,0
BRDA:413,45,1,0
BRDA:413,46,0,0
BRDA:413,46,1,0
BRDA:431,47,0,0
BRDA:431,47,1,0
BRDA:432,48,0,0
BRDA:432,48,1,0
BRDA:435,49,0,0
BRDA:435,49,1,0
BRDA:438,50,0,0
BRDA:438,50,1,0
BRDA:442,51,0,0
BRDA:442,51,1,0
BRDA:476,52,0,0
BRDA:476,52,1,0
BRDA:490,53,0,0
BRDA:490,53,1,0
BRDA:503,54,0,0
BRDA:503,54,1,0
BRDA:521,55,0,0
BRDA:521,55,1,0
BRDA:523,56,0,0
BRDA:523,56,1,0
BRDA:532,57,0,0
BRDA:532,57,1,0
BRDA:543,58,0,0
BRDA:543,58,1,0
BRDA:550,59,0,0
BRDA:550,59,1,0
BRDA:550,60,0,0
BRDA:550,60,1,0
BRDA:550,60,2,0
BRDA:550,60,3,0
BRDA:550,60,4,0
BRDA:550,60,5,0
BRDA:556,61,0,0
BRDA:556,61,1,0
BRDA:561,62,0,0
BRDA:561,62,1,0
BRDA:561,63,0,0
BRDA:561,63,1,0
BRDA:561,64,0,0
BRDA:561,64,1,0
BRDA:563,65,0,0
BRDA:563,65,1,0
BRDA:563,66,0,0
BRDA:563,66,1,0
BRDA:598,67,0,0
BRDA:598,67,1,0
BRDA:616,68,0,0
BRDA:616,68,1,0
BRDA:616,69,0,0
BRDA:616,69,1,0
BRDA:616,70,0,0
BRDA:616,70,1,0
BRDA:619,71,0,0
BRDA:619,71,1,0
BRDA:623,72,0,0
BRDA:623,72,1,0
BRDA:626,73,0,0
BRDA:626,73,1,0
BRDA:643,74,0,0
BRDA:643,74,1,0
BRDA:652,75,0,0
BRDA:652,75,1,0
BRDA:658,76,0,0
BRDA:658,76,1,0
BRDA:659,77,0,0
BRDA:659,77,1,0
BRDA:660,78,0,0
BRDA:660,78,1,0
BRDA:661,79,0,0
BRDA:661,79,1,0
BRDA:673,80,0,0
BRDA:673,80,1,0
BRDA:678,81,0,0
BRDA:678,81,1,0
BRDA:678,82,0,0
BRDA:678,82,1,0
BRDA:679,83,0,0
BRDA:679,83,1,0
BRDA:679,84,0,0
BRDA:679,84,1,0
BRDA:689,85,0,0
BRDA:689,85,1,0
BRDA:693,86,0,0
BRDA:693,86,1,0
BRDA:693,87,0,0
BRDA:693,87,1,0
BRDA:700,88,0,0
BRDA:700,88,1,0
BRDA:700,89,0,0
BRDA:700,89,1,0
BRDA:701,90,0,0
BRDA:701,90,1,0
BRDA:701,91,0,0
BRDA:701,91,1,0
BRDA:711,92,0,0
BRDA:711,92,1,0
BRDA:746,93,0,0
BRDA:746,93,1,0
BRDA:753,94,0,0
BRDA:753,94,1,0
BRDA:768,95,0,0
BRDA:768,95,1,0
BRF:214
BRH:0
end_of_record
TN:
SF:src\RecognizeViewEnriched.tsx
FN:10,(anonymous_0)
FN:31,(anonymous_1)
FN:53,(anonymous_2)
FN:73,(anonymous_3)
FN:91,(anonymous_4)
FN:135,(anonymous_5)
FN:147,(anonymous_6)
FN:177,(anonymous_7)
FN:192,(anonymous_8)
FN:195,(anonymous_9)
FN:201,(anonymous_10)
FN:216,(anonymous_11)
FN:220,(anonymous_12)
FN:245,(anonymous_13)
FN:257,(anonymous_14)
FN:260,(anonymous_15)
FN:273,(anonymous_16)
FN:278,(anonymous_17)
FN:283,(anonymous_18)
FN:311,(anonymous_19)
FN:317,(anonymous_20)
FN:318,(anonymous_21)
FN:394,(anonymous_22)
FN:407,(anonymous_23)
FN:438,(anonymous_24)
FN:521,(anonymous_25)
FN:570,(anonymous_26)
FN:621,(anonymous_27)
FN:685,(anonymous_28)
FNF:29
FNH:0
FNDA:0,(anonymous_0)
FNDA:0,(anonymous_1)
FNDA:0,(anonymous_2)
FNDA:0,(anonymous_3)
FNDA:0,(anonymous_4)
FNDA:0,(anonymous_5)
FNDA:0,(anonymous_6)
FNDA:0,(anonymous_7)
FNDA:0,(anonymous_8)
FNDA:0,(anonymous_9)
FNDA:0,(anonymous_10)
FNDA:0,(anonymous_11)
FNDA:0,(anonymous_12)
FNDA:0,(anonymous_13)
FNDA:0,(anonymous_14)
FNDA:0,(anonymous_15)
FNDA:0,(anonymous_16)
FNDA:0,(anonymous_17)
FNDA:0,(anonymous_18)
FNDA:0,(anonymous_19)
FNDA:0,(anonymous_20)
FNDA:0,(anonymous_21)
FNDA:0,(anonymous_22)
FNDA:0,(anonymous_23)
FNDA:0,(anonymous_24)
FNDA:0,(anonymous_25)
FNDA:0,(anonymous_26)
FNDA:0,(anonymous_27)
FNDA:0,(anonymous_28)
DA:10,0
DA:11,0
DA:12,0
DA:13,0
DA:14,0
DA:15,0
DA:16,0
DA:17,0
DA:18,0
DA:19,0
DA:20,0
DA:21,0
DA:22,0
DA:23,0
DA:24,0
DA:25,0
DA:26,0
DA:27,0
DA:28,0
DA:31,0
DA:32,0
DA:34,0
DA:35,0
DA:37,0
DA:39,0
DA:41,0
DA:43,0
DA:45,0
DA:47,0
DA:49,0
DA:53,0
DA:54,0
DA:56,0
DA:57,0
DA:59,0
DA:61,0
DA:65,0
DA:67,0
DA:69,0
DA:73,0
DA:74,0
DA:75,0
DA:77,0
DA:78,0
DA:79,0
DA:82,0
DA:83,0
DA:86,0
DA:89,0
DA:91,0
DA:92,0
DA:95,0
DA:96,0
DA:97,0
DA:100,0
DA:101,0
DA:104,0
DA:105,0
DA:106,0
DA:108,0
DA:109,0
DA:110,0
DA:112,0
DA:116,0
DA:117,0
DA:118,0
DA:119,0
DA:120,0
DA:124,0
DA:125,0
DA:126,0
DA:127,0
DA:132,0
DA:135,0
DA:136,0
DA:137,0
DA:138,0
DA:139,0
DA:140,0
DA:141,0
DA:142,0
DA:143,0
DA:147,0
DA:148,0
DA:149,0
DA:151,0
DA:152,0
DA:153,0
DA:154,0
DA:157,0
DA:159,0
DA:160,0
DA:166,0
DA:167,0
DA:168,0
DA:170,0
DA:171,0
DA:172,0
DA:174,0
DA:177,0
DA:178,0
DA:179,0
DA:180,0
DA:181,0
DA:183,0
DA:184,0
DA:185,0
DA:188,0
DA:189,0
DA:190,0
DA:191,0
DA:192,0
DA:193,0
DA:195,0
DA:196,0
DA:197,0
DA:199,0
DA:201,0
DA:202,0
DA:203,0
DA:204,0
DA:208,0
DA:210,0
DA:211,0
DA:212,0
DA:216,0
DA:217,0
DA:218,0
DA:219,0
DA:220,0
DA:221,0
DA:223,0
DA:224,0
DA:226,0
DA:227,0
DA:228,0
DA:229,0
DA:230,0
DA:233,0
DA:234,0
DA:235,0
DA:237,0
DA:238,0
DA:239,0
DA:241,0
DA:242,0
DA:245,0
DA:246,0
DA:248,0
DA:249,0
DA:250,0
DA:251,0
DA:253,0
DA:254,0
DA:255,0
DA:257,0
DA:258,0
DA:259,0
DA:260,0
DA:261,0
DA:262,0
DA:263,0
DA:269,0
DA:273,0
DA:274,0
DA:275,0
DA:278,0
DA:279,0
DA:280,0
DA:283,0
DA:284,0
DA:286,0
DA:287,0
DA:289,0
DA:290,0
DA:299,0
DA:300,0
DA:301,0
DA:303,0
DA:304,0
DA:305,0
DA:307,0
DA:311,0
DA:312,0
DA:313,0
DA:314,0
DA:317,0
DA:318,0
DA:319,0
DA:324,0
DA:325,0
DA:328,0
DA:394,0
DA:407,0
DA:438,0
DA:522,0
DA:523,0
DA:524,0
DA:525,0
DA:571,0
DA:621,0
DA:685,0
LF:202
LH:0
BRDA:32,0,0,0
BRDA:32,0,1,0
BRDA:35,1,0,0
BRDA:35,1,1,0
BRDA:35,1,2,0
BRDA:35,1,3,0
BRDA:35,1,4,0
BRDA:35,1,5,0
BRDA:35,1,6,0
BRDA:54,2,0,0
BRDA:54,2,1,0
BRDA:57,3,0,0
BRDA:57,3,1,0
BRDA:57,3,2,0
BRDA:57,3,3,0
BRDA:57,3,4,0
BRDA:57,3,5,0
BRDA:57,3,6,0
BRDA:75,4,0,0
BRDA:75,4,1,0
BRDA:75,5,0,0
BRDA:75,5,1,0
BRDA:75,5,2,0
BRDA:75,5,3,0
BRDA:79,6,0,0
BRDA:79,6,1,0
BRDA:79,7,0,0
BRDA:79,7,1,0
BRDA:95,8,0,0
BRDA:95,8,1,0
BRDA:95,9,0,0
BRDA:95,9,1,0
BRDA:108,10,0,0
BRDA:108,10,1,0
BRDA:108,11,0,0
BRDA:108,11,1,0
BRDA:116,12,0,0
BRDA:116,12,1,0
BRDA:124,13,0,0
BRDA:124,13,1,0
BRDA:124,14,0,0
BRDA:124,14,1,0
BRDA:136,15,0,0
BRDA:136,15,1,0
BRDA:136,15,2,0
BRDA:136,15,3,0
BRDA:136,15,4,0
BRDA:136,15,5,0
BRDA:136,15,6,0
BRDA:149,16,0,0
BRDA:149,16,1,0
BRDA:180,17,0,0
BRDA:180,17,1,0
BRDA:188,18,0,0
BRDA:188,18,1,0
BRDA:189,19,0,0
BRDA:189,19,1,0
BRDA:217,20,0,0
BRDA:217,20,1,0
BRDA:217,21,0,0
BRDA:217,21,1,0
BRDA:227,22,0,0
BRDA:227,22,1,0
BRDA:229,23,0,0
BRDA:229,23,1,0
BRDA:233,24,0,0
BRDA:233,24,1,0
BRDA:237,25,0,0
BRDA:237,25,1,0
BRDA:246,26,0,0
BRDA:246,26,1,0
BRDA:246,27,0,0
BRDA:246,27,1,0
BRDA:246,27,2,0
BRDA:246,27,3,0
BRDA:251,28,0,0
BRDA:251,28,1,0
BRDA:258,29,0,0
BRDA:258,29,1,0
BRDA:261,30,0,0
BRDA:261,30,1,0
BRDA:284,31,0,0
BRDA:284,31,1,0
BRDA:292,32,0,0
BRDA:292,32,1,0
BRDA:324,33,0,0
BRDA:324,33,1,0
BRDA:341,34,0,0
BRDA:341,34,1,0
BRDA:342,35,0,0
BRDA:342,35,1,0
BRDA:345,36,0,0
BRDA:345,36,1,0
BRDA:348,37,0,0
BRDA:348,37,1,0
BRDA:352,38,0,0
BRDA:352,38,1,0
BRDA:397,39,0,0
BRDA:397,39,1,0
BRDA:438,40,0,0
BRDA:438,40,1,0
BRDA:451,41,0,0
BRDA:451,41,1,0
BRDA:464,42,0,0
BRDA:464,42,1,0
BRDA:482,43,0,0
BRDA:482,43,1,0
BRDA:484,44,0,0
BRDA:484,44,1,0
BRDA:493,45,0,0
BRDA:493,45,1,0
BRDA:504,46,0,0
BRDA:504,46,1,0
BRDA:511,47,0,0
BRDA:511,47,1,0
BRDA:511,48,0,0
BRDA:511,48,1,0
BRDA:511,48,2,0
BRDA:511,48,3,0
BRDA:511,48,4,0
BRDA:511,48,5,0
BRDA:517,49,0,0
BRDA:517,49,1,0
BRDA:521,50,0,0
BRDA:521,50,1,0
BRDA:521,51,0,0
BRDA:521,51,1,0
BRDA:521,52,0,0
BRDA:521,52,1,0
BRDA:524,53,0,0
BRDA:524,53,1,0
BRDA:524,54,0,0
BRDA:524,54,1,0
BRDA:544,55,0,0
BRDA:544,55,1,0
BRDA:544,56,0,0
BRDA:544,56,1,0
BRDA:553,57,0,0
BRDA:553,57,1,0
BRDA:598,58,0,0
BRDA:598,58,1,0
BRDA:598,59,0,0
BRDA:598,59,1,0
BRDA:656,60,0,0
BRDA:656,60,1,0
BRDA:669,61,0,0
BRDA:669,61,1,0
BRDA:687,62,0,0
BRDA:687,62,1,0
BRF:149
BRH:0
end_of_record
TN:
SF:src\SubscriptionPlans.tsx
FN:13,(anonymous_0)
FN:20,(anonymous_1)
FN:24,(anonymous_2)
FN:35,(anonymous_3)
FN:76,(anonymous_4)
FN:104,(anonymous_5)
FN:117,(anonymous_6)
FNF:7
FNH:0
FNDA:0,(anonymous_0)
FNDA:0,(anonymous_1)
FNDA:0,(anonymous_2)
FNDA:0,(anonymous_3)
FNDA:0,(anonymous_4)
FNDA:0,(anonymous_5)
FNDA:0,(anonymous_6)
DA:13,0
DA:14,0
DA:15,0
DA:16,0
DA:17,0
DA:18,0
DA:20,0
DA:21,0
DA:24,0
DA:25,0
DA:26,0
DA:27,0
DA:29,0
DA:30,0
DA:32,0
DA:35,0
DA:36,0
DA:37,0
DA:38,0
DA:40,0
DA:46,0
DA:47,0
DA:48,0
DA:51,0
DA:52,0
DA:55,0
DA:58,0
DA:59,0
DA:61,0
DA:65,0
DA:66,0
DA:69,0
DA:77,0
DA:105,0
DA:117,0
LF:35
LH:0
BRDA:47,0,0,0
BRDA:47,0,1,0
BRDA:51,1,0,0
BRDA:51,1,1,0
BRDA:52,2,0,0
BRDA:52,2,1,0
BRDA:65,3,0,0
BRDA:65,3,1,0
BRDA:79,4,0,0
BRDA:79,4,1,0
BRDA:87,5,0,0
BRDA:87,5,1,0
BRDA:120,6,0,0
BRDA:120,6,1,0
BRDA:128,7,0,0
BRDA:128,7,1,0
BRF:16
BRH:0
end_of_record
TN:
SF:src\index.tsx
FNF:0
FNH:0
DA:7,0
DA:8,0
LF:2
LH:0
BRF:0
BRH:0
end_of_record
TN:
SF:src\types.ts
FNF:0
FNH:0
LF:0
LH:0
BRF:0
BRH:0
end_of_record
TN:
SF:src\components\AuditTimeline.tsx
FN:46,(anonymous_0)
FN:55,(anonymous_1)
FN:75,(anonymous_2)
FN:79,(anonymous_3)
FN:119,(anonymous_4)
FN:130,(anonymous_5)
FN:133,(anonymous_6)
FN:137,(anonymous_7)
FN:141,(anonymous_8)
FN:142,(anonymous_9)
FN:147,(anonymous_10)
FN:154,(anonymous_11)
FN:159,(anonymous_12)
FN:167,(anonymous_13)
FN:173,(anonymous_14)
FN:182,(anonymous_15)
FN:193,(anonymous_16)
FN:195,(anonymous_17)
FN:203,(anonymous_18)
FN:204,(anonymous_19)
FN:211,(anonymous_20)
FN:212,(anonymous_21)
FN:220,(anonymous_22)
FN:303,(anonymous_23)
FN:318,(anonymous_24)
FN:336,(anonymous_25)
FN:394,(anonymous_26)
FN:398,(anonymous_27)
FNF:28
FNH:0
FNDA:0,(anonymous_0)
FNDA:0,(anonymous_1)
FNDA:0,(anonymous_2)
FNDA:0,(anonymous_3)
FNDA:0,(anonymous_4)
FNDA:0,(anonymous_5)
FNDA:0,(anonymous_6)
FNDA:0,(anonymous_7)
FNDA:0,(anonymous_8)
FNDA:0,(anonymous_9)
FNDA:0,(anonymous_10)
FNDA:0,(anonymous_11)
FNDA:0,(anonymous_12)
FNDA:0,(anonymous_13)
FNDA:0,(anonymous_14)
FNDA:0,(anonymous_15)
FNDA:0,(anonymous_16)
FNDA:0,(anonymous_17)
FNDA:0,(anonymous_18)
FNDA:0,(anonymous_19)
FNDA:0,(anonymous_20)
FNDA:0,(anonymous_21)
FNDA:0,(anonymous_22)
FNDA:0,(anonymous_23)
FNDA:0,(anonymous_24)
FNDA:0,(anonymous_25)
FNDA:0,(anonymous_26)
FNDA:0,(anonymous_27)
DA:46,0
DA:47,0
DA:48,0
DA:49,0
DA:50,0
DA:51,0
DA:52,0
DA:53,0
DA:55,0
DA:56,0
DA:57,0
DA:58,0
DA:64,0
DA:65,0
DA:66,0
DA:69,0
DA:71,0
DA:75,0
DA:76,0
DA:77,0
DA:78,0
DA:79,0
DA:85,0
DA:89,0
DA:97,0
DA:108,0
DA:119,0
DA:120,0
DA:121,0
DA:124,0
DA:125,0
DA:127,0
DA:128,0
DA:130,0
DA:131,0
DA:133,0
DA:134,0
DA:137,0
DA:138,0
DA:139,0
DA:140,0
DA:141,0
DA:142,0
DA:146,0
DA:147,0
DA:150,0
DA:154,0
DA:155,0
DA:156,0
DA:159,0
DA:160,0
DA:161,0
DA:165,0
DA:167,0
DA:168,0
DA:169,0
DA:173,0
DA:174,0
DA:182,0
DA:183,0
DA:184,0
DA:185,0
DA:186,0
DA:190,0
DA:193,0
DA:194,0
DA:195,0
DA:196,0
DA:203,0
DA:204,0
DA:205,0
DA:206,0
DA:207,0
DA:211,0
DA:212,0
DA:220,0
DA:221,0
DA:231,0
DA:234,0
DA:303,0
DA:318,0
DA:336,0
DA:395,0
DA:398,0
LF:84
LH:0
BRDA:46,0,0,0
BRDA:61,1,0,0
BRDA:61,1,1,0
BRDA:64,2,0,0
BRDA:64,2,1,0
BRDA:78,3,0,0
BRDA:78,3,1,0
BRDA:81,4,0,0
BRDA:81,4,1,0
BRDA:124,5,0,0
BRDA:124,5,1,0
BRDA:140,6,0,0
BRDA:140,6,1,0
BRDA:144,7,0,0
BRDA:144,7,1,0
BRDA:146,8,0,0
BRDA:146,8,1,0
BRDA:168,9,0,0
BRDA:168,9,1,0
BRDA:169,10,0,0
BRDA:169,10,1,0
BRDA:184,11,0,0
BRDA:184,11,1,0
BRDA:194,12,0,0
BRDA:194,12,1,0
BRDA:205,13,0,0
BRDA:205,13,1,0
BRDA:205,14,0,0
BRDA:205,14,1,0
BRDA:206,15,0,0
BRDA:206,15,1,0
BRDA:206,16,0,0
BRDA:206,16,1,0
BRDA:216,17,0,0
BRDA:216,17,1,0
BRDA:231,18,0,0
BRDA:231,18,1,0
BRDA:262,19,0,0
BRDA:262,19,1,0
BRDA:262,20,0,0
BRDA:262,20,1,0
BRDA:265,21,0,0
BRDA:265,21,1,0
BRDA:265,22,0,0
BRDA:265,22,1,0
BRDA:269,23,0,0
BRDA:269,23,1,0
BRDA:269,24,0,0
BRDA:269,24,1,0
BRDA:273,25,0,0
BRDA:273,25,1,0
BRDA:278,26,0,0
BRDA:278,26,1,0
BRDA:278,27,0,0
BRDA:278,27,1,0
BRDA:283,28,0,0
BRDA:283,28,1,0
BRDA:283,29,0,0
BRDA:283,29,1,0
BRDA:285,30,0,0
BRDA:285,30,1,0
BRDA:285,31,0,0
BRDA:285,31,1,0
BRDA:385,32,0,0
BRDA:385,32,1,0
BRDA:389,33,0,0
BRDA:389,33,1,0
BRDA:395,34,0,0
BRDA:395,34,1,0
BRDA:398,35,0,0
BRDA:398,35,1,0
BRDA:406,36,0,0
BRDA:406,36,1,0
BRDA:413,37,0,0
BRDA:413,37,1,0
BRDA:415,38,0,0
BRDA:415,38,1,0
BRDA:418,39,0,0
BRDA:418,39,1,0
BRDA:427,40,0,0
BRDA:427,40,1,0
BRDA:431,41,0,0
BRDA:431,41,1,0
BRDA:441,42,0,0
BRDA:441,42,1,0
BRDA:444,43,0,0
BRDA:444,43,1,0
BRDA:453,44,0,0
BRDA:453,44,1,0
BRDA:476,45,0,0
BRDA:476,45,1,0
BRDA:480,46,0,0
BRDA:480,46,1,0
BRDA:480,47,0,0
BRDA:480,47,1,0
BRDA:483,48,0,0
BRDA:483,48,1,0
BRDA:483,49,0,0
BRDA:483,49,1,0
BRF:99
BRH:0
end_of_record
TN:
SF:src\components\DashboardIntelligencePanel.tsx
FN:35,(anonymous_0)
FN:58,(anonymous_1)
FN:62,(anonymous_2)
FN:78,(anonymous_3)
FN:87,(anonymous_4)
FN:91,(anonymous_5)
FN:92,(anonymous_6)
FN:93,(anonymous_7)
FN:94,(anonymous_8)
FN:110,(anonymous_9)
FN:113,(anonymous_10)
FN:116,(anonymous_11)
FN:121,(anonymous_12)
FN:123,(anonymous_13)
FN:123,(anonymous_14)
FN:126,(anonymous_15)
FN:133,(anonymous_16)
FN:144,(anonymous_17)
FN:145,(anonymous_18)
FN:156,(anonymous_19)
FN:174,(anonymous_20)
FN:188,(anonymous_21)
FN:200,(anonymous_22)
FN:201,(anonymous_23)
FN:205,(anonymous_24)
FN:247,(anonymous_25)
FN:254,(anonymous_26)
FN:277,(anonymous_27)
FN:289,(anonymous_28)
FN:296,(anonymous_29)
FN:303,(anonymous_30)
FN:310,(anonymous_31)
FN:388,(anonymous_32)
FN:413,(anonymous_33)
FN:465,(anonymous_34)
FN:482,(anonymous_35)
FNF:36
FNH:0
FNDA:0,(anonymous_0)
FNDA:0,(anonymous_1)
FNDA:0,(anonymous_2)
FNDA:0,(anonymous_3)
FNDA:0,(anonymous_4)
FNDA:0,(anonymous_5)
FNDA:0,(anonymous_6)
FNDA:0,(anonymous_7)
FNDA:0,(anonymous_8)
FNDA:0,(anonymous_9)
FNDA:0,(anonymous_10)
FNDA:0,(anonymous_11)
FNDA:0,(anonymous_12)
FNDA:0,(anonymous_13)
FNDA:0,(anonymous_14)
FNDA:0,(anonymous_15)
FNDA:0,(anonymous_16)
FNDA:0,(anonymous_17)
FNDA:0,(anonymous_18)
FNDA:0,(anonymous_19)
FNDA:0,(anonymous_20)
FNDA:0,(anonymous_21)
FNDA:0,(anonymous_22)
FNDA:0,(anonymous_23)
FNDA:0,(anonymous_24)
FNDA:0,(anonymous_25)
FNDA:0,(anonymous_26)
FNDA:0,(anonymous_27)
FNDA:0,(anonymous_28)
FNDA:0,(anonymous_29)
FNDA:0,(anonymous_30)
FNDA:0,(anonymous_31)
FNDA:0,(anonymous_32)
FNDA:0,(anonymous_33)
FNDA:0,(anonymous_34)
FNDA:0,(anonymous_35)
DA:35,0
DA:42,0
DA:43,0
DA:44,0
DA:45,0
DA:46,0
DA:47,0
DA:48,0
DA:49,0
DA:50,0
DA:51,0
DA:58,0
DA:59,0
DA:60,0
DA:61,0
DA:62,0
DA:72,0
DA:74,0
DA:78,0
DA:79,0
DA:80,0
DA:81,0
DA:82,0
DA:83,0
DA:84,0
DA:87,0
DA:88,0
DA:89,0
DA:90,0
DA:91,0
DA:92,0
DA:93,0
DA:94,0
DA:97,0
DA:98,0
DA:99,0
DA:100,0
DA:102,0
DA:104,0
DA:106,0
DA:110,0
DA:111,0
DA:112,0
DA:113,0
DA:116,0
DA:117,0
DA:118,0
DA:121,0
DA:122,0
DA:123,0
DA:126,0
DA:127,0
DA:128,0
DA:129,0
DA:130,0
DA:133,0
DA:134,0
DA:141,0
DA:144,0
DA:145,0
DA:154,0
DA:156,0
DA:157,0
DA:174,0
DA:188,0
DA:200,0
DA:202,0
DA:203,0
DA:206,0
DA:247,0
DA:254,0
DA:277,0
DA:278,0
DA:289,0
DA:296,0
DA:303,0
DA:310,0
DA:388,0
DA:389,0
DA:414,0
DA:465,0
DA:482,0
DA:483,0
DA:555,0
DA:556,0
DA:563,0
LF:86
LH:0
BRDA:36,0,0,0
BRDA:61,1,0,0
BRDA:61,1,1,0
BRDA:63,2,0,0
BRDA:63,2,1,0
BRDA:65,3,0,0
BRDA:65,3,1,0
BRDA:68,4,0,0
BRDA:68,4,1,0
BRDA:68,4,2,0
BRDA:69,5,0,0
BRDA:69,5,1,0
BRDA:80,6,0,0
BRDA:80,6,1,0
BRDA:81,7,0,0
BRDA:81,7,1,0
BRDA:82,8,0,0
BRDA:82,8,1,0
BRDA:83,9,0,0
BRDA:83,9,1,0
BRDA:98,10,0,0
BRDA:98,10,1,0
BRDA:99,11,0,0
BRDA:99,11,1,0
BRDA:100,12,0,0
BRDA:100,12,1,0
BRDA:118,13,0,0
BRDA:118,13,1,0
BRDA:122,14,0,0
BRDA:122,14,1,0
BRDA:128,15,0,0
BRDA:128,15,1,0
BRDA:129,16,0,0
BRDA:129,16,1,0
BRDA:141,17,0,0
BRDA:141,17,1,0
BRDA:146,18,0,0
BRDA:146,18,1,0
BRDA:146,18,2,0
BRDA:147,19,0,0
BRDA:147,19,1,0
BRDA:147,19,2,0
BRDA:148,20,0,0
BRDA:148,20,1,0
BRDA:148,20,2,0
BRDA:149,21,0,0
BRDA:149,21,1,0
BRDA:150,22,0,0
BRDA:150,22,1,0
BRDA:193,23,0,0
BRDA:193,23,1,0
BRDA:200,24,0,0
BRDA:200,24,1,0
BRDA:203,25,0,0
BRDA:203,25,1,0
BRDA:203,26,0,0
BRDA:203,26,1,0
BRDA:218,27,0,0
BRDA:218,27,1,0
BRDA:232,28,0,0
BRDA:232,28,1,0
BRDA:233,29,0,0
BRDA:233,29,1,0
BRDA:261,30,0,0
BRDA:261,30,1,0
BRDA:264,31,0,0
BRDA:264,31,1,0
BRDA:265,32,0,0
BRDA:265,32,1,0
BRDA:288,33,0,0
BRDA:288,33,1,0
BRDA:289,34,0,0
BRDA:289,34,1,0
BRDA:295,35,0,0
BRDA:295,35,1,0
BRDA:296,36,0,0
BRDA:296,36,1,0
BRDA:302,37,0,0
BRDA:302,37,1,0
BRDA:303,38,0,0
BRDA:303,38,1,0
BRDA:318,39,0,0
BRDA:318,39,1,0
BRDA:339,40,0,0
BRDA:339,40,1,0
BRDA:361,41,0,0
BRDA:361,41,1,0
BRDA:414,42,0,0
BRDA:414,42,1,0
BRDA:427,43,0,0
BRDA:427,43,1,0
BRDA:430,44,0,0
BRDA:430,44,1,0
BRDA:431,45,0,0
BRDA:431,45,1,0
BRDA:437,46,0,0
BRDA:437,46,1,0
BRDA:440,47,0,0
BRDA:440,47,1,0
BRDA:441,48,0,0
BRDA:441,48,1,0
BRDA:442,49,0,0
BRDA:442,49,1,0
BRDA:443,50,0,0
BRDA:443,50,1,0
BRDA:449,51,0,0
BRDA:449,51,1,0
BRDA:452,52,0,0
BRDA:452,52,1,0
BRDA:453,53,0,0
BRDA:453,53,1,0
BRDA:462,54,0,0
BRDA:462,54,1,0
BRDA:465,55,0,0
BRDA:465,55,1,0
BRDA:492,56,0,0
BRDA:492,56,1,0
BRDA:492,57,0,0
BRDA:492,57,1,0
BRDA:492,58,0,0
BRDA:492,58,1,0
BRDA:492,59,0,0
BRDA:492,59,1,0
BRDA:493,60,0,0
BRDA:493,60,1,0
BRDA:503,61,0,0
BRDA:503,61,1,0
BRDA:513,62,0,0
BRDA:513,62,1,0
BRDA:523,63,0,0
BRDA:523,63,1,0
BRDA:538,64,0,0
BRDA:538,64,1,0
BRDA:545,65,0,0
BRDA:545,65,1,0
BRDA:545,66,0,0
BRDA:545,66,1,0
BRDA:546,67,0,0
BRDA:546,67,1,0
BRDA:546,68,0,0
BRDA:546,68,1,0
BRDA:555,69,0,0
BRDA:555,69,1,0
BRDA:555,70,0,0
BRDA:555,70,1,0
BRF:145
BRH:0
end_of_record
TN:
SF:src\components\EnrichmentPortalPanel.tsx
FN:108,(anonymous_0)
FN:129,(anonymous_1)
FN:132,(anonymous_2)
FN:135,(anonymous_3)
FN:145,(anonymous_4)
FN:180,(anonymous_5)
FN:181,(anonymous_6)
FN:181,(anonymous_7)
FN:186,(anonymous_8)
FN:187,(anonymous_9)
FN:238,(anonymous_10)
FN:239,(anonymous_11)
FN:299,(anonymous_12)
FN:304,(anonymous_13)
FN:316,(anonymous_14)
FN:317,(anonymous_15)
FN:320,(anonymous_16)
FN:332,(anonymous_17)
FN:340,(anonymous_18)
FN:347,(anonymous_19)
FN:354,(anonymous_20)
FN:361,(anonymous_21)
FN:386,(anonymous_22)
FN:398,(anonymous_23)
FN:399,(anonymous_24)
FN:418,(anonymous_25)
FN:467,(anonymous_26)
FN:541,(anonymous_27)
FN:553,(anonymous_28)
FN:576,(anonymous_29)
FN:583,(anonymous_30)
FN:597,(anonymous_31)
FN:632,(anonymous_32)
FN:635,(anonymous_33)
FN:637,(anonymous_34)
FN:661,(anonymous_35)
FN:675,(anonymous_36)
FN:680,(anonymous_37)
FN:681,(anonymous_38)
FN:685,(anonymous_39)
FN:688,(anonymous_40)
FN:691,(anonymous_41)
FN:693,(anonymous_42)
FN:696,(anonymous_43)
FN:697,(anonymous_44)
FN:698,(anonymous_45)
FN:699,(anonymous_46)
FN:703,(anonymous_47)
FN:704,(anonymous_48)
FN:715,(anonymous_49)
FN:721,(anonymous_50)
FN:729,(anonymous_51)
FN:757,(anonymous_52)
FN:771,(anonymous_53)
FNF:54
FNH:0
FNDA:0,(anonymous_0)
FNDA:0,(anonymous_1)
FNDA:0,(anonymous_2)
FNDA:0,(anonymous_3)
FNDA:0,(anonymous_4)
FNDA:0,(anonymous_5)
FNDA:0,(anonymous_6)
FNDA:0,(anonymous_7)
FNDA:0,(anonymous_8)
FNDA:0,(anonymous_9)
FNDA:0,(anonymous_10)
FNDA:0,(anonymous_11)
FNDA:0,(anonymous_12)
FNDA:0,(anonymous_13)
FNDA:0,(anonymous_14)
FNDA:0,(anonymous_15)
FNDA:0,(anonymous_16)
FNDA:0,(anonymous_17)
FNDA:0,(anonymous_18)
FNDA:0,(anonymous_19)
FNDA:0,(anonymous_20)
FNDA:0,(anonymous_21)
FNDA:0,(anonymous_22)
FNDA:0,(anonymous_23)
FNDA:0,(anonymous_24)
FNDA:0,(anonymous_25)
FNDA:0,(anonymous_26)
FNDA:0,(anonymous_27)
FNDA:0,(anonymous_28)
FNDA:0,(anonymous_29)
FNDA:0,(anonymous_30)
FNDA:0,(anonymous_31)
FNDA:0,(anonymous_32)
FNDA:0,(anonymous_33)
FNDA:0,(anonymous_34)
FNDA:0,(anonymous_35)
FNDA:0,(anonymous_36)
FNDA:0,(anonymous_37)
FNDA:0,(anonymous_38)
FNDA:0,(anonymous_39)
FNDA:0,(anonymous_40)
FNDA:0,(anonymous_41)
FNDA:0,(anonymous_42)
FNDA:0,(anonymous_43)
FNDA:0,(anonymous_44)
FNDA:0,(anonymous_45)
FNDA:0,(anonymous_46)
FNDA:0,(anonymous_47)
FNDA:0,(anonymous_48)
FNDA:0,(anonymous_49)
FNDA:0,(anonymous_50)
FNDA:0,(anonymous_51)
FNDA:0,(anonymous_52)
FNDA:0,(anonymous_53)
DA:108,0
DA:113,0
DA:114,0
DA:115,0
DA:116,0
DA:117,0
DA:118,0
DA:124,0
DA:125,0
DA:126,0
DA:127,0
DA:129,0
DA:130,0
DA:131,0
DA:132,0
DA:135,0
DA:136,0
DA:137,0
DA:138,0
DA:139,0
DA:141,0
DA:145,0
DA:146,0
DA:148,0
DA:149,0
DA:151,0
DA:152,0
DA:153,0
DA:155,0
DA:156,0
DA:158,0
DA:159,0
DA:161,0
DA:162,0
DA:164,0
DA:165,0
DA:167,0
DA:168,0
DA:170,0
DA:172,0
DA:174,0
DA:176,0
DA:180,0
DA:181,0
DA:182,0
DA:186,0
DA:187,0
DA:189,0
DA:195,0
DA:238,0
DA:239,0
DA:241,0
DA:248,0
DA:250,0
DA:299,0
DA:300,0
DA:301,0
DA:304,0
DA:312,0
DA:316,0
DA:317,0
DA:320,0
DA:321,0
DA:329,0
DA:332,0
DA:333,0
DA:337,0
DA:340,0
DA:341,0
DA:342,0
DA:343,0
DA:344,0
DA:347,0
DA:348,0
DA:349,0
DA:350,0
DA:351,0
DA:354,0
DA:355,0
DA:362,0
DA:386,0
DA:387,0
DA:398,0
DA:399,0
DA:418,0
DA:419,0
DA:420,0
DA:421,0
DA:423,0
DA:468,0
DA:541,0
DA:553,0
DA:554,0
DA:576,0
DA:583,0
DA:584,0
DA:598,0
DA:632,0
DA:633,0
DA:635,0
DA:636,0
DA:637,0
DA:638,0
DA:639,0
DA:641,0
DA:642,0
DA:643,0
DA:644,0
DA:655,0
DA:656,0
DA:657,0
DA:658,0
DA:659,0
DA:660,0
DA:661,0
DA:662,0
DA:663,0
DA:674,0
DA:675,0
DA:680,0
DA:681,0
DA:685,0
DA:686,0
DA:687,0
DA:688,0
DA:690,0
DA:691,0
DA:693,0
DA:695,0
DA:696,0
DA:697,0
DA:698,0
DA:699,0
DA:702,0
DA:703,0
DA:704,0
DA:705,0
DA:709,0
DA:715,0
DA:721,0
DA:722,0
DA:729,0
DA:730,0
DA:731,0
DA:733,0
DA:734,0
DA:736,0
DA:737,0
DA:738,0
DA:740,0
DA:741,0
DA:743,0
DA:744,0
DA:745,0
DA:747,0
DA:748,0
DA:757,0
DA:758,0
DA:761,0
DA:771,0
LF:160
LH:0
BRDA:136,0,0,0
BRDA:136,0,1,0
BRDA:139,1,0,0
BRDA:139,1,1,0
BRDA:146,2,0,0
BRDA:146,2,1,0
BRDA:146,3,0,0
BRDA:146,3,1,0
BRDA:149,4,0,0
BRDA:149,4,1,0
BRDA:164,5,0,0
BRDA:164,5,1,0
BRDA:172,6,0,0
BRDA:172,6,1,0
BRDA:182,7,0,0
BRDA:182,7,1,0
BRDA:189,8,0,0
BRDA:189,8,1,0
BRDA:189,9,0,0
BRDA:189,9,1,0
BRDA:191,10,0,0
BRDA:191,10,1,0
BRDA:191,11,0,0
BRDA:191,11,1,0
BRDA:329,12,0,0
BRDA:329,12,1,0
BRDA:337,13,0,0
BRDA:337,13,1,0
BRDA:341,14,0,0
BRDA:341,14,1,0
BRDA:342,15,0,0
BRDA:342,15,1,0
BRDA:343,16,0,0
BRDA:343,16,1,0
BRDA:348,17,0,0
BRDA:348,17,1,0
BRDA:349,18,0,0
BRDA:349,18,1,0
BRDA:350,19,0,0
BRDA:350,19,1,0
BRDA:373,20,0,0
BRDA:373,20,1,0
BRDA:375,21,0,0
BRDA:375,21,1,0
BRDA:376,22,0,0
BRDA:376,22,1,0
BRDA:396,23,0,0
BRDA:396,23,1,0
BRDA:399,24,0,0
BRDA:399,24,1,0
BRDA:406,25,0,0
BRDA:406,25,1,0
BRDA:408,26,0,0
BRDA:408,26,1,0
BRDA:408,26,2,0
BRDA:411,27,0,0
BRDA:411,27,1,0
BRDA:476,28,0,0
BRDA:476,28,1,0
BRDA:497,29,0,0
BRDA:497,29,1,0
BRDA:520,30,0,0
BRDA:520,30,1,0
BRDA:543,31,0,0
BRDA:543,31,1,0
BRDA:560,32,0,0
BRDA:560,32,1,0
BRDA:567,33,0,0
BRDA:567,33,1,0
BRDA:571,34,0,0
BRDA:571,34,1,0
BRDA:591,35,0,0
BRDA:591,35,1,0
BRDA:610,36,0,0
BRDA:610,36,1,0
BRDA:611,37,0,0
BRDA:611,37,1,0
BRDA:616,38,0,0
BRDA:616,38,1,0
BRDA:636,39,0,0
BRDA:636,39,1,0
BRDA:638,40,0,0
BRDA:638,40,1,0
BRDA:644,41,0,0
BRDA:644,41,1,0
BRDA:662,42,0,0
BRDA:662,42,1,0
BRDA:687,43,0,0
BRDA:687,43,1,0
BRDA:688,44,0,0
BRDA:688,44,1,0
BRDA:690,45,0,0
BRDA:690,45,1,0
BRDA:691,46,0,0
BRDA:691,46,1,0
BRDA:693,47,0,0
BRDA:693,47,1,0
BRDA:696,48,0,0
BRDA:696,48,1,0
BRDA:697,49,0,0
BRDA:697,49,1,0
BRDA:697,50,0,0
BRDA:697,50,1,0
BRDA:697,51,0,0
BRDA:697,51,1,0
BRDA:698,52,0,0
BRDA:698,52,1,0
BRDA:698,53,0,0
BRDA:698,53,1,0
BRDA:698,54,0,0
BRDA:698,54,1,0
BRDA:699,55,0,0
BRDA:699,55,1,0
BRDA:704,56,0,0
BRDA:704,56,1,0
BRDA:705,57,0,0
BRDA:705,57,1,0
BRDA:730,58,0,0
BRDA:730,58,1,0
BRDA:733,59,0,0
BRDA:733,59,1,0
BRDA:740,60,0,0
BRDA:740,60,1,0
BRDA:747,61,0,0
BRDA:747,61,1,0
BRDA:752,62,0,0
BRDA:752,62,1,0
BRDA:776,63,0,0
BRDA:776,63,1,0
BRDA:784,64,0,0
BRDA:784,64,1,0
BRF:131
BRH:0
end_of_record
TN:
SF:src\components\ErrorBoundary.tsx
FN:15,(anonymous_0)
FN:20,(anonymous_1)
FN:24,(anonymous_2)
FN:29,(anonymous_3)
FN:34,(anonymous_4)
FNF:5
FNH:4
FNDA:4,(anonymous_0)
FNDA:2,(anonymous_1)
FNDA:1,(anonymous_2)
FNDA:0,(anonymous_3)
FNDA:5,(anonymous_4)
DA:16,4
DA:17,3
DA:21,2
DA:26,1
DA:29,3
DA:30,0
DA:31,0
DA:35,5
DA:36,2
DA:65,3
LF:10
LH:8
BRDA:35,0,0,2
BRDA:35,0,1,3
BRDA:51,1,0,2
BRDA:51,1,1,0
BRF:4
BRH:3
end_of_record
TN:
SF:src\components\ExplainableAIPanel.tsx
FN:28,(anonymous_0)
FN:61,(anonymous_1)
FN:185,(anonymous_2)
FNF:3
FNH:0
FNDA:0,(anonymous_0)
FNDA:0,(anonymous_1)
FNDA:0,(anonymous_2)
DA:28,0
DA:29,0
DA:30,0
DA:38,0
DA:40,0
DA:62,0
DA:186,0
LF:7
LH:0
BRDA:29,0,0,0
BRDA:29,0,1,0
BRDA:49,1,0,0
BRDA:49,1,1,0
BRDA:69,2,0,0
BRDA:69,2,1,0
BRDA:81,3,0,0
BRDA:81,3,1,0
BRF:8
BRH:0
end_of_record
TN:
SF:src\components\IncidentAlertDashboard.tsx
FN:60,(anonymous_0)
FN:86,(anonymous_1)
FN:89,(anonymous_2)
FN:93,(anonymous_3)
FN:96,(anonymous_4)
FN:99,(anonymous_5)
FN:110,(anonymous_6)
FN:112,(anonymous_7)
FN:121,(anonymous_8)
FN:125,(anonymous_9)
FN:139,(anonymous_10)
FN:143,(anonymous_11)
FN:161,(anonymous_12)
FN:172,(anonymous_13)
FN:183,(anonymous_14)
FN:194,(anonymous_15)
FN:205,(anonymous_16)
FN:215,(anonymous_17)
FN:220,(anonymous_18)
FN:223,(anonymous_19)
FN:223,(anonymous_20)
FN:232,(anonymous_21)
FN:235,(anonymous_22)
FN:235,(anonymous_23)
FN:242,(anonymous_24)
FN:243,(anonymous_25)
FN:249,(anonymous_26)
FN:250,(anonymous_27)
FN:256,(anonymous_28)
FN:257,(anonymous_29)
FN:264,(anonymous_30)
FN:265,(anonymous_31)
FN:271,(anonymous_32)
FN:271,(anonymous_33)
FN:284,(anonymous_34)
FN:289,(anonymous_35)
FN:299,(anonymous_36)
FN:317,(anonymous_37)
FN:333,(anonymous_38)
FN:410,(anonymous_39)
FN:439,(anonymous_40)
FN:475,(anonymous_41)
FN:497,(anonymous_42)
FN:498,(anonymous_43)
FN:499,(anonymous_44)
FN:500,(anonymous_45)
FN:527,(anonymous_46)
FN:528,(anonymous_47)
FN:585,(anonymous_48)
FN:620,(anonymous_49)
FN:704,(anonymous_50)
FN:784,(anonymous_51)
FN:796,(anonymous_52)
FN:801,(anonymous_53)
FN:805,(anonymous_54)
FN:814,(anonymous_55)
FNF:56
FNH:0
FNDA:0,(anonymous_0)
FNDA:0,(anonymous_1)
FNDA:0,(anonymous_2)
FNDA:0,(anonymous_3)
FNDA:0,(anonymous_4)
FNDA:0,(anonymous_5)
FNDA:0,(anonymous_6)
FNDA:0,(anonymous_7)
FNDA:0,(anonymous_8)
FNDA:0,(anonymous_9)
FNDA:0,(anonymous_10)
FNDA:0,(anonymous_11)
FNDA:0,(anonymous_12)
FNDA:0,(anonymous_13)
FNDA:0,(anonymous_14)
FNDA:0,(anonymous_15)
FNDA:0,(anonymous_16)
FNDA:0,(anonymous_17)
FNDA:0,(anonymous_18)
FNDA:0,(anonymous_19)
FNDA:0,(anonymous_20)
FNDA:0,(anonymous_21)
FNDA:0,(anonymous_22)
FNDA:0,(anonymous_23)
FNDA:0,(anonymous_24)
FNDA:0,(anonymous_25)
FNDA:0,(anonymous_26)
FNDA:0,(anonymous_27)
FNDA:0,(anonymous_28)
FNDA:0,(anonymous_29)
FNDA:0,(anonymous_30)
FNDA:0,(anonymous_31)
FNDA:0,(anonymous_32)
FNDA:0,(anonymous_33)
FNDA:0,(anonymous_34)
FNDA:0,(anonymous_35)
FNDA:0,(anonymous_36)
FNDA:0,(anonymous_37)
FNDA:0,(anonymous_38)
FNDA:0,(anonymous_39)
FNDA:0,(anonymous_40)
FNDA:0,(anonymous_41)
FNDA:0,(anonymous_42)
FNDA:0,(anonymous_43)
FNDA:0,(anonymous_44)
FNDA:0,(anonymous_45)
FNDA:0,(anonymous_46)
FNDA:0,(anonymous_47)
FNDA:0,(anonymous_48)
FNDA:0,(anonymous_49)
FNDA:0,(anonymous_50)
FNDA:0,(anonymous_51)
FNDA:0,(anonymous_52)
FNDA:0,(anonymous_53)
FNDA:0,(anonymous_54)
FNDA:0,(anonymous_55)
DA:21,0
DA:58,0
DA:60,0
DA:61,0
DA:62,0
DA:63,0
DA:64,0
DA:65,0
DA:66,0
DA:67,0
DA:68,0
DA:69,0
DA:71,0
DA:78,0
DA:86,0
DA:87,0
DA:88,0
DA:89,0
DA:90,0
DA:91,0
DA:93,0
DA:96,0
DA:97,0
DA:98,0
DA:99,0
DA:100,0
DA:101,0
DA:102,0
DA:104,0
DA:106,0
DA:110,0
DA:111,0
DA:112,0
DA:113,0
DA:114,0
DA:115,0
DA:117,0
DA:121,0
DA:122,0
DA:123,0
DA:125,0
DA:139,0
DA:140,0
DA:141,0
DA:143,0
DA:161,0
DA:162,0
DA:169,0
DA:172,0
DA:173,0
DA:180,0
DA:183,0
DA:184,0
DA:191,0
DA:194,0
DA:195,0
DA:202,0
DA:205,0
DA:206,0
DA:212,0
DA:215,0
DA:216,0
DA:217,0
DA:220,0
DA:221,0
DA:222,0
DA:223,0
DA:224,0
DA:226,0
DA:228,0
DA:232,0
DA:233,0
DA:234,0
DA:235,0
DA:236,0
DA:238,0
DA:242,0
DA:243,0
DA:244,0
DA:249,0
DA:250,0
DA:251,0
DA:256,0
DA:257,0
DA:258,0
DA:259,0
DA:260,0
DA:264,0
DA:265,0
DA:266,0
DA:267,0
DA:271,0
DA:277,0
DA:284,0
DA:289,0
DA:299,0
DA:317,0
DA:333,0
DA:411,0
DA:440,0
DA:475,0
DA:497,0
DA:498,0
DA:499,0
DA:500,0
DA:528,0
DA:585,0
DA:621,0
DA:704,0
DA:785,0
DA:796,0
DA:801,0
DA:805,0
DA:814,0
LF:114
LH:0
BRDA:100,0,0,0
BRDA:100,0,1,0
BRDA:102,1,0,0
BRDA:102,1,1,0
BRDA:113,2,0,0
BRDA:113,2,1,0
BRDA:115,3,0,0
BRDA:115,3,1,0
BRDA:134,4,0,0
BRDA:134,4,1,0
BRDA:169,5,0,0
BRDA:169,5,1,0
BRDA:180,6,0,0
BRDA:180,6,1,0
BRDA:191,7,0,0
BRDA:191,7,1,0
BRDA:202,8,0,0
BRDA:202,8,1,0
BRDA:212,9,0,0
BRDA:212,9,1,0
BRDA:224,10,0,0
BRDA:224,10,1,0
BRDA:235,11,0,0
BRDA:235,11,1,0
BRDA:244,12,0,0
BRDA:244,12,1,0
BRDA:244,12,2,0
BRDA:244,12,3,0
BRDA:251,13,0,0
BRDA:251,13,1,0
BRDA:251,13,2,0
BRDA:251,13,3,0
BRDA:258,14,0,0
BRDA:258,14,1,0
BRDA:259,15,0,0
BRDA:259,15,1,0
BRDA:266,16,0,0
BRDA:266,16,1,0
BRDA:274,17,0,0
BRDA:274,17,1,0
BRDA:358,18,0,0
BRDA:358,18,1,0
BRDA:366,19,0,0
BRDA:366,19,1,0
BRDA:374,20,0,0
BRDA:374,20,1,0
BRDA:382,21,0,0
BRDA:382,21,1,0
BRDA:390,22,0,0
BRDA:390,22,1,0
BRDA:447,23,0,0
BRDA:447,23,1,0
BRDA:447,24,0,0
BRDA:447,24,1,0
BRDA:447,25,0,0
BRDA:447,25,1,0
BRDA:469,26,0,0
BRDA:469,26,1,0
BRDA:469,27,0,0
BRDA:469,27,1,0
BRDA:474,28,0,0
BRDA:474,28,1,0
BRDA:489,29,0,0
BRDA:489,29,1,0
BRDA:492,30,0,0
BRDA:492,30,1,0
BRDA:497,31,0,0
BRDA:497,31,1,0
BRDA:498,32,0,0
BRDA:498,32,1,0
BRDA:499,33,0,0
BRDA:499,33,1,0
BRDA:500,34,0,0
BRDA:500,34,1,0
BRDA:534,35,0,0
BRDA:534,35,1,0
BRDA:534,36,0,0
BRDA:534,36,1,0
BRDA:561,37,0,0
BRDA:561,37,1,0
BRDA:561,38,0,0
BRDA:561,38,1,0
BRDA:563,39,0,0
BRDA:563,39,1,0
BRDA:578,40,0,0
BRDA:578,40,1,0
BRDA:657,41,0,0
BRDA:657,41,1,0
BRDA:705,42,0,0
BRDA:705,42,1,0
BRDA:711,43,0,0
BRDA:711,43,1,0
BRDA:728,44,0,0
BRDA:728,44,1,0
BRDA:756,45,0,0
BRDA:756,45,1,0
BRDA:780,46,0,0
BRDA:780,46,1,0
BRDA:795,47,0,0
BRDA:795,47,1,0
BRDA:800,48,0,0
BRDA:800,48,1,0
BRF:102
BRH:0
end_of_record
TN:
SF:src\components\OperatorWorkflowPanel.tsx
FN:46,(anonymous_0)
FN:61,(anonymous_1)
FN:67,(anonymous_2)
FN:128,(anonymous_3)
FN:130,(anonymous_4)
FN:136,(anonymous_5)
FN:143,(anonymous_6)
FN:147,(anonymous_7)
FN:152,(anonymous_8)
FN:164,(anonymous_9)
FN:169,(anonymous_10)
FN:179,(anonymous_11)
FN:210,(anonymous_12)
FN:226,(anonymous_13)
FN:237,(anonymous_14)
FN:267,(anonymous_15)
FN:287,(anonymous_16)
FN:298,(anonymous_17)
FN:327,(anonymous_18)
FN:340,(anonymous_19)
FN:344,(anonymous_20)
FN:356,(anonymous_21)
FNF:22
FNH:0
FNDA:0,(anonymous_0)
FNDA:0,(anonymous_1)
FNDA:0,(anonymous_2)
FNDA:0,(anonymous_3)
FNDA:0,(anonymous_4)
FNDA:0,(anonymous_5)
FNDA:0,(anonymous_6)
FNDA:0,(anonymous_7)
FNDA:0,(anonymous_8)
FNDA:0,(anonymous_9)
FNDA:0,(anonymous_10)
FNDA:0,(anonymous_11)
FNDA:0,(anonymous_12)
FNDA:0,(anonymous_13)
FNDA:0,(anonymous_14)
FNDA:0,(anonymous_15)
FNDA:0,(anonymous_16)
FNDA:0,(anonymous_17)
FNDA:0,(anonymous_18)
FNDA:0,(anonymous_19)
FNDA:0,(anonymous_20)
FNDA:0,(anonymous_21)
DA:46,0
DA:52,0
DA:53,0
DA:54,0
DA:55,0
DA:56,0
DA:57,0
DA:58,0
DA:59,0
DA:61,0
DA:62,0
DA:63,0
DA:67,0
DA:68,0
DA:70,0
DA:71,0
DA:72,0
DA:75,0
DA:76,0
DA:86,0
DA:87,0
DA:97,0
DA:98,0
DA:108,0
DA:116,0
DA:119,0
DA:125,0
DA:128,0
DA:129,0
DA:130,0
DA:132,0
DA:133,0
DA:134,0
DA:136,0
DA:137,0
DA:139,0
DA:143,0
DA:144,0
DA:147,0
DA:148,0
DA:149,0
DA:150,0
DA:152,0
DA:157,0
DA:158,0
DA:160,0
DA:164,0
DA:165,0
DA:166,0
DA:167,0
DA:169,0
DA:175,0
DA:179,0
DA:180,0
DA:181,0
DA:182,0
DA:183,0
DA:184,0
DA:188,0
DA:194,0
DA:211,0
DA:227,0
DA:237,0
DA:268,0
DA:287,0
DA:298,0
DA:327,0
DA:340,0
DA:344,0
DA:356,0
LF:70
LH:0
BRDA:62,0,0,0
BRDA:62,0,1,0
BRDA:68,1,0,0
BRDA:68,1,1,0
BRDA:75,2,0,0
BRDA:75,2,1,0
BRDA:75,3,0,0
BRDA:75,3,1,0
BRDA:86,4,0,0
BRDA:86,4,1,0
BRDA:86,5,0,0
BRDA:86,5,1,0
BRDA:97,6,0,0
BRDA:97,6,1,0
BRDA:97,7,0,0
BRDA:97,7,1,0
BRDA:97,7,2,0
BRDA:122,8,0,0
BRDA:122,8,1,0
BRDA:123,9,0,0
BRDA:123,9,1,0
BRDA:123,10,0,0
BRDA:123,10,1,0
BRDA:128,11,0,0
BRDA:133,12,0,0
BRDA:133,12,1,0
BRDA:149,13,0,0
BRDA:149,13,1,0
BRDA:166,14,0,0
BRDA:166,14,1,0
BRDA:180,15,0,0
BRDA:180,15,1,0
BRDA:180,15,2,0
BRDA:180,15,3,0
BRDA:204,16,0,0
BRDA:204,16,1,0
BRDA:234,17,0,0
BRDA:234,17,1,0
BRDA:263,18,0,0
BRDA:263,18,1,0
BRDA:291,19,0,0
BRDA:291,19,1,0
BRDA:352,20,0,0
BRDA:352,20,1,0
BRF:44
BRH:0
end_of_record
TN:
SF:src\components\OrgSwitcher.tsx
FN:31,(anonymous_0)
FN:39,(anonymous_1)
FN:46,(anonymous_2)
FN:48,(anonymous_3)
FN:50,(anonymous_4)
FN:57,(anonymous_5)
FN:62,(anonymous_6)
FN:80,(anonymous_7)
FN:90,(anonymous_8)
FN:107,(anonymous_9)
FN:133,(anonymous_10)
FN:153,(anonymous_11)
FN:157,(anonymous_12)
FN:211,(anonymous_13)
FN:230,(anonymous_14)
FN:239,(anonymous_15)
FN:246,(anonymous_16)
FN:259,(anonymous_17)
FN:269,(anonymous_18)
FN:273,(anonymous_19)
FN:279,(anonymous_20)
FN:281,(anonymous_21)
FN:300,(anonymous_22)
FN:325,(anonymous_23)
FN:355,(anonymous_24)
FN:408,(anonymous_25)
FNF:26
FNH:0
FNDA:0,(anonymous_0)
FNDA:0,(anonymous_1)
FNDA:0,(anonymous_2)
FNDA:0,(anonymous_3)
FNDA:0,(anonymous_4)
FNDA:0,(anonymous_5)
FNDA:0,(anonymous_6)
FNDA:0,(anonymous_7)
FNDA:0,(anonymous_8)
FNDA:0,(anonymous_9)
FNDA:0,(anonymous_10)
FNDA:0,(anonymous_11)
FNDA:0,(anonymous_12)
FNDA:0,(anonymous_13)
FNDA:0,(anonymous_14)
FNDA:0,(anonymous_15)
FNDA:0,(anonymous_16)
FNDA:0,(anonymous_17)
FNDA:0,(anonymous_18)
FNDA:0,(anonymous_19)
FNDA:0,(anonymous_20)
FNDA:0,(anonymous_21)
FNDA:0,(anonymous_22)
FNDA:0,(anonymous_23)
FNDA:0,(anonymous_24)
FNDA:0,(anonymous_25)
DA:31,0
DA:32,0
DA:33,0
DA:34,0
DA:35,0
DA:36,0
DA:37,0
DA:39,0
DA:41,0
DA:42,0
DA:46,0
DA:47,0
DA:48,0
DA:49,0
DA:50,0
DA:53,0
DA:57,0
DA:58,0
DA:59,0
DA:62,0
DA:63,0
DA:64,0
DA:68,0
DA:71,0
DA:72,0
DA:73,0
DA:74,0
DA:76,0
DA:80,0
DA:81,0
DA:87,0
DA:90,0
DA:91,0
DA:96,0
DA:99,0
DA:101,0
DA:107,0
DA:133,0
DA:154,0
DA:157,0
DA:212,0
DA:213,0
DA:230,0
DA:239,0
DA:246,0
DA:259,0
DA:269,0
DA:270,0
DA:271,0
DA:273,0
DA:274,0
DA:275,0
DA:279,0
DA:280,0
DA:281,0
DA:282,0
DA:284,0
DA:293,0
DA:296,0
DA:300,0
DA:301,0
DA:302,0
DA:303,0
DA:306,0
DA:307,0
DA:316,0
DA:320,0
DA:325,0
DA:355,0
DA:408,0
LF:70
LH:0
BRDA:41,0,0,0
BRDA:41,0,1,0
BRDA:49,1,0,0
BRDA:49,1,1,0
BRDA:87,2,0,0
BRDA:87,2,1,0
BRDA:87,3,0,0
BRDA:87,3,1,0
BRDA:96,4,0,0
BRDA:96,4,1,0
BRDA:96,5,0,0
BRDA:96,5,1,0
BRDA:99,6,0,0
BRDA:99,6,1,0
BRDA:106,7,0,0
BRDA:106,7,1,0
BRDA:122,8,0,0
BRDA:122,8,1,0
BRDA:179,9,0,0
BRDA:179,9,1,0
BRDA:183,10,0,0
BRDA:183,10,1,0
BRDA:260,11,0,0
BRDA:260,11,1,0
BRDA:274,12,0,0
BRDA:274,12,1,0
BRDA:282,13,0,0
BRDA:282,13,1,0
BRDA:285,14,0,0
BRDA:285,14,1,0
BRDA:286,15,0,0
BRDA:286,15,1,0
BRDA:287,16,0,0
BRDA:287,16,1,0
BRDA:288,17,0,0
BRDA:288,17,1,0
BRDA:289,18,0,0
BRDA:289,18,1,0
BRDA:290,19,0,0
BRDA:290,19,1,0
BRDA:291,20,0,0
BRDA:291,20,1,0
BRDA:301,21,0,0
BRDA:301,21,1,0
BRDA:302,22,0,0
BRDA:302,22,1,0
BRDA:306,23,0,0
BRDA:306,23,1,0
BRDA:316,24,0,0
BRDA:316,24,1,0
BRDA:344,25,0,0
BRDA:344,25,1,0
BRDA:344,26,0,0
BRDA:344,26,1,0
BRDA:349,27,0,0
BRDA:349,27,1,0
BRDA:363,28,0,0
BRDA:363,28,1,0
BRDA:365,29,0,0
BRDA:365,29,1,0
BRDA:375,30,0,0
BRDA:375,30,1,0
BRDA:377,31,0,0
BRDA:377,31,1,0
BRDA:398,32,0,0
BRDA:398,32,1,0
BRDA:401,33,0,0
BRDA:401,33,1,0
BRF:68
BRH:0
end_of_record
TN:
SF:src\components\RBACGuard.tsx
FN:27,(anonymous_0)
FN:45,(anonymous_1)
FN:55,(anonymous_2)
FN:88,(anonymous_3)
FNF:4
FNH:0
FNDA:0,(anonymous_0)
FNDA:0,(anonymous_1)
FNDA:0,(anonymous_2)
FNDA:0,(anonymous_3)
DA:27,0
DA:28,0
DA:30,0
DA:31,0
DA:34,0
DA:35,0
DA:38,0
DA:39,0
DA:42,0
DA:45,0
DA:46,0
DA:48,0
DA:49,0
DA:52,0
DA:55,0
DA:56,0
DA:67,0
DA:69,0
DA:88,0
DA:89,0
LF:20
LH:0
BRDA:27,0,0,0
BRDA:30,1,0,0
BRDA:30,1,1,0
BRDA:34,2,0,0
BRDA:34,2,1,0
BRDA:38,3,0,0
BRDA:38,3,1,0
BRDA:48,4,0,0
BRDA:48,4,1,0
BRDA:67,5,0,0
BRDA:67,5,1,0
BRF:11
BRH:0
end_of_record
TN:
SF:src\components\RecognitionErrorRecovery.tsx
FN:146,(anonymous_0)
FN:161,(anonymous_1)
FN:167,(anonymous_2)
FN:275,(anonymous_3)
FN:283,(anonymous_4)
FN:291,(anonymous_5)
FN:304,(anonymous_6)
FN:322,(anonymous_7)
FN:360,(anonymous_8)
FN:380,(anonymous_9)
FN:428,(anonymous_10)
FN:475,(anonymous_11)
FN:481,(anonymous_12)
FN:505,(anonymous_13)
FN:516,(anonymous_14)
FN:536,(anonymous_15)
FN:545,(anonymous_16)
FN:565,(anonymous_17)
FN:568,(anonymous_18)
FN:577,(anonymous_19)
FN:589,(anonymous_20)
FN:595,(anonymous_21)
FNF:22
FNH:0
FNDA:0,(anonymous_0)
FNDA:0,(anonymous_1)
FNDA:0,(anonymous_2)
FNDA:0,(anonymous_3)
FNDA:0,(anonymous_4)
FNDA:0,(anonymous_5)
FNDA:0,(anonymous_6)
FNDA:0,(anonymous_7)
FNDA:0,(anonymous_8)
FNDA:0,(anonymous_9)
FNDA:0,(anonymous_10)
FNDA:0,(anonymous_11)
FNDA:0,(anonymous_12)
FNDA:0,(anonymous_13)
FNDA:0,(anonymous_14)
FNDA:0,(anonymous_15)
FNDA:0,(anonymous_16)
FNDA:0,(anonymous_17)
FNDA:0,(anonymous_18)
FNDA:0,(anonymous_19)
FNDA:0,(anonymous_20)
FNDA:0,(anonymous_21)
DA:90,0
DA:123,0
DA:146,0
DA:152,0
DA:153,0
DA:154,0
DA:155,0
DA:156,0
DA:157,0
DA:158,0
DA:159,0
DA:161,0
DA:162,0
DA:163,0
DA:167,0
DA:173,0
DA:175,0
DA:176,0
DA:179,0
DA:180,0
DA:191,0
DA:199,0
DA:200,0
DA:208,0
DA:214,0
DA:215,0
DA:223,0
DA:239,0
DA:240,0
DA:248,0
DA:256,0
DA:257,0
DA:265,0
DA:272,0
DA:274,0
DA:276,0
DA:280,0
DA:283,0
DA:286,0
DA:287,0
DA:288,0
DA:291,0
DA:292,0
DA:301,0
DA:304,0
DA:305,0
DA:308,0
DA:310,0
DA:312,0
DA:314,0
DA:318,0
DA:322,0
DA:323,0
DA:325,0
DA:327,0
DA:329,0
DA:333,0
DA:335,0
DA:339,0
DA:341,0
DA:345,0
DA:347,0
DA:352,0
DA:353,0
DA:356,0
DA:360,0
DA:361,0
DA:362,0
DA:369,0
DA:370,0
DA:376,0
DA:380,0
DA:381,0
DA:382,0
DA:383,0
DA:389,0
DA:390,0
DA:397,0
DA:401,0
DA:402,0
DA:405,0
DA:429,0
DA:430,0
DA:476,0
DA:482,0
DA:483,0
DA:506,0
DA:507,0
DA:517,0
DA:518,0
DA:536,0
DA:545,0
DA:565,0
DA:568,0
DA:577,0
DA:589,0
DA:595,0
LF:97
LH:0
BRDA:162,0,0,0
BRDA:162,0,1,0
BRDA:179,1,0,0
BRDA:179,1,1,0
BRDA:179,2,0,0
BRDA:179,2,1,0
BRDA:199,3,0,0
BRDA:199,3,1,0
BRDA:199,4,0,0
BRDA:199,4,1,0
BRDA:205,5,0,0
BRDA:205,5,1,0
BRDA:214,6,0,0
BRDA:214,6,1,0
BRDA:214,7,0,0
BRDA:214,7,1,0
BRDA:239,8,0,0
BRDA:239,8,1,0
BRDA:239,9,0,0
BRDA:239,9,1,0
BRDA:256,10,0,0
BRDA:256,10,1,0
BRDA:256,11,0,0
BRDA:256,11,1,0
BRDA:256,11,2,0
BRDA:274,12,0,0
BRDA:274,12,1,0
BRDA:276,13,0,0
BRDA:276,13,1,0
BRDA:276,14,0,0
BRDA:276,14,1,0
BRDA:276,15,0,0
BRDA:276,15,1,0
BRDA:301,16,0,0
BRDA:301,16,1,0
BRDA:305,17,0,0
BRDA:305,17,1,0
BRDA:305,17,2,0
BRDA:305,17,3,0
BRDA:305,17,4,0
BRDA:305,17,5,0
BRDA:305,17,6,0
BRDA:305,17,7,0
BRDA:327,18,0,0
BRDA:327,18,1,0
BRDA:327,18,2,0
BRDA:327,18,3,0
BRDA:331,19,0,0
BRDA:331,19,1,0
BRDA:352,20,0,0
BRDA:352,20,1,0
BRDA:352,21,0,0
BRDA:352,21,1,0
BRDA:369,22,0,0
BRDA:369,22,1,0
BRDA:389,23,0,0
BRDA:389,23,1,0
BRDA:401,24,0,0
BRDA:401,24,1,0
BRDA:401,25,0,0
BRDA:401,25,1,0
BRDA:407,26,0,0
BRDA:407,26,1,0
BRDA:411,27,0,0
BRDA:411,27,1,0
BRDA:414,28,0,0
BRDA:414,28,1,0
BRDA:417,29,0,0
BRDA:417,29,1,0
BRDA:419,30,0,0
BRDA:419,30,1,0
BRDA:423,31,0,0
BRDA:423,31,1,0
BRDA:429,32,0,0
BRDA:429,32,1,0
BRDA:457,33,0,0
BRDA:457,33,1,0
BRDA:469,34,0,0
BRDA:469,34,1,0
BRDA:548,35,0,0
BRDA:548,35,1,0
BRDA:556,36,0,0
BRDA:556,36,1,0
BRF:83
BRH:0
end_of_record
TN:
SF:src\components\ResultCard.tsx
FN:25,(anonymous_0)
FN:41,(anonymous_1)
FNF:2
FNH:0
FNDA:0,(anonymous_0)
FNDA:0,(anonymous_1)
DA:25,0
DA:26,0
DA:27,0
DA:36,0
DA:42,0
DA:43,0
DA:44,0
DA:46,0
LF:8
LH:0
BRDA:26,0,0,0
BRDA:26,0,1,0
BRDA:26,1,0,0
BRDA:26,1,1,0
BRDA:26,1,2,0
BRDA:42,2,0,0
BRDA:42,2,1,0
BRDA:42,3,0,0
BRDA:42,3,1,0
BRDA:43,4,0,0
BRDA:43,4,1,0
BRDA:44,5,0,0
BRDA:44,5,1,0
BRDA:47,6,0,0
BRDA:47,6,1,0
BRDA:52,7,0,0
BRDA:52,7,1,0
BRDA:52,8,0,0
BRDA:52,8,1,0
BRDA:60,9,0,0
BRDA:60,9,1,0
BRDA:70,10,0,0
BRDA:70,10,1,0
BRDA:77,11,0,0
BRDA:77,11,1,0
BRDA:77,12,0,0
BRDA:77,12,1,0
BRDA:87,13,0,0
BRDA:87,13,1,0
BRF:29
BRH:0
end_of_record
TN:
SF:src\components\SetupWizard.tsx
FN:9,SetupWizard
FN:14,(anonymous_1)
FN:24,(anonymous_2)
FN:28,(anonymous_3)
FN:31,(anonymous_4)
FN:31,(anonymous_5)
FN:33,(anonymous_6)
FN:45,(anonymous_7)
FN:94,(anonymous_8)
FNF:9
FNH:0
FNDA:0,SetupWizard
FNDA:0,(anonymous_1)
FNDA:0,(anonymous_2)
FNDA:0,(anonymous_3)
FNDA:0,(anonymous_4)
FNDA:0,(anonymous_5)
FNDA:0,(anonymous_6)
FNDA:0,(anonymous_7)
FNDA:0,(anonymous_8)
DA:7,0
DA:10,0
DA:11,0
DA:12,0
DA:14,0
DA:15,0
DA:16,0
DA:17,0
DA:18,0
DA:20,0
DA:24,0
DA:25,0
DA:26,0
DA:28,0
DA:31,0
DA:33,0
DA:34,0
DA:36,0
DA:45,0
DA:64,0
DA:71,0
DA:79,0
DA:86,0
DA:90,0
DA:95,0
LF:25
LH:0
BRDA:25,0,0,0
BRDA:25,0,1,0
BRDA:26,1,0,0
BRDA:26,1,1,0
BRDA:34,2,0,0
BRDA:34,2,1,0
BRDA:34,2,2,0
BRDA:34,2,3,0
BRDA:34,2,4,0
BRDA:49,3,0,0
BRDA:49,3,1,0
BRDA:54,4,0,0
BRDA:54,4,1,0
BRDA:54,5,0,0
BRDA:54,5,1,0
BRDA:56,6,0,0
BRDA:56,6,1,0
BRDA:104,7,0,0
BRDA:104,7,1,0
BRF:19
BRH:0
end_of_record
TN:
SF:src\components\Sidebar.tsx
FN:31,(anonymous_0)
FN:42,(anonymous_1)
FN:43,(anonymous_2)
FN:124,(anonymous_3)
FN:126,(anonymous_4)
FN:171,(anonymous_5)
FN:174,(anonymous_6)
FN:214,(anonymous_7)
FN:215,(anonymous_8)
FN:219,(anonymous_9)
FNF:10
FNH:0
FNDA:0,(anonymous_0)
FNDA:0,(anonymous_1)
FNDA:0,(anonymous_2)
FNDA:0,(anonymous_3)
FNDA:0,(anonymous_4)
FNDA:0,(anonymous_5)
FNDA:0,(anonymous_6)
FNDA:0,(anonymous_7)
FNDA:0,(anonymous_8)
FNDA:0,(anonymous_9)
DA:29,0
DA:31,0
DA:32,0
DA:33,0
DA:42,0
DA:43,0
DA:49,0
DA:124,0
DA:126,0
DA:127,0
DA:130,0
DA:172,0
DA:174,0
DA:214,0
DA:216,0
DA:219,0
LF:16
LH:0
BRDA:127,0,0,0
BRDA:127,0,1,0
BRDA:187,1,0,0
BRDA:187,1,1,0
BRDA:194,2,0,0
BRDA:194,2,1,0
BRDA:195,3,0,0
BRDA:195,3,1,0
BRDA:202,4,0,0
BRDA:202,4,1,0
BRDA:205,5,0,0
BRDA:205,5,1,0
BRDA:214,6,0,0
BRDA:214,6,1,0
BRDA:241,7,0,0
BRDA:241,7,1,0
BRDA:249,8,0,0
BRDA:249,8,1,0
BRDA:252,9,0,0
BRDA:252,9,1,0
BRDA:276,10,0,0
BRDA:276,10,1,0
BRDA:290,11,0,0
BRDA:290,11,1,0
BRDA:290,11,2,0
BRDA:300,12,0,0
BRDA:300,12,1,0
BRDA:307,13,0,0
BRDA:307,13,1,0
BRDA:312,14,0,0
BRDA:312,14,1,0
BRF:31
BRH:0
end_of_record
TN:
SF:src\components\SystemStatus.tsx
FN:25,(anonymous_0)
FN:30,(anonymous_1)
FN:45,(anonymous_2)
FN:48,(anonymous_3)
FN:51,(anonymous_4)
FN:65,(anonymous_5)
FNF:6
FNH:0
FNDA:0,(anonymous_0)
FNDA:0,(anonymous_1)
FNDA:0,(anonymous_2)
FNDA:0,(anonymous_3)
FNDA:0,(anonymous_4)
FNDA:0,(anonymous_5)
DA:25,0
DA:26,0
DA:27,0
DA:28,0
DA:30,0
DA:31,0
DA:32,0
DA:33,0
DA:34,0
DA:36,0
DA:39,0
DA:41,0
DA:45,0
DA:46,0
DA:47,0
DA:48,0
DA:51,0
DA:52,0
DA:54,0
DA:56,0
DA:59,0
DA:61,0
DA:65,0
DA:66,0
DA:67,0
DA:68,0
DA:70,0
DA:71,0
DA:75,0
DA:76,0
DA:84,0
DA:85,0
DA:92,0
DA:93,0
DA:100,0
DA:102,0
LF:36
LH:0
BRDA:33,0,0,0
BRDA:33,0,1,0
BRDA:52,1,0,0
BRDA:52,1,1,0
BRDA:52,1,2,0
BRDA:52,1,3,0
BRDA:52,1,4,0
BRDA:66,2,0,0
BRDA:66,2,1,0
BRDA:66,2,2,0
BRDA:66,2,3,0
BRDA:66,2,4,0
BRDA:75,3,0,0
BRDA:75,3,1,0
BRDA:84,4,0,0
BRDA:84,4,1,0
BRDA:92,5,0,0
BRDA:92,5,1,0
BRF:18
BRH:0
end_of_record
TN:
SF:src\components\UploadBox.tsx
FN:10,(anonymous_0)
FN:13,(anonymous_1)
FN:23,(anonymous_2)
FN:33,(anonymous_3)
FNF:4
FNH:0
FNDA:0,(anonymous_0)
FNDA:0,(anonymous_1)
FNDA:0,(anonymous_2)
FNDA:0,(anonymous_3)
DA:10,0
DA:11,0
DA:13,0
DA:14,0
DA:15,0
DA:16,0
DA:17,0
DA:18,0
DA:19,0
DA:23,0
DA:24,0
DA:25,0
DA:26,0
DA:27,0
DA:28,0
DA:29,0
DA:33,0
DA:34,0
DA:35,0
DA:36,0
DA:37,0
DA:41,0
LF:22
LH:0
BRDA:16,0,0,0
BRDA:16,0,1,0
BRDA:16,1,0,0
BRDA:16,1,1,0
BRDA:18,2,0,0
BRDA:18,2,1,0
BRDA:28,3,0,0
BRDA:28,3,1,0
BRDA:36,4,0,0
BRDA:36,4,1,0
BRDA:53,5,0,0
BRDA:53,5,1,0
BRDA:54,6,0,0
BRDA:54,6,1,0
BRF:14
BRH:0
end_of_record
TN:
SF:src\components\WebcamCapture.tsx
FN:11,(anonymous_0)
FN:15,(anonymous_1)
FN:24,(anonymous_2)
FN:25,(anonymous_3)
FN:31,(anonymous_4)
FNF:5
FNH:0
FNDA:0,(anonymous_0)
FNDA:0,(anonymous_1)
FNDA:0,(anonymous_2)
FNDA:0,(anonymous_3)
FNDA:0,(anonymous_4)
DA:11,0
DA:12,0
DA:13,0
DA:15,0
DA:16,0
DA:17,0
DA:18,0
DA:19,0
DA:20,0
DA:23,0
DA:24,0
DA:26,0
DA:27,0
DA:31,0
DA:32,0
DA:35,0
LF:16
LH:0
BRDA:17,0,0,0
BRDA:17,0,1,0
BRDA:19,1,0,0
BRDA:19,1,1,0
BRDA:37,2,0,0
BRDA:37,2,1,0
BRDA:65,3,0,0
BRDA:65,3,1,0
BRF:8
BRH:0
end_of_record
TN:
SF:src\contexts\AuthContext.tsx
FN:120,(anonymous_0)
FN:126,(anonymous_1)
FN:128,(anonymous_2)
FN:160,(anonymous_3)
FN:160,(anonymous_4)
FN:167,(anonymous_5)
FN:167,(anonymous_6)
FN:169,(anonymous_7)
FN:172,(anonymous_8)
FN:177,(anonymous_9)
FN:181,(anonymous_10)
FN:189,(anonymous_11)
FN:200,(anonymous_12)
FN:205,(anonymous_13)
FN:225,(anonymous_14)
FNF:15
FNH:6
FNDA:13,(anonymous_0)
FNDA:12,(anonymous_1)
FNDA:12,(anonymous_2)
FNDA:13,(anonymous_3)
FNDA:0,(anonymous_4)
FNDA:13,(anonymous_5)
FNDA:0,(anonymous_6)
FNDA:0,(anonymous_7)
FNDA:0,(anonymous_8)
FNDA:0,(anonymous_9)
FNDA:0,(anonymous_10)
FNDA:0,(anonymous_11)
FNDA:0,(anonymous_12)
FNDA:13,(anonymous_13)
FNDA:0,(anonymous_14)
DA:34,2
DA:36,2
DA:47,2
DA:82,2
DA:120,2
DA:121,13
DA:122,13
DA:123,13
DA:124,13
DA:126,13
DA:128,12
DA:129,12
DA:130,12
DA:131,12
DA:134,0
DA:135,0
DA:136,0
DA:138,0
DA:139,0
DA:140,0
DA:141,0
DA:142,0
DA:143,0
DA:144,0
DA:145,0
DA:146,0
DA:147,0
DA:152,0
DA:154,0
DA:157,12
DA:160,13
DA:161,0
DA:162,0
DA:163,0
DA:164,0
DA:167,13
DA:168,0
DA:169,0
DA:172,13
DA:173,0
DA:174,0
DA:177,13
DA:178,0
DA:179,0
DA:180,0
DA:181,0
DA:182,0
DA:183,0
DA:186,0
DA:189,13
DA:190,0
DA:191,0
DA:192,0
DA:193,0
DA:194,0
DA:196,0
DA:197,0
DA:201,0
DA:205,13
DA:218,13
DA:225,2
DA:226,0
DA:227,0
DA:228,0
DA:230,0
LF:65
LH:23
BRDA:130,0,0,12
BRDA:130,0,1,12
BRDA:134,1,0,0
BRDA:134,1,1,0
BRDA:140,2,0,0
BRDA:140,2,1,0
BRDA:143,3,0,0
BRDA:143,3,1,0
BRDA:146,4,0,0
BRDA:146,4,1,0
BRDA:161,5,0,0
BRDA:161,5,1,0
BRDA:163,6,0,0
BRDA:163,6,1,0
BRDA:168,7,0,0
BRDA:168,7,1,0
BRDA:168,8,0,0
BRDA:168,8,1,0
BRDA:180,9,0,0
BRDA:180,9,1,0
BRDA:181,10,0,0
BRDA:181,10,1,0
BRDA:196,11,0,0
BRDA:196,11,1,0
BRDA:227,12,0,0
BRDA:227,12,1,0
BRF:26
BRH:2
end_of_record
TN:
SF:src\hooks\useRecognitionStream.tsx
FN:26,(anonymous_0)
FN:34,(anonymous_1)
FN:45,(anonymous_2)
FN:51,(anonymous_3)
FN:61,(anonymous_4)
FN:67,(anonymous_5)
FN:74,(anonymous_6)
FN:85,(anonymous_7)
FN:96,(anonymous_8)
FN:104,(anonymous_9)
FN:108,(anonymous_10)
FNF:11
FNH:0
FNDA:0,(anonymous_0)
FNDA:0,(anonymous_1)
FNDA:0,(anonymous_2)
FNDA:0,(anonymous_3)
FNDA:0,(anonymous_4)
FNDA:0,(anonymous_5)
FNDA:0,(anonymous_6)
FNDA:0,(anonymous_7)
FNDA:0,(anonymous_8)
FNDA:0,(anonymous_9)
FNDA:0,(anonymous_10)
DA:26,0
DA:27,0
DA:28,0
DA:29,0
DA:31,0
DA:32,0
DA:34,0
DA:35,0
DA:37,0
DA:38,0
DA:39,0
DA:41,0
DA:42,0
DA:43,0
DA:45,0
DA:46,0
DA:47,0
DA:48,0
DA:51,0
DA:52,0
DA:53,0
DA:54,0
DA:55,0
DA:57,0
DA:61,0
DA:62,0
DA:63,0
DA:64,0
DA:67,0
DA:68,0
DA:69,0
DA:70,0
DA:73,0
DA:74,0
DA:75,0
DA:80,0
DA:81,0
DA:85,0
DA:86,0
DA:87,0
DA:88,0
DA:90,0
DA:91,0
DA:93,0
DA:96,0
DA:97,0
DA:98,0
DA:100,0
DA:104,0
DA:105,0
DA:106,0
DA:108,0
DA:111,0
LF:53
LH:0
BRDA:26,0,0,0
BRDA:35,1,0,0
BRDA:35,1,1,0
BRDA:55,2,0,0
BRDA:55,2,1,0
BRDA:73,3,0,0
BRDA:73,3,1,0
BRDA:81,4,0,0
BRDA:81,4,1,0
BRDA:86,5,0,0
BRDA:86,5,1,0
BRDA:90,6,0,0
BRDA:90,6,1,0
BRDA:97,7,0,0
BRDA:97,7,1,0
BRDA:98,8,0,0
BRDA:98,8,1,0
BRDA:105,9,0,0
BRDA:105,9,1,0
BRF:19
BRH:0
end_of_record
TN:
SF:src\pages\AdminPanel.tsx
FN:20,(anonymous_0)
FN:21,(anonymous_1)
FN:21,(anonymous_2)
FN:23,(anonymous_3)
FN:24,(anonymous_4)
FN:24,(anonymous_5)
FN:26,(anonymous_6)
FN:27,(anonymous_7)
FN:27,(anonymous_8)
FN:29,(anonymous_9)
FN:30,(anonymous_10)
FN:30,(anonymous_11)
FN:71,(anonymous_12)
FN:85,(anonymous_13)
FN:89,(anonymous_14)
FN:92,(anonymous_15)
FN:93,(anonymous_16)
FN:94,(anonymous_17)
FN:95,(anonymous_18)
FN:96,(anonymous_19)
FN:97,(anonymous_20)
FN:113,(anonymous_21)
FN:125,(anonymous_22)
FN:134,(anonymous_23)
FN:138,(anonymous_24)
FN:145,(anonymous_25)
FN:178,(anonymous_26)
FN:194,(anonymous_27)
FN:208,(anonymous_28)
FN:230,(anonymous_29)
FN:260,(anonymous_30)
FN:276,(anonymous_31)
FN:320,(anonymous_32)
FN:328,(anonymous_33)
FN:331,(anonymous_34)
FN:374,(anonymous_35)
FN:408,(anonymous_36)
FN:418,(anonymous_37)
FN:422,(anonymous_38)
FN:497,(anonymous_39)
FN:498,(anonymous_40)
FN:499,(anonymous_41)
FN:510,(anonymous_42)
FN:511,(anonymous_43)
FN:521,(anonymous_44)
FN:522,(anonymous_45)
FN:601,(anonymous_46)
FNF:47
FNH:0
FNDA:0,(anonymous_0)
FNDA:0,(anonymous_1)
FNDA:0,(anonymous_2)
FNDA:0,(anonymous_3)
FNDA:0,(anonymous_4)
FNDA:0,(anonymous_5)
FNDA:0,(anonymous_6)
FNDA:0,(anonymous_7)
FNDA:0,(anonymous_8)
FNDA:0,(anonymous_9)
FNDA:0,(anonymous_10)
FNDA:0,(anonymous_11)
FNDA:0,(anonymous_12)
FNDA:0,(anonymous_13)
FNDA:0,(anonymous_14)
FNDA:0,(anonymous_15)
FNDA:0,(anonymous_16)
FNDA:0,(anonymous_17)
FNDA:0,(anonymous_18)
FNDA:0,(anonymous_19)
FNDA:0,(anonymous_20)
FNDA:0,(anonymous_21)
FNDA:0,(anonymous_22)
FNDA:0,(anonymous_23)
FNDA:0,(anonymous_24)
FNDA:0,(anonymous_25)
FNDA:0,(anonymous_26)
FNDA:0,(anonymous_27)
FNDA:0,(anonymous_28)
FNDA:0,(anonymous_29)
FNDA:0,(anonymous_30)
FNDA:0,(anonymous_31)
FNDA:0,(anonymous_32)
FNDA:0,(anonymous_33)
FNDA:0,(anonymous_34)
FNDA:0,(anonymous_35)
FNDA:0,(anonymous_36)
FNDA:0,(anonymous_37)
FNDA:0,(anonymous_38)
FNDA:0,(anonymous_39)
FNDA:0,(anonymous_40)
FNDA:0,(anonymous_41)
FNDA:0,(anonymous_42)
FNDA:0,(anonymous_43)
FNDA:0,(anonymous_44)
FNDA:0,(anonymous_45)
FNDA:0,(anonymous_46)
DA:20,0
DA:21,0
DA:23,0
DA:24,0
DA:26,0
DA:27,0
DA:29,0
DA:30,0
DA:71,0
DA:72,0
DA:73,0
DA:74,0
DA:75,0
DA:76,0
DA:77,0
DA:78,0
DA:79,0
DA:80,0
DA:81,0
DA:82,0
DA:83,0
DA:85,0
DA:86,0
DA:89,0
DA:90,0
DA:91,0
DA:92,0
DA:93,0
DA:94,0
DA:95,0
DA:96,0
DA:97,0
DA:100,0
DA:101,0
DA:102,0
DA:103,0
DA:104,0
DA:105,0
DA:106,0
DA:107,0
DA:109,0
DA:113,0
DA:114,0
DA:115,0
DA:116,0
DA:117,0
DA:118,0
DA:119,0
DA:121,0
DA:125,0
DA:126,0
DA:127,0
DA:128,0
DA:130,0
DA:134,0
DA:135,0
DA:138,0
DA:139,0
DA:146,0
DA:178,0
DA:179,0
DA:195,0
DA:208,0
DA:230,0
DA:231,0
DA:261,0
DA:276,0
DA:277,0
DA:320,0
DA:321,0
DA:329,0
DA:331,0
DA:374,0
DA:408,0
DA:418,0
DA:422,0
DA:429,0
DA:497,0
DA:498,0
DA:499,0
DA:510,0
DA:511,0
DA:521,0
DA:522,0
DA:601,0
LF:85
LH:0
BRDA:101,0,0,0
BRDA:101,0,1,0
BRDA:105,1,0,0
BRDA:105,1,1,0
BRDA:105,2,0,0
BRDA:105,2,1,0
BRDA:114,3,0,0
BRDA:114,3,1,0
BRDA:153,4,0,0
BRDA:153,4,1,0
BRDA:153,5,0,0
BRDA:153,5,1,0
BRDA:212,6,0,0
BRDA:212,6,1,0
BRDA:241,7,0,0
BRDA:241,7,1,0
BRDA:245,8,0,0
BRDA:245,8,1,0
BRDA:263,9,0,0
BRDA:263,9,1,0
BRDA:263,10,0,0
BRDA:263,10,1,0
BRDA:287,11,0,0
BRDA:287,11,1,0
BRDA:295,12,0,0
BRDA:295,12,1,0
BRDA:303,13,0,0
BRDA:303,13,1,0
BRDA:311,14,0,0
BRDA:311,14,1,0
BRDA:334,15,0,0
BRDA:334,15,1,0
BRDA:457,16,0,0
BRDA:457,16,1,0
BRDA:458,17,0,0
BRDA:458,17,1,0
BRDA:464,18,0,0
BRDA:464,18,1,0
BRDA:470,19,0,0
BRDA:470,19,1,0
BRDA:492,20,0,0
BRDA:492,20,1,0
BRDA:504,21,0,0
BRDA:504,21,1,0
BRDA:516,22,0,0
BRDA:516,22,1,0
BRDA:527,23,0,0
BRDA:527,23,1,0
BRDA:562,24,0,0
BRDA:562,24,1,0
BRDA:591,25,0,0
BRDA:591,25,1,0
BRF:52
BRH:0
end_of_record
TN:
SF:src\pages\AnalyticsDashboard.tsx
FN:20,(anonymous_0)
FN:24,(anonymous_1)
FN:28,(anonymous_2)
FN:48,(anonymous_3)
FN:166,(anonymous_4)
FN:167,(anonymous_5)
FN:168,(anonymous_6)
FNF:7
FNH:0
FNDA:0,(anonymous_0)
FNDA:0,(anonymous_1)
FNDA:0,(anonymous_2)
FNDA:0,(anonymous_3)
FNDA:0,(anonymous_4)
FNDA:0,(anonymous_5)
FNDA:0,(anonymous_6)
DA:20,0
DA:21,0
DA:22,0
DA:23,0
DA:24,0
DA:25,0
DA:28,0
DA:29,0
DA:30,0
DA:31,0
DA:33,0
DA:35,0
DA:40,0
DA:41,0
DA:43,0
DA:45,0
DA:48,0
DA:166,0
DA:167,0
DA:168,0
LF:20
LH:0
BRDA:43,0,0,0
BRDA:43,0,1,0
BRDA:55,1,0,0
BRDA:55,1,1,0
BRDA:65,2,0,0
BRDA:65,2,1,0
BRDA:98,3,0,0
BRDA:98,3,1,0
BRDA:162,4,0,0
BRDA:162,4,1,0
BRDA:173,5,0,0
BRDA:173,5,1,0
BRF:12
BRH:0
end_of_record
TN:
SF:src\pages\BiasReportTab.tsx
FN:10,BiasReportTab
FN:36,(anonymous_1)
FN:40,(anonymous_2)
FN:138,(anonymous_3)
FN:142,(anonymous_4)
FN:164,(anonymous_5)
FN:216,(anonymous_6)
FN:245,(anonymous_7)
FNF:8
FNH:0
FNDA:0,BiasReportTab
FNDA:0,(anonymous_1)
FNDA:0,(anonymous_2)
FNDA:0,(anonymous_3)
FNDA:0,(anonymous_4)
FNDA:0,(anonymous_5)
FNDA:0,(anonymous_6)
FNDA:0,(anonymous_7)
DA:31,0
DA:32,0
DA:33,0
DA:34,0
DA:36,0
DA:37,0
DA:40,0
DA:41,0
DA:42,0
DA:43,0
DA:46,0
DA:138,0
DA:139,0
DA:142,0
DA:143,0
DA:144,0
DA:147,0
DA:164,0
DA:216,0
DA:246,0
DA:247,0
LF:21
LH:0
BRDA:178,0,0,0
BRDA:178,0,1,0
BRDA:186,1,0,0
BRDA:186,1,1,0
BRDA:196,2,0,0
BRDA:196,2,1,0
BRDA:206,3,0,0
BRDA:206,3,1,0
BRDA:216,4,0,0
BRDA:216,4,1,0
BRDA:254,5,0,0
BRDA:254,5,1,0
BRDA:261,6,0,0
BRDA:261,6,1,0
BRDA:267,7,0,0
BRDA:267,7,1,0
BRDA:269,8,0,0
BRDA:269,8,1,0
BRF:18
BRH:0
end_of_record
TN:
SF:src\pages\CameraManagement.tsx
FN:11,(anonymous_0)
FN:16,(anonymous_1)
FN:20,(anonymous_2)
FN:30,(anonymous_3)
FN:48,(anonymous_4)
FN:55,(anonymous_5)
FN:101,(anonymous_6)
FN:107,(anonymous_7)
FN:115,(anonymous_8)
FN:122,(anonymous_9)
FN:128,(anonymous_10)
FN:133,(anonymous_11)
FNF:12
FNH:0
FNDA:0,(anonymous_0)
FNDA:0,(anonymous_1)
FNDA:0,(anonymous_2)
FNDA:0,(anonymous_3)
FNDA:0,(anonymous_4)
FNDA:0,(anonymous_5)
FNDA:0,(anonymous_6)
FNDA:0,(anonymous_7)
FNDA:0,(anonymous_8)
FNDA:0,(anonymous_9)
FNDA:0,(anonymous_10)
FNDA:0,(anonymous_11)
DA:11,0
DA:12,0
DA:13,0
DA:14,0
DA:16,0
DA:17,0
DA:20,0
DA:21,0
DA:23,0
DA:24,0
DA:26,0
DA:30,0
DA:31,0
DA:32,0
DA:33,0
DA:34,0
DA:35,0
DA:37,0
DA:41,0
DA:48,0
DA:56,0
DA:101,0
DA:107,0
DA:115,0
DA:122,0
DA:128,0
DA:133,0
LF:27
LH:0
BRDA:55,0,0,0
BRDA:55,0,1,0
BRDA:72,1,0,0
BRDA:72,1,1,0
BRDA:80,2,0,0
BRDA:80,2,1,0
BRDA:88,3,0,0
BRDA:88,3,1,0
BRF:8
BRH:0
end_of_record
TN:
SF:src\pages\Compliance.tsx
FN:13,(anonymous_0)
FN:19,(anonymous_1)
FN:38,(anonymous_2)
FN:107,(anonymous_3)
FN:123,(anonymous_4)
FN:131,(anonymous_5)
FN:143,(anonymous_6)
FN:147,(anonymous_7)
FN:158,(anonymous_8)
FN:166,(anonymous_9)
FNF:10
FNH:0
FNDA:0,(anonymous_0)
FNDA:0,(anonymous_1)
FNDA:0,(anonymous_2)
FNDA:0,(anonymous_3)
FNDA:0,(anonymous_4)
FNDA:0,(anonymous_5)
FNDA:0,(anonymous_6)
FNDA:0,(anonymous_7)
FNDA:0,(anonymous_8)
FNDA:0,(anonymous_9)
DA:13,0
DA:14,0
DA:15,0
DA:16,0
DA:17,0
DA:19,0
DA:20,0
DA:21,0
DA:22,0
DA:23,0
DA:24,0
DA:25,0
DA:26,0
DA:27,0
DA:28,0
DA:29,0
DA:30,0
DA:32,0
DA:34,0
DA:38,0
DA:39,0
DA:40,0
DA:41,0
DA:42,0
DA:43,0
DA:45,0
DA:49,0
DA:107,0
DA:123,0
DA:131,0
DA:143,0
DA:147,0
DA:158,0
DA:166,0
LF:34
LH:0
BRDA:20,0,0,0
BRDA:20,0,1,0
BRDA:39,1,0,0
BRDA:39,1,1,0
BRDA:151,2,0,0
BRDA:151,2,1,0
BRDA:153,3,0,0
BRDA:153,3,1,0
BRF:8
BRH:0
end_of_record
TN:
SF:src\pages\Dashboard.tsx
FN:50,(anonymous_0)
FN:67,(anonymous_1)
FN:71,(anonymous_2)
FN:75,(anonymous_3)
FN:78,(anonymous_4)
FN:80,(anonymous_5)
FN:93,(anonymous_6)
FN:95,(anonymous_7)
FN:97,(anonymous_8)
FN:108,(anonymous_9)
FN:110,(anonymous_10)
FN:112,(anonymous_11)
FN:121,(anonymous_12)
FN:126,(anonymous_13)
FN:129,(anonymous_14)
FN:148,(anonymous_15)
FN:149,(anonymous_16)
FN:150,(anonymous_17)
FN:150,(anonymous_18)
FN:156,(anonymous_19)
FN:157,(anonymous_20)
FN:158,(anonymous_21)
FN:165,(anonymous_22)
FN:166,(anonymous_23)
FN:167,(anonymous_24)
FN:168,(anonymous_25)
FN:171,(anonymous_26)
FN:180,(anonymous_27)
FN:233,(anonymous_28)
FN:273,(anonymous_29)
FN:286,(anonymous_30)
FN:417,(anonymous_31)
FN:418,(anonymous_32)
FN:420,(anonymous_33)
FN:439,(anonymous_34)
FN:487,(anonymous_35)
FNF:36
FNH:0
FNDA:0,(anonymous_0)
FNDA:0,(anonymous_1)
FNDA:0,(anonymous_2)
FNDA:0,(anonymous_3)
FNDA:0,(anonymous_4)
FNDA:0,(anonymous_5)
FNDA:0,(anonymous_6)
FNDA:0,(anonymous_7)
FNDA:0,(anonymous_8)
FNDA:0,(anonymous_9)
FNDA:0,(anonymous_10)
FNDA:0,(anonymous_11)
FNDA:0,(anonymous_12)
FNDA:0,(anonymous_13)
FNDA:0,(anonymous_14)
FNDA:0,(anonymous_15)
FNDA:0,(anonymous_16)
FNDA:0,(anonymous_17)
FNDA:0,(anonymous_18)
FNDA:0,(anonymous_19)
FNDA:0,(anonymous_20)
FNDA:0,(anonymous_21)
FNDA:0,(anonymous_22)
FNDA:0,(anonymous_23)
FNDA:0,(anonymous_24)
FNDA:0,(anonymous_25)
FNDA:0,(anonymous_26)
FNDA:0,(anonymous_27)
FNDA:0,(anonymous_28)
FNDA:0,(anonymous_29)
FNDA:0,(anonymous_30)
FNDA:0,(anonymous_31)
FNDA:0,(anonymous_32)
FNDA:0,(anonymous_33)
FNDA:0,(anonymous_34)
FNDA:0,(anonymous_35)
DA:50,0
DA:51,0
DA:52,0
DA:53,0
DA:54,0
DA:55,0
DA:56,0
DA:57,0
DA:58,0
DA:65,0
DA:67,0
DA:68,0
DA:69,0
DA:70,0
DA:71,0
DA:72,0
DA:73,0
DA:75,0
DA:78,0
DA:79,0
DA:80,0
DA:81,0
DA:82,0
DA:85,0
DA:88,0
DA:90,0
DA:93,0
DA:94,0
DA:95,0
DA:96,0
DA:97,0
DA:98,0
DA:101,0
DA:104,0
DA:108,0
DA:109,0
DA:110,0
DA:111,0
DA:112,0
DA:113,0
DA:115,0
DA:117,0
DA:121,0
DA:122,0
DA:123,0
DA:126,0
DA:127,0
DA:129,0
DA:148,0
DA:149,0
DA:150,0
DA:152,0
DA:164,0
DA:165,0
DA:166,0
DA:167,0
DA:168,0
DA:171,0
DA:172,0
DA:173,0
DA:174,0
DA:175,0
DA:176,0
DA:180,0
DA:181,0
DA:183,0
DA:185,0
DA:187,0
DA:189,0
DA:191,0
DA:193,0
DA:195,0
DA:197,0
DA:199,0
DA:201,0
DA:203,0
DA:205,0
DA:209,0
DA:233,0
DA:273,0
DA:286,0
DA:417,0
DA:418,0
DA:421,0
DA:439,0
DA:487,0
DA:488,0
DA:494,0
LF:88
LH:0
BRDA:81,0,0,0
BRDA:81,0,1,0
BRDA:96,1,0,0
BRDA:96,1,1,0
BRDA:96,1,2,0
BRDA:98,2,0,0
BRDA:98,2,1,0
BRDA:98,2,2,0
BRDA:111,3,0,0
BRDA:111,3,1,0
BRDA:113,4,0,0
BRDA:113,4,1,0
BRDA:135,5,0,0
BRDA:135,5,1,0
BRDA:136,6,0,0
BRDA:136,6,1,0
BRDA:139,7,0,0
BRDA:139,7,1,0
BRDA:172,8,0,0
BRDA:172,8,1,0
BRDA:172,8,2,0
BRDA:172,8,3,0
BRDA:181,9,0,0
BRDA:181,9,1,0
BRDA:181,9,2,0
BRDA:181,9,3,0
BRDA:181,9,4,0
BRDA:181,9,5,0
BRDA:181,9,6,0
BRDA:181,9,7,0
BRDA:181,9,8,0
BRDA:181,9,9,0
BRDA:181,9,10,0
BRDA:181,9,11,0
BRDA:201,10,0,0
BRDA:201,10,1,0
BRDA:215,11,0,0
BRDA:215,11,1,0
BRDA:239,12,0,0
BRDA:239,12,1,0
BRDA:240,13,0,0
BRDA:240,13,1,0
BRDA:249,14,0,0
BRDA:249,14,1,0
BRDA:251,15,0,0
BRDA:251,15,1,0
BRDA:268,16,0,0
BRDA:268,16,1,0
BRDA:281,17,0,0
BRDA:281,17,1,0
BRDA:281,17,2,0
BRDA:304,18,0,0
BRDA:304,18,1,0
BRDA:321,19,0,0
BRDA:321,19,1,0
BRDA:321,19,2,0
BRDA:324,20,0,0
BRDA:324,20,1,0
BRDA:356,21,0,0
BRDA:356,21,1,0
BRDA:360,22,0,0
BRDA:360,22,1,0
BRDA:374,23,0,0
BRDA:374,23,1,0
BRDA:381,24,0,0
BRDA:381,24,1,0
BRDA:494,25,0,0
BRDA:494,25,1,0
BRDA:494,26,0,0
BRDA:494,26,1,0
BRF:70
BRH:0
end_of_record
TN:
SF:src\pages\DashboardHome.tsx
FN:22,(anonymous_0)
FN:69,(anonymous_1)
FN:72,(anonymous_2)
FN:75,(anonymous_3)
FN:79,(anonymous_4)
FN:81,(anonymous_5)
FN:83,(anonymous_6)
FN:84,(anonymous_7)
FN:131,(anonymous_8)
FN:137,(anonymous_9)
FN:205,(anonymous_10)
FN:229,(anonymous_11)
FN:237,(anonymous_12)
FN:246,(anonymous_13)
FN:255,(anonymous_14)
FN:392,(anonymous_15)
FN:465,(anonymous_16)
FN:490,(anonymous_17)
FN:517,(anonymous_18)
FN:518,(anonymous_19)
FN:527,(anonymous_20)
FN:528,(anonymous_21)
FN:538,(anonymous_22)
FN:539,(anonymous_23)
FN:540,(anonymous_24)
FNF:25
FNH:0
FNDA:0,(anonymous_0)
FNDA:0,(anonymous_1)
FNDA:0,(anonymous_2)
FNDA:0,(anonymous_3)
FNDA:0,(anonymous_4)
FNDA:0,(anonymous_5)
FNDA:0,(anonymous_6)
FNDA:0,(anonymous_7)
FNDA:0,(anonymous_8)
FNDA:0,(anonymous_9)
FNDA:0,(anonymous_10)
FNDA:0,(anonymous_11)
FNDA:0,(anonymous_12)
FNDA:0,(anonymous_13)
FNDA:0,(anonymous_14)
FNDA:0,(anonymous_15)
FNDA:0,(anonymous_16)
FNDA:0,(anonymous_17)
FNDA:0,(anonymous_18)
FNDA:0,(anonymous_19)
FNDA:0,(anonymous_20)
FNDA:0,(anonymous_21)
FNDA:0,(anonymous_22)
FNDA:0,(anonymous_23)
FNDA:0,(anonymous_24)
DA:22,0
DA:51,0
DA:60,0
DA:61,0
DA:62,0
DA:63,0
DA:64,0
DA:65,0
DA:66,0
DA:67,0
DA:69,0
DA:70,0
DA:71,0
DA:72,0
DA:75,0
DA:76,0
DA:77,0
DA:78,0
DA:79,0
DA:81,0
DA:83,0
DA:84,0
DA:88,0
DA:89,0
DA:90,0
DA:91,0
DA:92,0
DA:96,0
DA:97,0
DA:98,0
DA:100,0
DA:103,0
DA:104,0
DA:107,0
DA:108,0
DA:111,0
DA:112,0
DA:113,0
DA:115,0
DA:118,0
DA:120,0
DA:122,0
DA:123,0
DA:124,0
DA:125,0
DA:127,0
DA:131,0
DA:132,0
DA:133,0
DA:134,0
DA:137,0
DA:138,0
DA:139,0
DA:140,0
DA:144,0
DA:154,0
DA:162,0
DA:173,0
DA:179,0
DA:180,0
DA:181,0
DA:182,0
DA:184,0
DA:185,0
DA:193,0
DA:205,0
DA:229,0
DA:237,0
DA:246,0
DA:255,0
DA:393,0
DA:466,0
DA:491,0
DA:538,0
LF:74
LH:0
BRDA:80,0,0,0
BRDA:80,0,1,0
BRDA:89,1,0,0
BRDA:89,1,1,0
BRDA:91,2,0,0
BRDA:91,2,1,0
BRDA:92,3,0,0
BRDA:92,3,1,0
BRDA:96,4,0,0
BRDA:96,4,1,0
BRDA:98,5,0,0
BRDA:98,5,1,0
BRDA:104,6,0,0
BRDA:104,6,1,0
BRDA:104,7,0,0
BRDA:104,7,1,0
BRDA:107,8,0,0
BRDA:107,8,1,0
BRDA:112,9,0,0
BRDA:112,9,1,0
BRDA:115,10,0,0
BRDA:115,10,1,0
BRDA:120,11,0,0
BRDA:120,11,1,0
BRDA:132,12,0,0
BRDA:132,12,1,0
BRDA:133,13,0,0
BRDA:133,13,1,0
BRDA:138,14,0,0
BRDA:138,14,1,0
BRDA:139,15,0,0
BRDA:139,15,1,0
BRDA:179,16,0,0
BRDA:179,16,1,0
BRDA:180,17,0,0
BRDA:180,17,1,0
BRDA:181,18,0,0
BRDA:181,18,1,0
BRDA:182,19,0,0
BRDA:182,19,1,0
BRDA:184,20,0,0
BRDA:184,20,1,0
BRDA:184,21,0,0
BRDA:184,21,1,0
BRDA:223,22,0,0
BRDA:223,22,1,0
BRDA:228,23,0,0
BRDA:228,23,1,0
BRDA:236,24,0,0
BRDA:236,24,1,0
BRDA:245,25,0,0
BRDA:245,25,1,0
BRDA:254,26,0,0
BRDA:254,26,1,0
BRDA:264,27,0,0
BRDA:264,27,1,0
BRDA:468,28,0,0
BRDA:468,28,1,0
BRDA:512,29,0,0
BRDA:512,29,1,0
BRDA:524,30,0,0
BRDA:524,30,1,0
BRDA:534,31,0,0
BRDA:534,31,1,0
BRF:64
BRH:0
end_of_record
TN:
SF:src\pages\DeepfakeTab.tsx
FN:38,DeepfakeTab
FN:43,(anonymous_1)
FN:47,(anonymous_2)
FN:51,(anonymous_3)
FN:135,(anonymous_4)
FN:160,(anonymous_5)
FN:250,(anonymous_6)
FN:315,(anonymous_7)
FN:334,(anonymous_8)
FN:363,(anonymous_9)
FNF:10
FNH:0
FNDA:0,DeepfakeTab
FNDA:0,(anonymous_1)
FNDA:0,(anonymous_2)
FNDA:0,(anonymous_3)
FNDA:0,(anonymous_4)
FNDA:0,(anonymous_5)
FNDA:0,(anonymous_6)
FNDA:0,(anonymous_7)
FNDA:0,(anonymous_8)
FNDA:0,(anonymous_9)
DA:39,0
DA:40,0
DA:41,0
DA:43,0
DA:44,0
DA:45,0
DA:46,0
DA:47,0
DA:51,0
DA:52,0
DA:53,0
DA:54,0
DA:55,0
DA:56,0
DA:57,0
DA:58,0
DA:61,0
DA:123,0
DA:135,0
DA:136,0
DA:137,0
DA:138,0
DA:139,0
DA:140,0
DA:141,0
DA:145,0
DA:160,0
DA:251,0
DA:316,0
DA:335,0
DA:364,0
DA:365,0
DA:366,0
LF:33
LH:0
BRDA:45,0,0,0
BRDA:45,0,1,0
BRDA:55,1,0,0
BRDA:55,1,1,0
BRDA:55,2,0,0
BRDA:55,2,1,0
BRDA:57,3,0,0
BRDA:57,3,1,0
BRDA:57,4,0,0
BRDA:57,4,1,0
BRDA:136,5,0,0
BRDA:136,5,1,0
BRDA:136,5,2,0
BRDA:136,5,3,0
BRDA:136,5,4,0
BRDA:158,6,0,0
BRDA:158,6,1,0
BRDA:159,7,0,0
BRDA:159,7,1,0
BRDA:161,8,0,0
BRDA:161,8,1,0
BRDA:163,9,0,0
BRDA:163,9,1,0
BRDA:181,10,0,0
BRDA:181,10,1,0
BRDA:194,11,0,0
BRDA:194,11,1,0
BRDA:207,12,0,0
BRDA:207,12,1,0
BRDA:220,13,0,0
BRDA:220,13,1,0
BRDA:284,14,0,0
BRDA:284,14,1,0
BRDA:285,15,0,0
BRDA:285,15,1,0
BRDA:356,16,0,0
BRDA:356,16,1,0
BRF:37
BRH:0
end_of_record
TN:
SF:src\pages\DeveloperPlatform.tsx
FN:11,(anonymous_0)
FN:52,(anonymous_1)
FN:65,(anonymous_2)
FN:87,(anonymous_3)
FN:88,(anonymous_4)
FNF:5
FNH:0
FNDA:0,(anonymous_0)
FNDA:0,(anonymous_1)
FNDA:0,(anonymous_2)
FNDA:0,(anonymous_3)
FNDA:0,(anonymous_4)
DA:11,0
DA:12,0
DA:13,0
DA:15,0
DA:43,0
DA:52,0
DA:65,0
LF:7
LH:0
BRDA:60,0,0,0
BRDA:60,0,1,0
BRDA:65,1,0,0
BRDA:65,1,1,0
BRF:4
BRH:0
end_of_record
TN:
SF:src\pages\Enroll.tsx
FN:9,(anonymous_0)
FN:18,(anonymous_1)
FN:23,(anonymous_2)
FN:28,(anonymous_3)
FN:29,(anonymous_4)
FN:31,(anonymous_5)
FN:34,(anonymous_6)
FN:54,(anonymous_7)
FN:75,(anonymous_8)
FN:95,(anonymous_9)
FN:106,(anonymous_10)
FN:130,(anonymous_11)
FNF:12
FNH:0
FNDA:0,(anonymous_0)
FNDA:0,(anonymous_1)
FNDA:0,(anonymous_2)
FNDA:0,(anonymous_3)
FNDA:0,(anonymous_4)
FNDA:0,(anonymous_5)
FNDA:0,(anonymous_6)
FNDA:0,(anonymous_7)
FNDA:0,(anonymous_8)
FNDA:0,(anonymous_9)
FNDA:0,(anonymous_10)
FNDA:0,(anonymous_11)
DA:9,0
DA:10,0
DA:11,0
DA:12,0
DA:13,0
DA:14,0
DA:15,0
DA:16,0
DA:18,0
DA:19,0
DA:20,0
DA:21,0
DA:23,0
DA:24,0
DA:28,0
DA:29,0
DA:30,0
DA:31,0
DA:34,0
DA:35,0
DA:36,0
DA:37,0
DA:38,0
DA:40,0
DA:41,0
DA:42,0
DA:45,0
DA:46,0
DA:47,0
DA:49,0
DA:50,0
DA:51,0
DA:52,0
DA:53,0
DA:54,0
DA:55,0
DA:56,0
DA:58,0
DA:60,0
DA:64,0
DA:75,0
DA:96,0
DA:106,0
DA:130,0
LF:44
LH:0
BRDA:19,0,0,0
BRDA:19,0,1,0
BRDA:36,1,0,0
BRDA:36,1,1,0
BRDA:40,2,0,0
BRDA:40,2,1,0
BRDA:58,3,0,0
BRDA:58,3,1,0
BRDA:114,4,0,0
BRDA:114,4,1,0
BRDA:140,5,0,0
BRDA:140,5,1,0
BRDA:141,6,0,0
BRDA:141,6,1,0
BRDA:149,7,0,0
BRDA:149,7,1,0
BRDA:151,8,0,0
BRDA:151,8,1,0
BRF:18
BRH:0
end_of_record
TN:
SF:src\pages\ExplanationTab.tsx
FN:7,ExplanationTab
FN:11,(anonymous_1)
FN:45,(anonymous_2)
FNF:3
FNH:0
FNDA:0,ExplanationTab
FNDA:0,(anonymous_1)
FNDA:0,(anonymous_2)
DA:8,0
DA:9,0
DA:11,0
DA:13,0
DA:29,0
DA:30,0
DA:33,0
DA:35,0
DA:45,0
LF:9
LH:0
BRDA:54,0,0,0
BRDA:54,0,1,0
BRDA:56,1,0,0
BRDA:56,1,1,0
BRF:4
BRH:0
end_of_record
TN:
SF:src\pages\Login.tsx
FN:8,(anonymous_0)
FN:16,(anonymous_1)
FN:31,(anonymous_2)
FN:78,(anonymous_3)
FN:91,(anonymous_4)
FNF:5
FNH:0
FNDA:0,(anonymous_0)
FNDA:0,(anonymous_1)
FNDA:0,(anonymous_2)
FNDA:0,(anonymous_3)
FNDA:0,(anonymous_4)
DA:8,0
DA:9,0
DA:10,0
DA:11,0
DA:12,0
DA:13,0
DA:14,0
DA:16,0
DA:17,0
DA:18,0
DA:19,0
DA:20,0
DA:21,0
DA:22,0
DA:23,0
DA:25,0
DA:27,0
DA:31,0
DA:32,0
DA:33,0
DA:34,0
DA:35,0
DA:36,0
DA:37,0
DA:38,0
DA:40,0
DA:41,0
DA:42,0
DA:44,0
DA:46,0
DA:50,0
DA:78,0
DA:91,0
LF:33
LH:0
BRDA:22,0,0,0
BRDA:22,0,1,0
BRDA:25,1,0,0
BRDA:25,1,1,0
BRDA:37,2,0,0
BRDA:37,2,1,0
BRDA:37,3,0,0
BRDA:37,3,1,0
BRDA:41,4,0,0
BRDA:41,4,1,0
BRDA:44,5,0,0
BRDA:44,5,1,0
BRDA:67,6,0,0
BRDA:67,6,1,0
BRDA:101,7,0,0
BRDA:101,7,1,0
BRDA:103,8,0,0
BRDA:103,8,1,0
BRF:18
BRH:0
end_of_record
TN:
SF:src\pages\PersonProfile.tsx
FN:26,(anonymous_0)
FN:32,(anonymous_1)
FN:38,(anonymous_2)
FN:52,(anonymous_3)
FN:101,(anonymous_4)
FN:119,(anonymous_5)
FNF:6
FNH:0
FNDA:0,(anonymous_0)
FNDA:0,(anonymous_1)
FNDA:0,(anonymous_2)
FNDA:0,(anonymous_3)
FNDA:0,(anonymous_4)
FNDA:0,(anonymous_5)
DA:26,0
DA:27,0
DA:28,0
DA:29,0
DA:30,0
DA:32,0
DA:33,0
DA:34,0
DA:38,0
DA:39,0
DA:40,0
DA:41,0
DA:43,0
DA:44,0
DA:46,0
DA:48,0
DA:52,0
DA:53,0
DA:54,0
DA:57,0
DA:61,0
DA:62,0
DA:64,0
DA:101,0
DA:120,0
LF:25
LH:0
BRDA:33,0,0,0
BRDA:33,0,1,0
BRDA:61,1,0,0
BRDA:61,1,1,0
BRDA:62,2,0,0
BRDA:62,2,1,0
BRDA:72,3,0,0
BRDA:72,3,1,0
BRDA:74,4,0,0
BRDA:74,4,1,0
BRDA:77,5,0,0
BRDA:77,5,1,0
BRDA:78,6,0,0
BRDA:78,6,1,0
BRDA:119,7,0,0
BRDA:119,7,1,0
BRDA:126,8,0,0
BRDA:126,8,1,0
BRDA:136,9,0,0
BRDA:136,9,1,0
BRDA:142,10,0,0
BRDA:142,10,1,0
BRF:22
BRH:0
end_of_record
TN:
SF:src\pages\Recognize.tsx
FN:24,TabPanel
FN:32,Recognize
FN:49,(anonymous_2)
FN:61,(anonymous_3)
FN:70,(anonymous_4)
FN:113,(anonymous_5)
FN:167,(anonymous_6)
FN:203,(anonymous_7)
FN:341,(anonymous_8)
FN:375,(anonymous_9)
FN:376,(anonymous_10)
FN:384,(anonymous_11)
FN:385,(anonymous_12)
FN:386,(anonymous_13)
FN:392,(anonymous_14)
FN:425,(anonymous_15)
FN:502,(anonymous_16)
FNF:17
FNH:0
FNDA:0,TabPanel
FNDA:0,Recognize
FNDA:0,(anonymous_2)
FNDA:0,(anonymous_3)
FNDA:0,(anonymous_4)
FNDA:0,(anonymous_5)
FNDA:0,(anonymous_6)
FNDA:0,(anonymous_7)
FNDA:0,(anonymous_8)
FNDA:0,(anonymous_9)
FNDA:0,(anonymous_10)
FNDA:0,(anonymous_11)
FNDA:0,(anonymous_12)
FNDA:0,(anonymous_13)
FNDA:0,(anonymous_14)
FNDA:0,(anonymous_15)
FNDA:0,(anonymous_16)
DA:25,0
DA:33,0
DA:34,0
DA:35,0
DA:36,0
DA:37,0
DA:38,0
DA:39,0
DA:46,0
DA:47,0
DA:49,0
DA:50,0
DA:51,0
DA:52,0
DA:53,0
DA:54,0
DA:55,0
DA:56,0
DA:57,0
DA:61,0
DA:62,0
DA:64,0
DA:65,0
DA:66,0
DA:67,0
DA:68,0
DA:70,0
DA:71,0
DA:74,0
DA:75,0
DA:77,0
DA:78,0
DA:79,0
DA:82,0
DA:83,0
DA:84,0
DA:85,0
DA:91,0
DA:92,0
DA:101,0
DA:102,0
DA:109,0
DA:113,0
DA:114,0
DA:116,0
DA:117,0
DA:119,0
DA:120,0
DA:127,0
DA:128,0
DA:135,0
DA:136,0
DA:143,0
DA:144,0
DA:151,0
DA:167,0
DA:168,0
DA:170,0
DA:171,0
DA:173,0
DA:174,0
DA:182,0
DA:183,0
DA:191,0
DA:192,0
DA:200,0
DA:203,0
DA:204,0
DA:206,0
DA:207,0
DA:236,0
DA:341,0
DA:375,0
DA:376,0
DA:384,0
DA:385,0
DA:386,0
DA:392,0
DA:426,0
DA:503,0
LF:80
LH:0
BRDA:27,0,0,0
BRDA:27,0,1,0
BRDA:51,1,0,0
BRDA:51,1,1,0
BRDA:51,2,0,0
BRDA:51,2,1,0
BRDA:62,3,0,0
BRDA:62,3,1,0
BRDA:83,4,0,0
BRDA:83,4,1,0
BRDA:84,5,0,0
BRDA:84,5,1,0
BRDA:87,6,0,0
BRDA:87,6,1,0
BRDA:91,7,0,0
BRDA:91,7,1,0
BRDA:105,8,0,0
BRDA:105,8,1,0
BRDA:114,9,0,0
BRDA:114,9,1,0
BRDA:119,10,0,0
BRDA:119,10,1,0
BRDA:123,11,0,0
BRDA:123,11,1,0
BRDA:127,12,0,0
BRDA:127,12,1,0
BRDA:135,13,0,0
BRDA:135,13,1,0
BRDA:143,14,0,0
BRDA:143,14,1,0
BRDA:143,15,0,0
BRDA:143,15,1,0
BRDA:161,16,0,0
BRDA:161,16,1,0
BRDA:168,17,0,0
BRDA:168,17,1,0
BRDA:173,18,0,0
BRDA:173,18,1,0
BRDA:182,19,0,0
BRDA:182,19,1,0
BRDA:191,20,0,0
BRDA:191,20,1,0
BRDA:204,21,0,0
BRDA:204,21,1,0
BRDA:216,22,0,0
BRDA:216,22,1,0
BRDA:256,23,0,0
BRDA:256,23,1,0
BRDA:270,24,0,0
BRDA:270,24,1,0
BRDA:323,25,0,0
BRDA:323,25,1,0
BRDA:352,26,0,0
BRDA:352,26,1,0
BRDA:362,27,0,0
BRDA:362,27,1,0
BRDA:369,28,0,0
BRDA:369,28,1,0
BRDA:371,29,0,0
BRDA:371,29,1,0
BRDA:406,30,0,0
BRDA:406,30,1,0
BRDA:431,31,0,0
BRDA:431,31,1,0
BRDA:433,32,0,0
BRDA:433,32,1,0
BRDA:445,33,0,0
BRDA:445,33,1,0
BRDA:496,34,0,0
BRDA:496,34,1,0
BRDA:544,35,0,0
BRDA:544,35,1,0
BRDA:546,36,0,0
BRDA:546,36,1,0
BRDA:546,37,0,0
BRDA:546,37,1,0
BRDA:547,38,0,0
BRDA:547,38,1,0
BRDA:547,39,0,0
BRDA:547,39,1,0
BRF:80
BRH:0
end_of_record
TN:
SF:src\pages\RecognizeView.tsx
FN:13,(anonymous_0)
FN:27,(anonymous_1)
FN:33,(anonymous_2)
FN:45,(anonymous_3)
FN:52,(anonymous_4)
FN:60,(anonymous_5)
FN:67,(anonymous_6)
FN:72,(anonymous_7)
FN:96,(anonymous_8)
FN:109,(anonymous_9)
FN:112,(anonymous_10)
FN:116,(anonymous_11)
FN:130,(anonymous_12)
FN:134,(anonymous_13)
FN:151,(anonymous_14)
FN:162,(anonymous_15)
FN:165,(anonymous_16)
FN:176,(anonymous_17)
FN:186,(anonymous_18)
FN:228,(anonymous_19)
FN:229,(anonymous_20)
FN:234,(anonymous_21)
FN:272,(anonymous_22)
FN:292,(anonymous_23)
FNF:24
FNH:0
FNDA:0,(anonymous_0)
FNDA:0,(anonymous_1)
FNDA:0,(anonymous_2)
FNDA:0,(anonymous_3)
FNDA:0,(anonymous_4)
FNDA:0,(anonymous_5)
FNDA:0,(anonymous_6)
FNDA:0,(anonymous_7)
FNDA:0,(anonymous_8)
FNDA:0,(anonymous_9)
FNDA:0,(anonymous_10)
FNDA:0,(anonymous_11)
FNDA:0,(anonymous_12)
FNDA:0,(anonymous_13)
FNDA:0,(anonymous_14)
FNDA:0,(anonymous_15)
FNDA:0,(anonymous_16)
FNDA:0,(anonymous_17)
FNDA:0,(anonymous_18)
FNDA:0,(anonymous_19)
FNDA:0,(anonymous_20)
FNDA:0,(anonymous_21)
FNDA:0,(anonymous_22)
FNDA:0,(anonymous_23)
DA:13,0
DA:14,0
DA:15,0
DA:16,0
DA:17,0
DA:18,0
DA:19,0
DA:20,0
DA:21,0
DA:22,0
DA:23,0
DA:24,0
DA:25,0
DA:27,0
DA:28,0
DA:29,0
DA:33,0
DA:34,0
DA:35,0
DA:36,0
DA:37,0
DA:38,0
DA:39,0
DA:40,0
DA:41,0
DA:45,0
DA:46,0
DA:48,0
DA:49,0
DA:50,0
DA:52,0
DA:53,0
DA:54,0
DA:55,0
DA:56,0
DA:60,0
DA:67,0
DA:69,0
DA:72,0
DA:73,0
DA:74,0
DA:76,0
DA:77,0
DA:78,0
DA:79,0
DA:81,0
DA:82,0
DA:85,0
DA:86,0
DA:87,0
DA:89,0
DA:90,0
DA:91,0
DA:93,0
DA:96,0
DA:97,0
DA:98,0
DA:99,0
DA:100,0
DA:101,0
DA:102,0
DA:105,0
DA:106,0
DA:107,0
DA:108,0
DA:109,0
DA:110,0
DA:112,0
DA:113,0
DA:114,0
DA:116,0
DA:117,0
DA:118,0
DA:119,0
DA:122,0
DA:124,0
DA:125,0
DA:126,0
DA:130,0
DA:131,0
DA:132,0
DA:133,0
DA:134,0
DA:135,0
DA:137,0
DA:138,0
DA:139,0
DA:140,0
DA:141,0
DA:143,0
DA:144,0
DA:145,0
DA:147,0
DA:148,0
DA:151,0
DA:152,0
DA:154,0
DA:155,0
DA:156,0
DA:158,0
DA:159,0
DA:160,0
DA:162,0
DA:163,0
DA:164,0
DA:165,0
DA:166,0
DA:167,0
DA:172,0
DA:176,0
DA:177,0
DA:178,0
DA:180,0
DA:181,0
DA:182,0
DA:183,0
DA:184,0
DA:186,0
DA:187,0
DA:189,0
DA:190,0
DA:191,0
DA:193,0
DA:194,0
DA:196,0
DA:197,0
DA:198,0
DA:200,0
DA:201,0
DA:202,0
DA:204,0
DA:207,0
DA:208,0
DA:209,0
DA:210,0
DA:211,0
DA:214,0
DA:215,0
DA:216,0
DA:217,0
DA:220,0
DA:221,0
DA:222,0
DA:223,0
DA:228,0
DA:229,0
DA:230,0
DA:234,0
DA:235,0
DA:236,0
DA:240,0
DA:273,0
DA:274,0
DA:292,0
LF:154
LH:0
BRDA:28,0,0,0
BRDA:28,0,1,0
BRDA:34,1,0,0
BRDA:34,1,1,0
BRDA:34,1,2,0
BRDA:34,1,3,0
BRDA:34,1,4,0
BRDA:34,1,5,0
BRDA:34,1,6,0
BRDA:46,2,0,0
BRDA:46,2,1,0
BRDA:46,3,0,0
BRDA:46,3,1,0
BRDA:53,4,0,0
BRDA:53,4,1,0
BRDA:55,5,0,0
BRDA:55,5,1,0
BRDA:56,6,0,0
BRDA:56,6,1,0
BRDA:56,7,0,0
BRDA:56,7,1,0
BRDA:74,8,0,0
BRDA:74,8,1,0
BRDA:99,9,0,0
BRDA:99,9,1,0
BRDA:105,10,0,0
BRDA:105,10,1,0
BRDA:106,11,0,0
BRDA:106,11,1,0
BRDA:131,12,0,0
BRDA:131,12,1,0
BRDA:131,13,0,0
BRDA:131,13,1,0
BRDA:139,14,0,0
BRDA:139,14,1,0
BRDA:143,15,0,0
BRDA:143,15,1,0
BRDA:152,16,0,0
BRDA:152,16,1,0
BRDA:152,17,0,0
BRDA:152,17,1,0
BRDA:152,17,2,0
BRDA:152,17,3,0
BRDA:163,18,0,0
BRDA:163,18,1,0
BRDA:178,19,0,0
BRDA:178,19,1,0
BRDA:178,20,0,0
BRDA:178,20,1,0
BRDA:178,20,2,0
BRDA:178,20,3,0
BRDA:189,21,0,0
BRDA:189,21,1,0
BRDA:200,22,0,0
BRDA:200,22,1,0
BRDA:207,23,0,0
BRDA:207,23,1,0
BRDA:214,24,0,0
BRDA:214,24,1,0
BRDA:214,25,0,0
BRDA:214,25,1,0
BRDA:220,26,0,0
BRDA:220,26,1,0
BRDA:235,27,0,0
BRDA:235,27,1,0
BRDA:251,28,0,0
BRDA:251,28,1,0
BRDA:251,29,0,0
BRDA:251,29,1,0
BRDA:252,30,0,0
BRDA:252,30,1,0
BRDA:255,31,0,0
BRDA:255,31,1,0
BRDA:259,32,0,0
BRDA:259,32,1,0
BRDA:273,33,0,0
BRDA:273,33,1,0
BRDA:279,34,0,0
BRDA:279,34,1,0
BRDA:280,35,0,0
BRDA:280,35,1,0
BRDA:281,36,0,0
BRDA:281,36,1,0
BRDA:290,37,0,0
BRDA:290,37,1,0
BRDA:298,38,0,0
BRDA:298,38,1,0
BRF:87
BRH:0
end_of_record
TN:
SF:src\pages\SessionsTab.tsx
FN:36,SessionsTab
FN:41,(anonymous_1)
FN:44,(anonymous_2)
FN:47,(anonymous_3)
FN:125,(anonymous_4)
FN:131,(anonymous_5)
FN:137,(anonymous_6)
FN:158,(anonymous_7)
FN:239,(anonymous_8)
FNF:9
FNH:0
FNDA:0,SessionsTab
FNDA:0,(anonymous_1)
FNDA:0,(anonymous_2)
FNDA:0,(anonymous_3)
FNDA:0,(anonymous_4)
FNDA:0,(anonymous_5)
FNDA:0,(anonymous_6)
FNDA:0,(anonymous_7)
FNDA:0,(anonymous_8)
DA:37,0
DA:38,0
DA:39,0
DA:41,0
DA:42,0
DA:43,0
DA:44,0
DA:47,0
DA:48,0
DA:49,0
DA:50,0
DA:51,0
DA:54,0
DA:116,0
DA:125,0
DA:126,0
DA:127,0
DA:128,0
DA:131,0
DA:132,0
DA:133,0
DA:134,0
DA:137,0
DA:138,0
DA:142,0
DA:158,0
DA:240,0
DA:241,0
LF:28
LH:0
BRDA:50,0,0,0
BRDA:50,0,1,0
BRDA:51,1,0,0
BRDA:51,1,1,0
BRDA:126,2,0,0
BRDA:126,2,1,0
BRDA:127,3,0,0
BRDA:127,3,1,0
BRDA:132,4,0,0
BRDA:132,4,1,0
BRDA:133,5,0,0
BRDA:133,5,1,0
BRDA:138,6,0,0
BRDA:138,6,1,0
BRDA:181,7,0,0
BRDA:181,7,1,0
BRDA:191,8,0,0
BRDA:191,8,1,0
BRDA:201,9,0,0
BRDA:201,9,1,0
BRDA:211,10,0,0
BRDA:211,10,1,0
BRDA:282,11,0,0
BRDA:282,11,1,0
BRDA:284,12,0,0
BRDA:284,12,1,0
BRF:26
BRH:0
end_of_record
TN:
SF:src\services\api.ts
FN:28,(anonymous_0)
FN:40,(anonymous_1)
FN:45,(anonymous_2)
FN:51,(anonymous_3)
FN:57,(anonymous_4)
FN:73,(anonymous_5)
FN:76,(anonymous_6)
FN:79,(anonymous_7)
FN:83,(anonymous_8)
FN:91,(anonymous_9)
FN:93,(anonymous_10)
FN:99,(anonymous_11)
FN:107,(anonymous_12)
FN:116,(anonymous_13)
FN:121,(anonymous_14)
FN:127,(anonymous_15)
FN:145,(anonymous_16)
FNF:17
FNH:10
FNDA:0,(anonymous_0)
FNDA:0,(anonymous_1)
FNDA:0,(anonymous_2)
FNDA:0,(anonymous_3)
FNDA:1,(anonymous_4)
FNDA:1,(anonymous_5)
FNDA:0,(anonymous_6)
FNDA:1,(anonymous_7)
FNDA:0,(anonymous_8)
FNDA:1,(anonymous_9)
FNDA:2,(anonymous_10)
FNDA:0,(anonymous_11)
FNDA:1,(anonymous_12)
FNDA:1,(anonymous_13)
FNDA:1,(anonymous_14)
FNDA:1,(anonymous_15)
FNDA:1,(anonymous_16)
DA:20,1
DA:27,1
DA:32,0
DA:33,0
DA:34,0
DA:35,0
DA:38,0
DA:40,0
DA:44,1
DA:46,0
DA:47,0
DA:49,0
DA:52,0
DA:53,0
DA:57,1
DA:58,1
DA:61,1
DA:63,0
DA:64,1
DA:66,0
DA:67,0
DA:69,1
DA:73,1
DA:74,1
DA:75,1
DA:76,1
DA:79,1
DA:80,1
DA:81,1
DA:83,1
DA:84,0
DA:87,1
DA:88,1
DA:91,1
DA:92,1
DA:93,1
DA:94,2
DA:96,1
DA:97,1
DA:99,1
DA:100,0
DA:103,1
DA:104,1
DA:107,1
DA:108,1
DA:109,1
DA:110,1
DA:116,1
DA:117,1
DA:118,1
DA:121,1
DA:122,1
DA:123,1
DA:124,1
DA:127,1
DA:128,1
DA:129,1
DA:145,1
DA:146,1
DA:147,1
LF:60
LH:44
BRDA:21,0,0,1
BRDA:21,0,1,1
BRDA:32,1,0,0
BRDA:32,1,1,0
BRDA:33,2,0,0
BRDA:33,2,1,0
BRDA:34,3,0,0
BRDA:34,3,1,0
BRDA:46,4,0,0
BRDA:46,4,1,0
BRDA:46,5,0,0
BRDA:46,5,1,0
BRDA:47,6,0,0
BRDA:47,6,1,0
BRDA:52,7,0,0
BRDA:52,7,1,0
BRDA:52,7,2,0
BRDA:61,8,0,0
BRDA:61,8,1,1
BRDA:64,9,0,0
BRDA:64,9,1,1
BRDA:79,10,0,1
BRDA:91,11,0,1
BRDA:107,12,0,0
BRDA:109,13,0,1
BRDA:109,13,1,0
BRDA:116,14,0,0
BRDA:121,15,0,0
BRF:28
BRH:7
end_of_record
TN:
SF:src\services\apiEnhanced.ts
FN:66,(anonymous_0)
FN:75,(anonymous_1)
FN:91,(anonymous_2)
FN:104,(anonymous_3)
FN:118,(anonymous_4)
FN:147,(anonymous_5)
FN:158,(anonymous_6)
FN:173,(anonymous_7)
FN:212,(anonymous_8)
FN:267,(anonymous_9)
FN:284,(anonymous_10)
FN:291,(anonymous_11)
FN:292,(anonymous_12)
FN:302,(anonymous_13)
FN:329,(anonymous_14)
FN:347,(anonymous_15)
FN:348,(anonymous_16)
FN:349,(anonymous_17)
FN:350,(anonymous_18)
FN:351,(anonymous_19)
FN:355,(anonymous_20)
FN:356,(anonymous_21)
FN:357,(anonymous_22)
FN:361,(anonymous_23)
FN:362,(anonymous_24)
FN:363,(anonymous_25)
FN:364,(anonymous_26)
FN:368,(anonymous_27)
FN:369,(anonymous_28)
FN:370,(anonymous_29)
FN:374,(anonymous_30)
FN:375,(anonymous_31)
FN:376,(anonymous_32)
FN:377,(anonymous_33)
FNF:34
FNH:0
FNDA:0,(anonymous_0)
FNDA:0,(anonymous_1)
FNDA:0,(anonymous_2)
FNDA:0,(anonymous_3)
FNDA:0,(anonymous_4)
FNDA:0,(anonymous_5)
FNDA:0,(anonymous_6)
FNDA:0,(anonymous_7)
FNDA:0,(anonymous_8)
FNDA:0,(anonymous_9)
FNDA:0,(anonymous_10)
FNDA:0,(anonymous_11)
FNDA:0,(anonymous_12)
FNDA:0,(anonymous_13)
FNDA:0,(anonymous_14)
FNDA:0,(anonymous_15)
FNDA:0,(anonymous_16)
FNDA:0,(anonymous_17)
FNDA:0,(anonymous_18)
FNDA:0,(anonymous_19)
FNDA:0,(anonymous_20)
FNDA:0,(anonymous_21)
FNDA:0,(anonymous_22)
FNDA:0,(anonymous_23)
FNDA:0,(anonymous_24)
FNDA:0,(anonymous_25)
FNDA:0,(anonymous_26)
FNDA:0,(anonymous_27)
FNDA:0,(anonymous_28)
FNDA:0,(anonymous_29)
FNDA:0,(anonymous_30)
FNDA:0,(anonymous_31)
FNDA:0,(anonymous_32)
FNDA:0,(anonymous_33)
DA:31,0
DA:47,0
DA:67,0
DA:68,0
DA:69,0
DA:70,0
DA:71,0
DA:72,0
DA:76,0
DA:88,0
DA:92,0
DA:104,0
DA:105,0
DA:117,0
DA:120,0
DA:125,0
DA:126,0
DA:127,0
DA:128,0
DA:133,0
DA:134,0
DA:138,0
DA:139,0
DA:145,0
DA:148,0
DA:157,0
DA:160,0
DA:161,0
DA:163,0
DA:164,0
DA:167,0
DA:168,0
DA:171,0
DA:174,0
DA:179,0
DA:181,0
DA:186,0
DA:188,0
DA:194,0
DA:195,0
DA:196,0
DA:199,0
DA:200,0
DA:205,0
DA:207,0
DA:208,0
DA:209,0
DA:210,0
DA:212,0
DA:213,0
DA:216,0
DA:221,0
DA:222,0
DA:227,0
DA:228,0
DA:233,0
DA:235,0
DA:240,0
DA:242,0
DA:248,0
DA:256,0
DA:258,0
DA:262,0
DA:267,0
DA:268,0
DA:269,0
DA:271,0
DA:272,0
DA:274,0
DA:275,0
DA:276,0
DA:277,0
DA:279,0
DA:281,0
DA:284,0
DA:285,0
DA:286,0
DA:287,0
DA:288,0
DA:291,0
DA:292,0
DA:293,0
DA:294,0
DA:296,0
DA:297,0
DA:302,0
DA:303,0
DA:306,0
DA:307,0
DA:311,0
DA:312,0
DA:316,0
DA:317,0
DA:318,0
DA:322,0
DA:323,0
DA:330,0
DA:331,0
DA:332,0
DA:334,0
DA:347,0
DA:348,0
DA:349,0
DA:350,0
DA:351,0
DA:355,0
DA:356,0
DA:357,0
DA:361,0
DA:362,0
DA:363,0
DA:364,0
DA:368,0
DA:369,0
DA:370,0
DA:374,0
DA:375,0
DA:376,0
DA:377,0
LF:119
LH:0
BRDA:66,0,0,0
BRDA:88,1,0,0
BRDA:88,1,1,0
BRDA:104,2,0,0
BRDA:106,3,0,0
BRDA:106,3,1,0
BRDA:106,3,2,0
BRDA:107,4,0,0
BRDA:107,4,1,0
BRDA:125,5,0,0
BRDA:125,5,1,0
BRDA:126,6,0,0
BRDA:126,6,1,0
BRDA:127,7,0,0
BRDA:127,7,1,0
BRDA:133,8,0,0
BRDA:133,8,1,0
BRDA:138,9,0,0
BRDA:138,9,1,0
BRDA:139,10,0,0
BRDA:139,10,1,0
BRDA:160,11,0,0
BRDA:160,11,1,0
BRDA:163,12,0,0
BRDA:163,12,1,0
BRDA:167,13,0,0
BRDA:167,13,1,0
BRDA:168,14,0,0
BRDA:168,14,1,0
BRDA:179,15,0,0
BRDA:179,15,1,0
BRDA:186,16,0,0
BRDA:186,16,1,0
BRDA:194,17,0,0
BRDA:194,17,1,0
BRDA:199,18,0,0
BRDA:199,18,1,0
BRDA:205,19,0,0
BRDA:205,19,1,0
BRDA:205,20,0,0
BRDA:205,20,1,0
BRDA:207,21,0,0
BRDA:207,21,1,0
BRDA:208,22,0,0
BRDA:208,22,1,0
BRDA:209,23,0,0
BRDA:209,23,1,0
BRDA:210,24,0,0
BRDA:210,24,1,0
BRDA:221,25,0,0
BRDA:221,25,1,0
BRDA:227,26,0,0
BRDA:227,26,1,0
BRDA:233,27,0,0
BRDA:233,27,1,0
BRDA:240,28,0,0
BRDA:240,28,1,0
BRDA:245,29,0,0
BRDA:245,29,1,0
BRDA:250,30,0,0
BRDA:250,30,1,0
BRDA:268,31,0,0
BRDA:268,31,1,0
BRDA:271,32,0,0
BRDA:271,32,1,0
BRDA:274,33,0,0
BRDA:274,33,1,0
BRDA:274,34,0,0
BRDA:274,34,1,0
BRDA:285,35,0,0
BRDA:285,35,1,0
BRDA:286,36,0,0
BRDA:286,36,1,0
BRDA:287,37,0,0
BRDA:287,37,1,0
BRDA:293,38,0,0
BRDA:293,38,1,0
BRDA:296,39,0,0
BRDA:296,39,1,0
BRDA:306,40,0,0
BRDA:306,40,1,0
BRDA:311,41,0,0
BRDA:311,41,1,0
BRDA:316,42,0,0
BRDA:316,42,1,0
BRDA:336,43,0,0
BRDA:336,43,1,0
BRF:87
BRH:0
end_of_record
TN:
SF:src\types\Alert.ts
FNF:0
FNH:0
LF:0
LH:0
BRF:0
BRH:0
end_of_record
TN:
SF:src\types\Camera.ts
FNF:0
FNH:0
LF:0
LH:0
BRF:0
BRH:0
end_of_record
TN:
SF:src\types\Consent.ts
FNF:0
FNH:0
LF:0
LH:0
BRF:0
BRH:0
end_of_record
TN:
SF:src\types\Log.ts
FNF:0
FNH:0
LF:0
LH:0
BRF:0
BRH:0
end_of_record
TN:
SF:src\types\Metrics.ts
FNF:0
FNH:0
LF:0
LH:0
BRF:0
BRH:0
end_of_record
TN:
SF:src\types\Person.ts
FNF:0
FNH:0
LF:0
LH:0
BRF:0
BRH:0
end_of_record
TN:
SF:src\types\Plan.ts
FNF:0
FNH:0
LF:0
LH:0
BRF:0
BRH:0
end_of_record
TN:
SF:src\types\Plugin.ts
FNF:0
FNH:0
LF:0
LH:0
BRF:0
BRH:0
end_of_record
TN:
SF:src\types\RecognitionResult.ts
FNF:0
FNH:0
LF:0
LH:0
BRF:0
BRH:0
end_of_record
TN:
SF:src\types\Snackbar.ts
FNF:0
FNH:0
LF:0
LH:0
BRF:0
BRH:0
end_of_record
TN:
SF:src\types\Webhook.ts
FNF:0
FNH:0
LF:0
LH:0
BRF:0
BRH:0
end_of_record
TN:
SF:src\types\index.ts
FNF:0
FNH:0
LF:0
LH:0
BRF:0
BRH:0
end_of_record
